{"logTime": "0104/204959", "correlationVector":"9uAdacZ/yFUvFIiDf1hm17","action":"Normal GetUpdate request", "result":"", "context":cV=9uAdacZ/yFUvFIiDf1hm17
Nudged types: Sessions, History
Refresh requested types: Bookmarks, Preferences, Passwords, Autofill Profiles, Autofill, Extensions, Sessions, Extension settings, History Delete Directives, Device Info, User Consents, Send Tab To Self, Web Apps, History, Saved Tab Group, WebAuthn Credentials, Collection, Edge E Drop, Edge Hub App Usage, Edge Wallet, Encryption Keys}
{"logTime": "0104/204959", "correlationVector":"9uAdacZ/yFUvFIiDf1hm17.1","action":"SyncServerConnectionManagerRequest", "result":"SYNC_SERVER_OK", "context":{"environment":"Prod_northcentralus_prod-s01-050-nam-northcentralus", "migrationStage":"NotStarted", "server":"akswtt00000000y"}}
{"logTime": "0104/204959", "correlationVector":"9uAdacZ/yFUvFIiDf1hm17.2","action":"ProcessGetUpdates", "result":"Done", "context":{"dataType":"Preferences", "deleted":"0", "process_failed_to_decrypt":"0", "process_pending_decryption":"0", "process_success":"1", "total":"1"}}
{"logTime": "0104/204959", "correlationVector":"9uAdacZ/yFUvFIiDf1hm17.3","action":"ProcessGetUpdates", "result":"Done", "context":{"dataType":"Sessions", "deleted":"0", "process_failed_to_decrypt":"0", "process_pending_decryption":"0", "process_success":"4", "total":"4"}}
{"logTime": "0104/204959", "correlationVector":"9uAdacZ/yFUvFIiDf1hm17.4","action":"ProcessGetUpdates", "result":"Done", "context":{"dataType":"Device Info", "deleted":"0", "process_failed_to_decrypt":"0", "process_pending_decryption":"0", "process_success":"1", "total":"1"}}
{"logTime": "0104/204959", "correlationVector":"9uAdacZ/yFUvFIiDf1hm17.5","action":"ProcessGetUpdates", "result":"Done", "context":{"dataType":"History", "deleted":"0", "process_failed_to_decrypt":"0", "process_pending_decryption":"0", "process_success":"3", "total":"3"}}
{"logTime": "0104/204959", "correlationVector":"9uAdacZ/yFUvFIiDf1hm17.6","action":"ProcessGetUpdates", "result":"Done", "context":{"dataType":"Edge Hub App Usage", "deleted":"0", "process_failed_to_decrypt":"0", "process_pending_decryption":"0", "process_success":"1", "total":"1"}}
{"logTime": "0104/204959", "correlationVector":"9uAdacZ/yFUvFIiDf1hm17.7","action":"GetUpdates Response", "result":"Success", "context":Received 10 update(s). cV=9uAdacZ/yFUvFIiDf1hm17.0;server=akswtt00000000y;cloudType=Consumer;environment=Prod_northcentralus_prod-s01-050-nam-northcentralus;migrationStage=NotStarted}
{"logTime": "0104/205004", "correlationVector":"IZ+3UFxDKbD6P8+8xIyIsT","action":"Commit Request", "result":"", "context":Item count: 33
Contributing types: Preferences, Passwords, Sessions, History}
{"logTime": "0104/205005", "correlationVector":"IZ+3UFxDKbD6P8+8xIyIsT.1","action":"SyncServerConnectionManagerRequest", "result":"SYNC_SERVER_OK", "context":{"environment":"Prod_northcentralus_prod-s01-050-nam-northcentralus", "migrationStage":"NotStarted", "server":"akswtt00000000y"}}
{"logTime": "0104/205005", "correlationVector":"IZ+3UFxDKbD6P8+8xIyIsT.2","action":"Commit Response", "result":"Success", "context":Result: Success. cV=IZ+3UFxDKbD6P8+8xIyIsT.0;server=akswtt00000000y;cloudType=Consumer;environment=Prod_northcentralus_prod-s01-050-nam-northcentralus;migrationStage=NotStarted}
{"logTime": "0104/214117", "correlationVector":"58VvXPOyGU3kqWONczvoK2.1","action":"SyncServerConnectionManagerRequest", "result":"SYNC_SERVER_OK", "context":{"environment":"Prod_northcentralus_prod-s01-050-nam-northcentralus", "migrationStage":"NotStarted", "server":"akswtt00000000b"}}
{"logTime": "0104/214117", "correlationVector":"58VvXPOyGU3kqWONczvoK2.2","action":"ProcessGetUpdates", "result":"Done", "context":{"dataType":"Encryption Keys", "deleted":"0", "process_failed_to_decrypt":"0", "process_pending_decryption":"0", "process_success":"1", "total":"1"}}
{"logTime": "0104/214117", "correlationVector":"zd0C6ebGtuaklMR0oqRlcY","action":"SyncServerConnectionManagerRequest", "result":"SYNC_SERVER_OK", "context":{"environment":"", "migrationStage":"", "server":""}}
{"logTime": "0104/214117", "correlationVector":"zd0C6ebGtuaklMR0oqRlcY.0","action":"EncryptionKeysFetcher.DownloadKeys:", "result":"Success", "context":Key count: 9, Last key timestamp: 2025-10-20T23:20:54Z}
{"logTime": "0104/214117", "correlationVector":"zd0C6ebGtuaklMR0oqRlcY.1","action":"EncryptionKeysManager::SetEncryptionKeys:", "result":"Success", "context":Key names[9]:[l0+Hrm9w1FHBjTW8XrC5CQ0zD92vTc4XjnO9pYRU/06BSfFk5mx0urei2TFhXaEtwWeOCxt97eMM3UANhAs4Ig==][Hp8fnAgdNWHEjWiguDAajPUz92CfrsSUxJeTMZVZXIQ6qSOEXbhy6XRXBSm0XmY7ErAkDcUMgmjlle4SHH0DWw==][zd2tSEJxm/wP768H+2dXbqBn3xB/7uaftYtnB1tFuPy3sSXYiGJ0KSMaL3AAE4uEprGpqDfQNeRjto1avdVbUQ==][Mb8J6GdnYmBqzryT03rG29cMshmakH3gyIezT3Q7NyDHY7sgLL+tWbLvgogyUV4kXtis/0c/zFG5RNhhyIktmw==][B4Ob0BJV0L06U5e0MNWI5k6aY6CjcPsnPDIW3ssn/Z+pb4S6F9MxgWN783aMHjVeeLvaxOYxg2OUnql8YVHc5w==][lOR92xRdANrdpriD0nL8DIZSyIqjCnQk+FApRzG4kMDWBy3UFPrM3nr6rFaGkPnwJwDPpHF8HD/ZKLnJpVr81w==][Edaoz2owCkuOC100GjMLonbgX25j4iCa82r2HmDnM24lhf6jjbDH4FmFdeKz1hHforAhDAoCytJ0KuxDwpgMHw==][jWcKZGohe/8rvYfQz3i+18y36wSAqSBI2RK53PsfUoJoYEp3SOM2YVgy2hA5QJMuYTNMoUC9rcUit8DlvXZ5aQ==][ypki/ayKStdgNruPludY/LeWu7hgLWD+8EWy1gsRSceKQnU5uLPTA5Wc9yIhD5D5GumNoPr4fir/iNeU1HQRpg==]}
{"logTime": "0104/214117", "correlationVector":"zd0C6ebGtuaklMR0oqRlcY.2","action":"EncryptionKeysManager::SetEncryptionKeysWithTimestamps:", "result":"Success", "context":Key timestamps[9]:[2021-07-31T02:27:33Z][2022-01-30T03:13:47Z][2022-07-31T01:14:09Z][2023-02-22T18:40:11Z][2023-08-23T03:51:59Z][2024-04-07T22:19:19Z][2024-10-06T21:50:22Z][2025-04-23T23:04:25Z][2025-10-20T23:20:54Z]}
{"logTime": "0104/214117", "correlationVector":"58VvXPOyGU3kqWONczvoK2","action":"Initial GetUpdates", "result":"", "context":Reason: NEW_CLIENT. cV=58VvXPOyGU3kqWONczvoK2}
{"logTime": "0104/214117", "correlationVector":"58VvXPOyGU3kqWONczvoK2.3","action":"GetUpdates Response", "result":"Success", "context":Received 1 update(s). cV=58VvXPOyGU3kqWONczvoK2.0;server=akswtt00000000b;cloudType=Consumer;environment=Prod_northcentralus_prod-s01-050-nam-northcentralus;migrationStage=NotStarted}
{"logTime": "0104/214117", "correlationVector":"XnQfPbNaBe8OQGv/KbXHhU","action":"Initial GetUpdates", "result":"", "context":Reason: NEWLY_SUPPORTED_DATATYPE. cV=XnQfPbNaBe8OQGv/KbXHhU}
{"logTime": "0104/214117", "correlationVector":"XnQfPbNaBe8OQGv/KbXHhU.1","action":"SyncServerConnectionManagerRequest", "result":"SYNC_SERVER_OK", "context":{"environment":"Prod_northcentralus_prod-s01-050-nam-northcentralus", "migrationStage":"NotStarted", "server":"akswtt00000000b"}}
{"logTime": "0104/214117", "correlationVector":"XnQfPbNaBe8OQGv/KbXHhU.2","action":"ProcessGetUpdates", "result":"Done", "context":{"dataType":"Passwords", "deleted":"0", "process_failed_to_decrypt":"0", "process_pending_decryption":"0", "process_success":"32", "total":"32"}}
{"logTime": "0104/214117", "correlationVector":"XnQfPbNaBe8OQGv/KbXHhU.3","action":"GetUpdates Response", "result":"Success", "context":Received 32 update(s). cV=XnQfPbNaBe8OQGv/KbXHhU.0;server=akswtt00000000b;cloudType=Consumer;environment=Prod_northcentralus_prod-s01-050-nam-northcentralus;migrationStage=NotStarted}
{"logTime": "0104/214117", "correlationVector":"TbqkrkDSyT6m+WL4wSu+0G","action":"Normal GetUpdate request", "result":"", "context":cV=TbqkrkDSyT6m+WL4wSu+0G
Nudged types: Sessions, History
Refresh requested types: Bookmarks, Preferences, Passwords, Autofill Profiles, Autofill, Extensions, Sessions, Extension settings, History Delete Directives, Device Info, User Consents, Send Tab To Self, Web Apps, History, Saved Tab Group, WebAuthn Credentials, Collection, Edge E Drop, Edge Hub App Usage, Edge Wallet, Encryption Keys}
{"logTime": "0104/214118", "correlationVector":"TbqkrkDSyT6m+WL4wSu+0G.1","action":"SyncServerConnectionManagerRequest", "result":"SYNC_SERVER_OK", "context":{"environment":"Prod_northcentralus_prod-s01-050-nam-northcentralus", "migrationStage":"NotStarted", "server":"akswtt000000009"}}
{"logTime": "0104/214118", "correlationVector":"TbqkrkDSyT6m+WL4wSu+0G.2","action":"ProcessGetUpdates", "result":"Done", "context":{"dataType":"Preferences", "deleted":"0", "process_failed_to_decrypt":"0", "process_pending_decryption":"0", "process_success":"1", "total":"1"}}
{"logTime": "0104/214118", "correlationVector":"TbqkrkDSyT6m+WL4wSu+0G.3","action":"ProcessGetUpdates", "result":"Done", "context":{"dataType":"Sessions", "deleted":"2", "process_failed_to_decrypt":"0", "process_pending_decryption":"0", "process_success":"6", "total":"6"}}
{"logTime": "0104/214118", "correlationVector":"TbqkrkDSyT6m+WL4wSu+0G.4","action":"ProcessGetUpdates", "result":"Done", "context":{"dataType":"History", "deleted":"0", "process_failed_to_decrypt":"0", "process_pending_decryption":"0", "process_success":"11", "total":"11"}}
{"logTime": "0104/214118", "correlationVector":"TbqkrkDSyT6m+WL4wSu+0G.5","action":"GetUpdates Response", "result":"Success", "context":Received 18 update(s). cV=TbqkrkDSyT6m+WL4wSu+0G.0;server=akswtt000000009;cloudType=Consumer;environment=Prod_northcentralus_prod-s01-050-nam-northcentralus;migrationStage=NotStarted}
{"logTime": "0104/214123", "correlationVector":"Ed/cQgkkoVeky2Ztq28nfM","action":"Commit Request", "result":"", "context":Item count: 33
Contributing types: Preferences, Passwords, Sessions, History}
{"logTime": "0104/214124", "correlationVector":"Ed/cQgkkoVeky2Ztq28nfM.1","action":"SyncServerConnectionManagerRequest", "result":"SYNC_SERVER_OK", "context":{"environment":"Prod_northcentralus_prod-s01-050-nam-northcentralus", "migrationStage":"NotStarted", "server":"akswtt000000009"}}
{"logTime": "0104/214124", "correlationVector":"Ed/cQgkkoVeky2Ztq28nfM.2","action":"Commit Response", "result":"Success", "context":Result: Success. cV=Ed/cQgkkoVeky2Ztq28nfM.0;server=akswtt000000009;cloudType=Consumer;environment=Prod_northcentralus_prod-s01-050-nam-northcentralus;migrationStage=NotStarted}
{"logTime": "0104/214130", "correlationVector":"BGjqm+lx1marqectb0Pwwd","action":"Commit Request", "result":"", "context":Item count: 3
Contributing types: Sessions, History, Edge Hub App Usage}
{"logTime": "0104/214130", "correlationVector":"BGjqm+lx1marqectb0Pwwd.1","action":"SyncServerConnectionManagerRequest", "result":"SYNC_SERVER_OK", "context":{"environment":"Prod_northcentralus_prod-s01-050-nam-northcentralus", "migrationStage":"NotStarted", "server":"akswtt000000009"}}
{"logTime": "0104/214130", "correlationVector":"BGjqm+lx1marqectb0Pwwd.2","action":"Commit Response", "result":"Success", "context":Result: Success. cV=BGjqm+lx1marqectb0Pwwd.0;server=akswtt000000009;cloudType=Consumer;environment=Prod_northcentralus_prod-s01-050-nam-northcentralus;migrationStage=NotStarted}
{"logTime": "0104/214130", "correlationVector":"BGjqm+lx1marqectb0Pwwd.3","action":"Commit.Edge Hub App Usage", "result":"Success", "context":{"id":"81595b47-1498-4ef9-825d-bcd475f9aab8", "isDeleted":"true", "size":"0", "version":"1759785203549"}}
{"logTime": "0104/214534", "correlationVector":"RJwkpO82a3J3QGGhYqviaw.1","action":"SyncServerConnectionManagerRequest", "result":"SYNC_SERVER_OK", "context":{"environment":"Prod_northcentralus_prod-s01-050-nam-northcentralus", "migrationStage":"NotStarted", "server":"akswtt00000000b"}}
{"logTime": "0104/214534", "correlationVector":"RJwkpO82a3J3QGGhYqviaw.2","action":"ProcessGetUpdates", "result":"Done", "context":{"dataType":"Encryption Keys", "deleted":"0", "process_failed_to_decrypt":"0", "process_pending_decryption":"0", "process_success":"1", "total":"1"}}
{"logTime": "0104/214535", "correlationVector":"joRV/le6Uxyf4dficxZHgG","action":"SyncServerConnectionManagerRequest", "result":"SYNC_SERVER_OK", "context":{"environment":"", "migrationStage":"", "server":""}}
{"logTime": "0104/214535", "correlationVector":"joRV/le6Uxyf4dficxZHgG.0","action":"EncryptionKeysFetcher.DownloadKeys:", "result":"Success", "context":Key count: 9, Last key timestamp: 2025-10-20T23:20:54Z}
{"logTime": "0104/214535", "correlationVector":"joRV/le6Uxyf4dficxZHgG.1","action":"EncryptionKeysManager::SetEncryptionKeys:", "result":"Success", "context":Key names[9]:[l0+Hrm9w1FHBjTW8XrC5CQ0zD92vTc4XjnO9pYRU/06BSfFk5mx0urei2TFhXaEtwWeOCxt97eMM3UANhAs4Ig==][Hp8fnAgdNWHEjWiguDAajPUz92CfrsSUxJeTMZVZXIQ6qSOEXbhy6XRXBSm0XmY7ErAkDcUMgmjlle4SHH0DWw==][zd2tSEJxm/wP768H+2dXbqBn3xB/7uaftYtnB1tFuPy3sSXYiGJ0KSMaL3AAE4uEprGpqDfQNeRjto1avdVbUQ==][Mb8J6GdnYmBqzryT03rG29cMshmakH3gyIezT3Q7NyDHY7sgLL+tWbLvgogyUV4kXtis/0c/zFG5RNhhyIktmw==][B4Ob0BJV0L06U5e0MNWI5k6aY6CjcPsnPDIW3ssn/Z+pb4S6F9MxgWN783aMHjVeeLvaxOYxg2OUnql8YVHc5w==][lOR92xRdANrdpriD0nL8DIZSyIqjCnQk+FApRzG4kMDWBy3UFPrM3nr6rFaGkPnwJwDPpHF8HD/ZKLnJpVr81w==][Edaoz2owCkuOC100GjMLonbgX25j4iCa82r2HmDnM24lhf6jjbDH4FmFdeKz1hHforAhDAoCytJ0KuxDwpgMHw==][jWcKZGohe/8rvYfQz3i+18y36wSAqSBI2RK53PsfUoJoYEp3SOM2YVgy2hA5QJMuYTNMoUC9rcUit8DlvXZ5aQ==][ypki/ayKStdgNruPludY/LeWu7hgLWD+8EWy1gsRSceKQnU5uLPTA5Wc9yIhD5D5GumNoPr4fir/iNeU1HQRpg==]}
{"logTime": "0104/214535", "correlationVector":"joRV/le6Uxyf4dficxZHgG.2","action":"EncryptionKeysManager::SetEncryptionKeysWithTimestamps:", "result":"Success", "context":Key timestamps[9]:[2021-07-31T02:27:33Z][2022-01-30T03:13:47Z][2022-07-31T01:14:09Z][2023-02-22T18:40:11Z][2023-08-23T03:51:59Z][2024-04-07T22:19:19Z][2024-10-06T21:50:22Z][2025-04-23T23:04:25Z][2025-10-20T23:20:54Z]}
{"logTime": "0104/214535", "correlationVector":"RJwkpO82a3J3QGGhYqviaw","action":"Initial GetUpdates", "result":"", "context":Reason: NEW_CLIENT. cV=RJwkpO82a3J3QGGhYqviaw}
{"logTime": "0104/214535", "correlationVector":"RJwkpO82a3J3QGGhYqviaw.3","action":"GetUpdates Response", "result":"Success", "context":Received 1 update(s). cV=RJwkpO82a3J3QGGhYqviaw.0;server=akswtt00000000b;cloudType=Consumer;environment=Prod_northcentralus_prod-s01-050-nam-northcentralus;migrationStage=NotStarted}
{"logTime": "0104/214535", "correlationVector":"TojgNktdD4E2xu2wEKCjS4","action":"Initial GetUpdates", "result":"", "context":Reason: NEWLY_SUPPORTED_DATATYPE. cV=TojgNktdD4E2xu2wEKCjS4}
{"logTime": "0104/214535", "correlationVector":"TojgNktdD4E2xu2wEKCjS4.1","action":"SyncServerConnectionManagerRequest", "result":"SYNC_SERVER_OK", "context":{"environment":"Prod_northcentralus_prod-s01-050-nam-northcentralus", "migrationStage":"NotStarted", "server":"akswtt000000009"}}
{"logTime": "0104/214535", "correlationVector":"TojgNktdD4E2xu2wEKCjS4.2","action":"ProcessGetUpdates", "result":"Done", "context":{"dataType":"Passwords", "deleted":"0", "process_failed_to_decrypt":"0", "process_pending_decryption":"0", "process_success":"32", "total":"32"}}
{"logTime": "0104/214535", "correlationVector":"TojgNktdD4E2xu2wEKCjS4.3","action":"GetUpdates Response", "result":"Success", "context":Received 32 update(s). cV=TojgNktdD4E2xu2wEKCjS4.0;server=akswtt000000009;cloudType=Consumer;environment=Prod_northcentralus_prod-s01-050-nam-northcentralus;migrationStage=NotStarted}
{"logTime": "0104/214535", "correlationVector":"ljLdhOUfQZ6TvemXGHOuZD","action":"Normal GetUpdate request", "result":"", "context":cV=ljLdhOUfQZ6TvemXGHOuZD
Nudged types: Sessions, History
Refresh requested types: Bookmarks, Preferences, Passwords, Autofill Profiles, Autofill, Extensions, Sessions, Extension settings, History Delete Directives, Device Info, User Consents, Send Tab To Self, Web Apps, History, Saved Tab Group, WebAuthn Credentials, Collection, Edge E Drop, Edge Hub App Usage, Edge Wallet, Encryption Keys}
{"logTime": "0104/214535", "correlationVector":"ljLdhOUfQZ6TvemXGHOuZD.1","action":"SyncServerConnectionManagerRequest", "result":"SYNC_SERVER_OK", "context":{"environment":"Prod_northcentralus_prod-s01-050-nam-northcentralus", "migrationStage":"NotStarted", "server":"akswtt00000000x"}}
{"logTime": "0104/214535", "correlationVector":"ljLdhOUfQZ6TvemXGHOuZD.2","action":"ProcessGetUpdates", "result":"Done", "context":{"dataType":"Preferences", "deleted":"0", "process_failed_to_decrypt":"0", "process_pending_decryption":"0", "process_success":"1", "total":"1"}}
{"logTime": "0104/214535", "correlationVector":"ljLdhOUfQZ6TvemXGHOuZD.3","action":"ProcessGetUpdates", "result":"Done", "context":{"dataType":"Sessions", "deleted":"0", "process_failed_to_decrypt":"0", "process_pending_decryption":"0", "process_success":"2", "total":"2"}}
{"logTime": "0104/214535", "correlationVector":"ljLdhOUfQZ6TvemXGHOuZD.4","action":"ProcessGetUpdates", "result":"Done", "context":{"dataType":"History", "deleted":"0", "process_failed_to_decrypt":"0", "process_pending_decryption":"0", "process_success":"1", "total":"1"}}
{"logTime": "0104/214535", "correlationVector":"ljLdhOUfQZ6TvemXGHOuZD.5","action":"ProcessGetUpdates", "result":"Done", "context":{"dataType":"Edge Hub App Usage", "deleted":"1", "process_failed_to_decrypt":"0", "process_pending_decryption":"0", "process_success":"1", "total":"1"}}
{"logTime": "0104/214535", "correlationVector":"ljLdhOUfQZ6TvemXGHOuZD.6","action":"GetUpdates Response", "result":"Success", "context":Received 5 update(s). cV=ljLdhOUfQZ6TvemXGHOuZD.0;server=akswtt00000000x;cloudType=Consumer;environment=Prod_northcentralus_prod-s01-050-nam-northcentralus;migrationStage=NotStarted}
{"logTime": "0104/214535", "correlationVector":"NQ+1/O93vkiAZ7iBXTkkad","action":"Commit Request", "result":"", "context":Item count: 5
Contributing types: Sessions, History}
{"logTime": "0104/214536", "correlationVector":"NQ+1/O93vkiAZ7iBXTkkad.1","action":"SyncServerConnectionManagerRequest", "result":"SYNC_SERVER_OK", "context":{"environment":"Prod_northcentralus_prod-s01-050-nam-northcentralus", "migrationStage":"NotStarted", "server":"akswtt000000009"}}
{"logTime": "0104/214536", "correlationVector":"NQ+1/O93vkiAZ7iBXTkkad.2","action":"Commit Response", "result":"Success", "context":Result: Success. cV=NQ+1/O93vkiAZ7iBXTkkad.0;server=akswtt000000009;cloudType=Consumer;environment=Prod_northcentralus_prod-s01-050-nam-northcentralus;migrationStage=NotStarted}
{"logTime": "0104/214948", "correlationVector":"7mUlIME1Iy1aVg6lBbj0SM.1","action":"SyncServerConnectionManagerRequest", "result":"SYNC_SERVER_OK", "context":{"environment":"Prod_northcentralus_prod-s01-050-nam-northcentralus", "migrationStage":"NotStarted", "server":"akswtt00000000x"}}
{"logTime": "0104/214948", "correlationVector":"7mUlIME1Iy1aVg6lBbj0SM.2","action":"ProcessGetUpdates", "result":"Done", "context":{"dataType":"Encryption Keys", "deleted":"0", "process_failed_to_decrypt":"0", "process_pending_decryption":"0", "process_success":"1", "total":"1"}}
{"logTime": "0104/214949", "correlationVector":"oYIoJAB7jUeNEaz561KFwW","action":"SyncServerConnectionManagerRequest", "result":"SYNC_SERVER_OK", "context":{"environment":"", "migrationStage":"", "server":""}}
{"logTime": "0104/214949", "correlationVector":"oYIoJAB7jUeNEaz561KFwW.0","action":"EncryptionKeysFetcher.DownloadKeys:", "result":"Success", "context":Key count: 9, Last key timestamp: 2025-10-20T23:20:54Z}
{"logTime": "0104/214949", "correlationVector":"oYIoJAB7jUeNEaz561KFwW.1","action":"EncryptionKeysManager::SetEncryptionKeys:", "result":"Success", "context":Key names[9]:[l0+Hrm9w1FHBjTW8XrC5CQ0zD92vTc4XjnO9pYRU/06BSfFk5mx0urei2TFhXaEtwWeOCxt97eMM3UANhAs4Ig==][Hp8fnAgdNWHEjWiguDAajPUz92CfrsSUxJeTMZVZXIQ6qSOEXbhy6XRXBSm0XmY7ErAkDcUMgmjlle4SHH0DWw==][zd2tSEJxm/wP768H+2dXbqBn3xB/7uaftYtnB1tFuPy3sSXYiGJ0KSMaL3AAE4uEprGpqDfQNeRjto1avdVbUQ==][Mb8J6GdnYmBqzryT03rG29cMshmakH3gyIezT3Q7NyDHY7sgLL+tWbLvgogyUV4kXtis/0c/zFG5RNhhyIktmw==][B4Ob0BJV0L06U5e0MNWI5k6aY6CjcPsnPDIW3ssn/Z+pb4S6F9MxgWN783aMHjVeeLvaxOYxg2OUnql8YVHc5w==][lOR92xRdANrdpriD0nL8DIZSyIqjCnQk+FApRzG4kMDWBy3UFPrM3nr6rFaGkPnwJwDPpHF8HD/ZKLnJpVr81w==][Edaoz2owCkuOC100GjMLonbgX25j4iCa82r2HmDnM24lhf6jjbDH4FmFdeKz1hHforAhDAoCytJ0KuxDwpgMHw==][jWcKZGohe/8rvYfQz3i+18y36wSAqSBI2RK53PsfUoJoYEp3SOM2YVgy2hA5QJMuYTNMoUC9rcUit8DlvXZ5aQ==][ypki/ayKStdgNruPludY/LeWu7hgLWD+8EWy1gsRSceKQnU5uLPTA5Wc9yIhD5D5GumNoPr4fir/iNeU1HQRpg==]}
{"logTime": "0104/214949", "correlationVector":"oYIoJAB7jUeNEaz561KFwW.2","action":"EncryptionKeysManager::SetEncryptionKeysWithTimestamps:", "result":"Success", "context":Key timestamps[9]:[2021-07-31T02:27:33Z][2022-01-30T03:13:47Z][2022-07-31T01:14:09Z][2023-02-22T18:40:11Z][2023-08-23T03:51:59Z][2024-04-07T22:19:19Z][2024-10-06T21:50:22Z][2025-04-23T23:04:25Z][2025-10-20T23:20:54Z]}
{"logTime": "0104/214949", "correlationVector":"7mUlIME1Iy1aVg6lBbj0SM","action":"Initial GetUpdates", "result":"", "context":Reason: NEW_CLIENT. cV=7mUlIME1Iy1aVg6lBbj0SM}
{"logTime": "0104/214949", "correlationVector":"7mUlIME1Iy1aVg6lBbj0SM.3","action":"GetUpdates Response", "result":"Success", "context":Received 1 update(s). cV=7mUlIME1Iy1aVg6lBbj0SM.0;server=akswtt00000000x;cloudType=Consumer;environment=Prod_northcentralus_prod-s01-050-nam-northcentralus;migrationStage=NotStarted}
{"logTime": "0104/214949", "correlationVector":"rJ2urAVv56m3BCijjcH0Gg","action":"Initial GetUpdates", "result":"", "context":Reason: NEWLY_SUPPORTED_DATATYPE. cV=rJ2urAVv56m3BCijjcH0Gg}
{"logTime": "0104/214949", "correlationVector":"rJ2urAVv56m3BCijjcH0Gg.1","action":"SyncServerConnectionManagerRequest", "result":"SYNC_SERVER_OK", "context":{"environment":"Prod_northcentralus_prod-s01-050-nam-northcentralus", "migrationStage":"NotStarted", "server":"akswtt000000013"}}
{"logTime": "0104/214949", "correlationVector":"rJ2urAVv56m3BCijjcH0Gg.2","action":"ProcessGetUpdates", "result":"Done", "context":{"dataType":"Passwords", "deleted":"0", "process_failed_to_decrypt":"0", "process_pending_decryption":"0", "process_success":"32", "total":"32"}}
{"logTime": "0104/214949", "correlationVector":"rJ2urAVv56m3BCijjcH0Gg.3","action":"GetUpdates Response", "result":"Success", "context":Received 32 update(s). cV=rJ2urAVv56m3BCijjcH0Gg.0;server=akswtt000000013;cloudType=Consumer;environment=Prod_northcentralus_prod-s01-050-nam-northcentralus;migrationStage=NotStarted}
{"logTime": "0104/214949", "correlationVector":"M4CzVemwHVVWVcFmaVOWh6","action":"Normal GetUpdate request", "result":"", "context":cV=M4CzVemwHVVWVcFmaVOWh6
Nudged types: Sessions, History
Refresh requested types: Bookmarks, Preferences, Passwords, Autofill Profiles, Autofill, Extensions, Sessions, Extension settings, History Delete Directives, Device Info, User Consents, Send Tab To Self, Web Apps, History, Saved Tab Group, WebAuthn Credentials, Collection, Edge E Drop, Edge Hub App Usage, Edge Wallet, Encryption Keys}
{"logTime": "0104/214949", "correlationVector":"M4CzVemwHVVWVcFmaVOWh6.1","action":"SyncServerConnectionManagerRequest", "result":"SYNC_SERVER_OK", "context":{"environment":"Prod_northcentralus_prod-s01-050-nam-northcentralus", "migrationStage":"NotStarted", "server":"akswtt000000013"}}
{"logTime": "0104/214949", "correlationVector":"M4CzVemwHVVWVcFmaVOWh6.2","action":"ProcessGetUpdates", "result":"Done", "context":{"dataType":"Sessions", "deleted":"0", "process_failed_to_decrypt":"0", "process_pending_decryption":"0", "process_success":"3", "total":"3"}}
{"logTime": "0104/214949", "correlationVector":"M4CzVemwHVVWVcFmaVOWh6.3","action":"ProcessGetUpdates", "result":"Done", "context":{"dataType":"History", "deleted":"0", "process_failed_to_decrypt":"0", "process_pending_decryption":"0", "process_success":"2", "total":"2"}}
{"logTime": "0104/214949", "correlationVector":"M4CzVemwHVVWVcFmaVOWh6.4","action":"GetUpdates Response", "result":"Success", "context":Received 5 update(s). cV=M4CzVemwHVVWVcFmaVOWh6.0;server=akswtt000000013;cloudType=Consumer;environment=Prod_northcentralus_prod-s01-050-nam-northcentralus;migrationStage=NotStarted}
{"logTime": "0104/214949", "correlationVector":"z7pofGaJjziC9UBMXVuKP7","action":"Commit Request", "result":"", "context":Item count: 4
Contributing types: Sessions, History}
{"logTime": "0104/214949", "correlationVector":"z7pofGaJjziC9UBMXVuKP7.1","action":"SyncServerConnectionManagerRequest", "result":"SYNC_SERVER_OK", "context":{"environment":"Prod_northcentralus_prod-s01-050-nam-northcentralus", "migrationStage":"NotStarted", "server":"akswtt00000000x"}}
{"logTime": "0104/214949", "correlationVector":"z7pofGaJjziC9UBMXVuKP7.2","action":"Commit Response", "result":"Success", "context":Result: Success. cV=z7pofGaJjziC9UBMXVuKP7.0;server=akswtt00000000x;cloudType=Consumer;environment=Prod_northcentralus_prod-s01-050-nam-northcentralus;migrationStage=NotStarted}
{"logTime": "0104/214954", "correlationVector":"zu39WjG3CzA7meulaNyd9D","action":"Commit Request", "result":"", "context":Item count: 33
Contributing types: Preferences, Passwords, Sessions, History}
{"logTime": "0104/214956", "correlationVector":"zu39WjG3CzA7meulaNyd9D.1","action":"SyncServerConnectionManagerRequest", "result":"SYNC_SERVER_OK", "context":{"environment":"Prod_northcentralus_prod-s01-050-nam-northcentralus", "migrationStage":"NotStarted", "server":"akswtt000000013"}}
{"logTime": "0104/214956", "correlationVector":"zu39WjG3CzA7meulaNyd9D.2","action":"Commit Response", "result":"Success", "context":Result: Success. cV=zu39WjG3CzA7meulaNyd9D.0;server=akswtt000000013;cloudType=Consumer;environment=Prod_northcentralus_prod-s01-050-nam-northcentralus;migrationStage=NotStarted}
{"logTime": "0104/214956", "correlationVector":"zu39WjG3CzA7meulaNyd9D.3","action":"Commit.Sessions", "result":"Success", "context":{"id":"597eaef8-7510-4c7f-be12-c3d35b7a3ec1", "isDeleted":"true", "size":"0", "version":"1767563389359"}}
{"logTime": "0104/215056", "correlationVector":"8GzvH5m9ZV8GVhowXoJIlt","action":"Commit Request", "result":"", "context":Item count: 2
Contributing types: Sessions, History}
{"logTime": "0104/215057", "correlationVector":"8GzvH5m9ZV8GVhowXoJIlt.1","action":"SyncServerConnectionManagerRequest", "result":"SYNC_SERVER_OK", "context":{"environment":"Prod_northcentralus_prod-s01-050-nam-northcentralus", "migrationStage":"NotStarted", "server":"akswtt000000001"}}
{"logTime": "0104/215057", "correlationVector":"8GzvH5m9ZV8GVhowXoJIlt.2","action":"Commit Response", "result":"Success", "context":Result: Success. cV=8GzvH5m9ZV8GVhowXoJIlt.0;server=akswtt000000001;cloudType=Consumer;environment=Prod_northcentralus_prod-s01-050-nam-northcentralus;migrationStage=NotStarted}
{"logTime": "0104/221024", "correlationVector":"hNTnJjchvBdYOADfyTkisP.1","action":"SyncServerConnectionManagerRequest", "result":"SYNC_SERVER_OK", "context":{"environment":"Prod_northcentralus_prod-s01-050-nam-northcentralus", "migrationStage":"NotStarted", "server":"akswtt00000000f"}}
{"logTime": "0104/221024", "correlationVector":"hNTnJjchvBdYOADfyTkisP.2","action":"ProcessGetUpdates", "result":"Done", "context":{"dataType":"Encryption Keys", "deleted":"0", "process_failed_to_decrypt":"0", "process_pending_decryption":"0", "process_success":"1", "total":"1"}}
{"logTime": "0104/221024", "correlationVector":"cqbRaQdJlCjDFxYMO53BxC","action":"SyncServerConnectionManagerRequest", "result":"SYNC_SERVER_OK", "context":{"environment":"", "migrationStage":"", "server":""}}
{"logTime": "0104/221024", "correlationVector":"cqbRaQdJlCjDFxYMO53BxC.0","action":"EncryptionKeysFetcher.DownloadKeys:", "result":"Success", "context":Key count: 9, Last key timestamp: 2025-10-20T23:20:54Z}
{"logTime": "0104/221024", "correlationVector":"cqbRaQdJlCjDFxYMO53BxC.1","action":"EncryptionKeysManager::SetEncryptionKeys:", "result":"Success", "context":Key names[9]:[l0+Hrm9w1FHBjTW8XrC5CQ0zD92vTc4XjnO9pYRU/06BSfFk5mx0urei2TFhXaEtwWeOCxt97eMM3UANhAs4Ig==][Hp8fnAgdNWHEjWiguDAajPUz92CfrsSUxJeTMZVZXIQ6qSOEXbhy6XRXBSm0XmY7ErAkDcUMgmjlle4SHH0DWw==][zd2tSEJxm/wP768H+2dXbqBn3xB/7uaftYtnB1tFuPy3sSXYiGJ0KSMaL3AAE4uEprGpqDfQNeRjto1avdVbUQ==][Mb8J6GdnYmBqzryT03rG29cMshmakH3gyIezT3Q7NyDHY7sgLL+tWbLvgogyUV4kXtis/0c/zFG5RNhhyIktmw==][B4Ob0BJV0L06U5e0MNWI5k6aY6CjcPsnPDIW3ssn/Z+pb4S6F9MxgWN783aMHjVeeLvaxOYxg2OUnql8YVHc5w==][lOR92xRdANrdpriD0nL8DIZSyIqjCnQk+FApRzG4kMDWBy3UFPrM3nr6rFaGkPnwJwDPpHF8HD/ZKLnJpVr81w==][Edaoz2owCkuOC100GjMLonbgX25j4iCa82r2HmDnM24lhf6jjbDH4FmFdeKz1hHforAhDAoCytJ0KuxDwpgMHw==][jWcKZGohe/8rvYfQz3i+18y36wSAqSBI2RK53PsfUoJoYEp3SOM2YVgy2hA5QJMuYTNMoUC9rcUit8DlvXZ5aQ==][ypki/ayKStdgNruPludY/LeWu7hgLWD+8EWy1gsRSceKQnU5uLPTA5Wc9yIhD5D5GumNoPr4fir/iNeU1HQRpg==]}
{"logTime": "0104/221024", "correlationVector":"cqbRaQdJlCjDFxYMO53BxC.2","action":"EncryptionKeysManager::SetEncryptionKeysWithTimestamps:", "result":"Success", "context":Key timestamps[9]:[2021-07-31T02:27:33Z][2022-01-30T03:13:47Z][2022-07-31T01:14:09Z][2023-02-22T18:40:11Z][2023-08-23T03:51:59Z][2024-04-07T22:19:19Z][2024-10-06T21:50:22Z][2025-04-23T23:04:25Z][2025-10-20T23:20:54Z]}
{"logTime": "0104/221024", "correlationVector":"hNTnJjchvBdYOADfyTkisP","action":"Initial GetUpdates", "result":"", "context":Reason: NEW_CLIENT. cV=hNTnJjchvBdYOADfyTkisP}
{"logTime": "0104/221024", "correlationVector":"hNTnJjchvBdYOADfyTkisP.3","action":"GetUpdates Response", "result":"Success", "context":Received 1 update(s). cV=hNTnJjchvBdYOADfyTkisP.0;server=akswtt00000000f;cloudType=Consumer;environment=Prod_northcentralus_prod-s01-050-nam-northcentralus;migrationStage=NotStarted}
{"logTime": "0104/221024", "correlationVector":"rkF/g+AOCLrF6nu949kAes","action":"Initial GetUpdates", "result":"", "context":Reason: NEWLY_SUPPORTED_DATATYPE. cV=rkF/g+AOCLrF6nu949kAes}
{"logTime": "0104/221024", "correlationVector":"rkF/g+AOCLrF6nu949kAes.1","action":"SyncServerConnectionManagerRequest", "result":"SYNC_SERVER_OK", "context":{"environment":"Prod_northcentralus_prod-s01-050-nam-northcentralus", "migrationStage":"NotStarted", "server":"akswtt000000004"}}
{"logTime": "0104/221024", "correlationVector":"rkF/g+AOCLrF6nu949kAes.2","action":"ProcessGetUpdates", "result":"Done", "context":{"dataType":"Passwords", "deleted":"0", "process_failed_to_decrypt":"0", "process_pending_decryption":"0", "process_success":"32", "total":"32"}}
{"logTime": "0104/221024", "correlationVector":"rkF/g+AOCLrF6nu949kAes.3","action":"GetUpdates Response", "result":"Success", "context":Received 32 update(s). cV=rkF/g+AOCLrF6nu949kAes.0;server=akswtt000000004;cloudType=Consumer;environment=Prod_northcentralus_prod-s01-050-nam-northcentralus;migrationStage=NotStarted}
{"logTime": "0104/221025", "correlationVector":"lBwdq2NxDtBu6opSHDT0Cb","action":"Normal GetUpdate request", "result":"", "context":cV=lBwdq2NxDtBu6opSHDT0Cb
Nudged types: Sessions, History
Refresh requested types: Bookmarks, Preferences, Passwords, Autofill Profiles, Autofill, Extensions, Sessions, Extension settings, History Delete Directives, Device Info, User Consents, Send Tab To Self, Web Apps, History, Saved Tab Group, WebAuthn Credentials, Collection, Edge E Drop, Edge Hub App Usage, Edge Wallet, Encryption Keys}
{"logTime": "0104/221025", "correlationVector":"lBwdq2NxDtBu6opSHDT0Cb.1","action":"SyncServerConnectionManagerRequest", "result":"SYNC_SERVER_OK", "context":{"environment":"Prod_northcentralus_prod-s01-050-nam-northcentralus", "migrationStage":"NotStarted", "server":"akswtt000000004"}}
{"logTime": "0104/221025", "correlationVector":"lBwdq2NxDtBu6opSHDT0Cb.2","action":"ProcessGetUpdates", "result":"Done", "context":{"dataType":"Preferences", "deleted":"0", "process_failed_to_decrypt":"0", "process_pending_decryption":"0", "process_success":"1", "total":"1"}}
{"logTime": "0104/221025", "correlationVector":"lBwdq2NxDtBu6opSHDT0Cb.3","action":"ProcessGetUpdates", "result":"Done", "context":{"dataType":"Sessions", "deleted":"1", "process_failed_to_decrypt":"0", "process_pending_decryption":"0", "process_success":"4", "total":"4"}}
{"logTime": "0104/221025", "correlationVector":"lBwdq2NxDtBu6opSHDT0Cb.4","action":"ProcessGetUpdates", "result":"Done", "context":{"dataType":"History", "deleted":"0", "process_failed_to_decrypt":"0", "process_pending_decryption":"0", "process_success":"2", "total":"2"}}
{"logTime": "0104/221025", "correlationVector":"lBwdq2NxDtBu6opSHDT0Cb.5","action":"GetUpdates Response", "result":"Success", "context":Received 7 update(s). cV=lBwdq2NxDtBu6opSHDT0Cb.0;server=akswtt000000004;cloudType=Consumer;environment=Prod_northcentralus_prod-s01-050-nam-northcentralus;migrationStage=NotStarted}
{"logTime": "0104/221025", "correlationVector":"yfVXmLqgO9vQZjj9f5TUT6","action":"Commit Request", "result":"", "context":Item count: 4
Contributing types: Sessions, History}
{"logTime": "0104/221025", "correlationVector":"yfVXmLqgO9vQZjj9f5TUT6.1","action":"SyncServerConnectionManagerRequest", "result":"SYNC_SERVER_OK", "context":{"environment":"Prod_northcentralus_prod-s01-050-nam-northcentralus", "migrationStage":"NotStarted", "server":"akswtt000000004"}}
{"logTime": "0104/221025", "correlationVector":"yfVXmLqgO9vQZjj9f5TUT6.2","action":"Commit Response", "result":"Success", "context":Result: Success. cV=yfVXmLqgO9vQZjj9f5TUT6.0;server=akswtt000000004;cloudType=Consumer;environment=Prod_northcentralus_prod-s01-050-nam-northcentralus;migrationStage=NotStarted}
{"logTime": "0104/221031", "correlationVector":"3NzC/5/G+i8ZSYrf3YrAYF","action":"Commit Request", "result":"", "context":Item count: 33
Contributing types: Preferences, Passwords, Sessions, History}
{"logTime": "0104/221033", "correlationVector":"3NzC/5/G+i8ZSYrf3YrAYF.1","action":"SyncServerConnectionManagerRequest", "result":"SYNC_SERVER_OK", "context":{"environment":"Prod_northcentralus_prod-s01-050-nam-northcentralus", "migrationStage":"NotStarted", "server":"akswtt00000000f"}}
{"logTime": "0104/221033", "correlationVector":"3NzC/5/G+i8ZSYrf3YrAYF.2","action":"Commit Response", "result":"Success", "context":Result: Success. cV=3NzC/5/G+i8ZSYrf3YrAYF.0;server=akswtt00000000f;cloudType=Consumer;environment=Prod_northcentralus_prod-s01-050-nam-northcentralus;migrationStage=NotStarted}
{"logTime": "0104/221033", "correlationVector":"3NzC/5/G+i8ZSYrf3YrAYF.3","action":"Commit.Sessions", "result":"Success", "context":{"id":"8cf2a7ba-3939-43b4-9da3-4c8b838e3843", "isDeleted":"true", "size":"0", "version":"1767564625071"}}
{"logTime": "0104/221133", "correlationVector":"SYew5SOotsy2Vv3yMiR7k3","action":"Commit Request", "result":"", "context":Item count: 2
Contributing types: Sessions, History}
{"logTime": "0104/221133", "correlationVector":"SYew5SOotsy2Vv3yMiR7k3.1","action":"SyncServerConnectionManagerRequest", "result":"SYNC_SERVER_OK", "context":{"environment":"Prod_northcentralus_prod-s01-050-nam-northcentralus", "migrationStage":"NotStarted", "server":"akswtt00000000v"}}
{"logTime": "0104/221133", "correlationVector":"SYew5SOotsy2Vv3yMiR7k3.2","action":"Commit Response", "result":"Success", "context":Result: Success. cV=SYew5SOotsy2Vv3yMiR7k3.0;server=akswtt00000000v;cloudType=Consumer;environment=Prod_northcentralus_prod-s01-050-nam-northcentralus;migrationStage=NotStarted}
{"logTime": "0104/223635", "correlationVector":"uKxAVr97p6m0i+8PyEPBbI.1","action":"SyncServerConnectionManagerRequest", "result":"SYNC_SERVER_OK", "context":{"environment":"Prod_northcentralus_prod-s01-050-nam-northcentralus", "migrationStage":"NotStarted", "server":"akswtt000000001"}}
{"logTime": "0104/223635", "correlationVector":"uKxAVr97p6m0i+8PyEPBbI.2","action":"ProcessGetUpdates", "result":"Done", "context":{"dataType":"Encryption Keys", "deleted":"0", "process_failed_to_decrypt":"0", "process_pending_decryption":"0", "process_success":"1", "total":"1"}}
{"logTime": "0104/223635", "correlationVector":"pHOcuweUNEE7FC2QI+VM/6","action":"SyncServerConnectionManagerRequest", "result":"SYNC_SERVER_OK", "context":{"environment":"", "migrationStage":"", "server":""}}
{"logTime": "0104/223635", "correlationVector":"pHOcuweUNEE7FC2QI+VM/6.0","action":"EncryptionKeysFetcher.DownloadKeys:", "result":"Success", "context":Key count: 9, Last key timestamp: 2025-10-20T23:20:54Z}
{"logTime": "0104/223635", "correlationVector":"pHOcuweUNEE7FC2QI+VM/6.1","action":"EncryptionKeysManager::SetEncryptionKeys:", "result":"Success", "context":Key names[9]:[l0+Hrm9w1FHBjTW8XrC5CQ0zD92vTc4XjnO9pYRU/06BSfFk5mx0urei2TFhXaEtwWeOCxt97eMM3UANhAs4Ig==][Hp8fnAgdNWHEjWiguDAajPUz92CfrsSUxJeTMZVZXIQ6qSOEXbhy6XRXBSm0XmY7ErAkDcUMgmjlle4SHH0DWw==][zd2tSEJxm/wP768H+2dXbqBn3xB/7uaftYtnB1tFuPy3sSXYiGJ0KSMaL3AAE4uEprGpqDfQNeRjto1avdVbUQ==][Mb8J6GdnYmBqzryT03rG29cMshmakH3gyIezT3Q7NyDHY7sgLL+tWbLvgogyUV4kXtis/0c/zFG5RNhhyIktmw==][B4Ob0BJV0L06U5e0MNWI5k6aY6CjcPsnPDIW3ssn/Z+pb4S6F9MxgWN783aMHjVeeLvaxOYxg2OUnql8YVHc5w==][lOR92xRdANrdpriD0nL8DIZSyIqjCnQk+FApRzG4kMDWBy3UFPrM3nr6rFaGkPnwJwDPpHF8HD/ZKLnJpVr81w==][Edaoz2owCkuOC100GjMLonbgX25j4iCa82r2HmDnM24lhf6jjbDH4FmFdeKz1hHforAhDAoCytJ0KuxDwpgMHw==][jWcKZGohe/8rvYfQz3i+18y36wSAqSBI2RK53PsfUoJoYEp3SOM2YVgy2hA5QJMuYTNMoUC9rcUit8DlvXZ5aQ==][ypki/ayKStdgNruPludY/LeWu7hgLWD+8EWy1gsRSceKQnU5uLPTA5Wc9yIhD5D5GumNoPr4fir/iNeU1HQRpg==]}
{"logTime": "0104/223635", "correlationVector":"pHOcuweUNEE7FC2QI+VM/6.2","action":"EncryptionKeysManager::SetEncryptionKeysWithTimestamps:", "result":"Success", "context":Key timestamps[9]:[2021-07-31T02:27:33Z][2022-01-30T03:13:47Z][2022-07-31T01:14:09Z][2023-02-22T18:40:11Z][2023-08-23T03:51:59Z][2024-04-07T22:19:19Z][2024-10-06T21:50:22Z][2025-04-23T23:04:25Z][2025-10-20T23:20:54Z]}
{"logTime": "0104/223635", "correlationVector":"uKxAVr97p6m0i+8PyEPBbI","action":"Initial GetUpdates", "result":"", "context":Reason: NEW_CLIENT. cV=uKxAVr97p6m0i+8PyEPBbI}
{"logTime": "0104/223635", "correlationVector":"uKxAVr97p6m0i+8PyEPBbI.3","action":"GetUpdates Response", "result":"Success", "context":Received 1 update(s). cV=uKxAVr97p6m0i+8PyEPBbI.0;server=akswtt000000001;cloudType=Consumer;environment=Prod_northcentralus_prod-s01-050-nam-northcentralus;migrationStage=NotStarted}
{"logTime": "0104/223635", "correlationVector":"oPZ/2JKBif0xwXtxX+gm0w","action":"Initial GetUpdates", "result":"", "context":Reason: NEWLY_SUPPORTED_DATATYPE. cV=oPZ/2JKBif0xwXtxX+gm0w}
{"logTime": "0104/223635", "correlationVector":"oPZ/2JKBif0xwXtxX+gm0w.1","action":"SyncServerConnectionManagerRequest", "result":"SYNC_SERVER_OK", "context":{"environment":"Prod_northcentralus_prod-s01-050-nam-northcentralus", "migrationStage":"NotStarted", "server":"akswtt000000002"}}
{"logTime": "0104/223635", "correlationVector":"oPZ/2JKBif0xwXtxX+gm0w.2","action":"ProcessGetUpdates", "result":"Done", "context":{"dataType":"Passwords", "deleted":"0", "process_failed_to_decrypt":"0", "process_pending_decryption":"0", "process_success":"32", "total":"32"}}
{"logTime": "0104/223635", "correlationVector":"oPZ/2JKBif0xwXtxX+gm0w.3","action":"GetUpdates Response", "result":"Success", "context":Received 32 update(s). cV=oPZ/2JKBif0xwXtxX+gm0w.0;server=akswtt000000002;cloudType=Consumer;environment=Prod_northcentralus_prod-s01-050-nam-northcentralus;migrationStage=NotStarted}
{"logTime": "0104/223635", "correlationVector":"7VF5p1Z/nL038cWiL3QCBy","action":"Normal GetUpdate request", "result":"", "context":cV=7VF5p1Z/nL038cWiL3QCBy
Nudged types: Sessions, History
Refresh requested types: Bookmarks, Preferences, Passwords, Autofill Profiles, Autofill, Extensions, Sessions, Extension settings, History Delete Directives, Device Info, User Consents, Send Tab To Self, Web Apps, History, Saved Tab Group, WebAuthn Credentials, Collection, Edge E Drop, Edge Hub App Usage, Edge Wallet, Encryption Keys}
{"logTime": "0104/223635", "correlationVector":"7VF5p1Z/nL038cWiL3QCBy.1","action":"SyncServerConnectionManagerRequest", "result":"SYNC_SERVER_OK", "context":{"environment":"Prod_northcentralus_prod-s01-050-nam-northcentralus", "migrationStage":"NotStarted", "server":"akswtt000000001"}}
{"logTime": "0104/223635", "correlationVector":"7VF5p1Z/nL038cWiL3QCBy.2","action":"ProcessGetUpdates", "result":"Done", "context":{"dataType":"Preferences", "deleted":"0", "process_failed_to_decrypt":"0", "process_pending_decryption":"0", "process_success":"1", "total":"1"}}
{"logTime": "0104/223635", "correlationVector":"7VF5p1Z/nL038cWiL3QCBy.3","action":"ProcessGetUpdates", "result":"Done", "context":{"dataType":"Sessions", "deleted":"1", "process_failed_to_decrypt":"0", "process_pending_decryption":"0", "process_success":"4", "total":"4"}}
{"logTime": "0104/223635", "correlationVector":"7VF5p1Z/nL038cWiL3QCBy.4","action":"ProcessGetUpdates", "result":"Done", "context":{"dataType":"History", "deleted":"0", "process_failed_to_decrypt":"0", "process_pending_decryption":"0", "process_success":"2", "total":"2"}}
{"logTime": "0104/223635", "correlationVector":"7VF5p1Z/nL038cWiL3QCBy.5","action":"GetUpdates Response", "result":"Success", "context":Received 7 update(s). cV=7VF5p1Z/nL038cWiL3QCBy.0;server=akswtt000000001;cloudType=Consumer;environment=Prod_northcentralus_prod-s01-050-nam-northcentralus;migrationStage=NotStarted}
{"logTime": "0104/223635", "correlationVector":"EFrn4ThKKkdujlI8wab3QG","action":"Commit Request", "result":"", "context":Item count: 4
Contributing types: Sessions, History}
{"logTime": "0104/223636", "correlationVector":"EFrn4ThKKkdujlI8wab3QG.1","action":"SyncServerConnectionManagerRequest", "result":"SYNC_SERVER_OK", "context":{"environment":"Prod_northcentralus_prod-s01-050-nam-northcentralus", "migrationStage":"NotStarted", "server":"akswtt000000002"}}
{"logTime": "0104/223636", "correlationVector":"EFrn4ThKKkdujlI8wab3QG.3","action":"Commit.Sessions", "result":"Success", "context":{"id":"fcb4c387-131f-448e-84ea-db848a02f31d", "isDeleted":"true", "size":"0", "version":"1767564693134"}}
{"logTime": "0104/223636", "correlationVector":"EFrn4ThKKkdujlI8wab3QG.2","action":"Commit Response", "result":"Success", "context":Result: Success. cV=EFrn4ThKKkdujlI8wab3QG.0;server=akswtt000000002;cloudType=Consumer;environment=Prod_northcentralus_prod-s01-050-nam-northcentralus;migrationStage=NotStarted}
{"logTime": "0104/223640", "correlationVector":"OUELlKJAE7MxXoK0JFwrOm","action":"Commit Request", "result":"", "context":Item count: 32
Contributing types: Preferences, Passwords, Sessions, History}
{"logTime": "0104/223641", "correlationVector":"OUELlKJAE7MxXoK0JFwrOm.1","action":"SyncServerConnectionManagerRequest", "result":"SYNC_SERVER_OK", "context":{"environment":"Prod_northcentralus_prod-s01-050-nam-northcentralus", "migrationStage":"NotStarted", "server":"akswtt00000000f"}}
{"logTime": "0104/223641", "correlationVector":"OUELlKJAE7MxXoK0JFwrOm.2","action":"Commit Response", "result":"Success", "context":Result: Success. cV=OUELlKJAE7MxXoK0JFwrOm.0;server=akswtt00000000f;cloudType=Consumer;environment=Prod_northcentralus_prod-s01-050-nam-northcentralus;migrationStage=NotStarted}
{"logTime": "0104/223741", "correlationVector":"wGlEqj/DHjkkMYXWCcS14X","action":"Commit Request", "result":"", "context":Item count: 2
Contributing types: Sessions, History}
{"logTime": "0104/223742", "correlationVector":"wGlEqj/DHjkkMYXWCcS14X.1","action":"SyncServerConnectionManagerRequest", "result":"SYNC_SERVER_OK", "context":{"environment":"Prod_northcentralus_prod-s01-050-nam-northcentralus", "migrationStage":"NotStarted", "server":"akswtt000000009"}}
{"logTime": "0104/223742", "correlationVector":"wGlEqj/DHjkkMYXWCcS14X.2","action":"Commit Response", "result":"Success", "context":Result: Success. cV=wGlEqj/DHjkkMYXWCcS14X.0;server=akswtt000000009;cloudType=Consumer;environment=Prod_northcentralus_prod-s01-050-nam-northcentralus;migrationStage=NotStarted}
{"logTime": "0104/224237", "correlationVector":"sQuUxE3WG7k+YpSd6xfwEm.1","action":"SyncServerConnectionManagerRequest", "result":"SYNC_SERVER_OK", "context":{"environment":"Prod_northcentralus_prod-s01-050-nam-northcentralus", "migrationStage":"NotStarted", "server":"akswtt00000000x"}}
{"logTime": "0104/224237", "correlationVector":"sQuUxE3WG7k+YpSd6xfwEm.2","action":"ProcessGetUpdates", "result":"Done", "context":{"dataType":"Encryption Keys", "deleted":"0", "process_failed_to_decrypt":"0", "process_pending_decryption":"0", "process_success":"1", "total":"1"}}
{"logTime": "0104/224237", "correlationVector":"4ZTR7L9lJbMV3o+GQTcv5m","action":"SyncServerConnectionManagerRequest", "result":"SYNC_SERVER_OK", "context":{"environment":"", "migrationStage":"", "server":""}}
{"logTime": "0104/224237", "correlationVector":"4ZTR7L9lJbMV3o+GQTcv5m.0","action":"EncryptionKeysFetcher.DownloadKeys:", "result":"Success", "context":Key count: 9, Last key timestamp: 2025-10-20T23:20:54Z}
{"logTime": "0104/224237", "correlationVector":"4ZTR7L9lJbMV3o+GQTcv5m.1","action":"EncryptionKeysManager::SetEncryptionKeys:", "result":"Success", "context":Key names[9]:[l0+Hrm9w1FHBjTW8XrC5CQ0zD92vTc4XjnO9pYRU/06BSfFk5mx0urei2TFhXaEtwWeOCxt97eMM3UANhAs4Ig==][Hp8fnAgdNWHEjWiguDAajPUz92CfrsSUxJeTMZVZXIQ6qSOEXbhy6XRXBSm0XmY7ErAkDcUMgmjlle4SHH0DWw==][zd2tSEJxm/wP768H+2dXbqBn3xB/7uaftYtnB1tFuPy3sSXYiGJ0KSMaL3AAE4uEprGpqDfQNeRjto1avdVbUQ==][Mb8J6GdnYmBqzryT03rG29cMshmakH3gyIezT3Q7NyDHY7sgLL+tWbLvgogyUV4kXtis/0c/zFG5RNhhyIktmw==][B4Ob0BJV0L06U5e0MNWI5k6aY6CjcPsnPDIW3ssn/Z+pb4S6F9MxgWN783aMHjVeeLvaxOYxg2OUnql8YVHc5w==][lOR92xRdANrdpriD0nL8DIZSyIqjCnQk+FApRzG4kMDWBy3UFPrM3nr6rFaGkPnwJwDPpHF8HD/ZKLnJpVr81w==][Edaoz2owCkuOC100GjMLonbgX25j4iCa82r2HmDnM24lhf6jjbDH4FmFdeKz1hHforAhDAoCytJ0KuxDwpgMHw==][jWcKZGohe/8rvYfQz3i+18y36wSAqSBI2RK53PsfUoJoYEp3SOM2YVgy2hA5QJMuYTNMoUC9rcUit8DlvXZ5aQ==][ypki/ayKStdgNruPludY/LeWu7hgLWD+8EWy1gsRSceKQnU5uLPTA5Wc9yIhD5D5GumNoPr4fir/iNeU1HQRpg==]}
{"logTime": "0104/224237", "correlationVector":"4ZTR7L9lJbMV3o+GQTcv5m.2","action":"EncryptionKeysManager::SetEncryptionKeysWithTimestamps:", "result":"Success", "context":Key timestamps[9]:[2021-07-31T02:27:33Z][2022-01-30T03:13:47Z][2022-07-31T01:14:09Z][2023-02-22T18:40:11Z][2023-08-23T03:51:59Z][2024-04-07T22:19:19Z][2024-10-06T21:50:22Z][2025-04-23T23:04:25Z][2025-10-20T23:20:54Z]}
{"logTime": "0104/224237", "correlationVector":"sQuUxE3WG7k+YpSd6xfwEm","action":"Initial GetUpdates", "result":"", "context":Reason: NEW_CLIENT. cV=sQuUxE3WG7k+YpSd6xfwEm}
{"logTime": "0104/224237", "correlationVector":"sQuUxE3WG7k+YpSd6xfwEm.3","action":"GetUpdates Response", "result":"Success", "context":Received 1 update(s). cV=sQuUxE3WG7k+YpSd6xfwEm.0;server=akswtt00000000x;cloudType=Consumer;environment=Prod_northcentralus_prod-s01-050-nam-northcentralus;migrationStage=NotStarted}
{"logTime": "0104/224237", "correlationVector":"wbhIUXyG7+ldfqwWmI9LOH","action":"Initial GetUpdates", "result":"", "context":Reason: NEWLY_SUPPORTED_DATATYPE. cV=wbhIUXyG7+ldfqwWmI9LOH}
{"logTime": "0104/224238", "correlationVector":"wbhIUXyG7+ldfqwWmI9LOH.1","action":"SyncServerConnectionManagerRequest", "result":"SYNC_SERVER_OK", "context":{"environment":"Prod_northcentralus_prod-s01-050-nam-northcentralus", "migrationStage":"NotStarted", "server":"akswtt00000000y"}}
{"logTime": "0104/224238", "correlationVector":"wbhIUXyG7+ldfqwWmI9LOH.2","action":"ProcessGetUpdates", "result":"Done", "context":{"dataType":"Passwords", "deleted":"0", "process_failed_to_decrypt":"0", "process_pending_decryption":"0", "process_success":"32", "total":"32"}}
{"logTime": "0104/224238", "correlationVector":"wbhIUXyG7+ldfqwWmI9LOH.3","action":"GetUpdates Response", "result":"Success", "context":Received 32 update(s). cV=wbhIUXyG7+ldfqwWmI9LOH.0;server=akswtt00000000y;cloudType=Consumer;environment=Prod_northcentralus_prod-s01-050-nam-northcentralus;migrationStage=NotStarted}
{"logTime": "0104/224238", "correlationVector":"kYMaIuuzqYdcmqpmBpGO7C","action":"Normal GetUpdate request", "result":"", "context":cV=kYMaIuuzqYdcmqpmBpGO7C
Nudged types: Sessions, History
Refresh requested types: Bookmarks, Preferences, Passwords, Autofill Profiles, Autofill, Extensions, Sessions, Extension settings, History Delete Directives, Device Info, User Consents, Send Tab To Self, Web Apps, History, Saved Tab Group, WebAuthn Credentials, Collection, Edge E Drop, Edge Hub App Usage, Edge Wallet, Encryption Keys}
{"logTime": "0104/224238", "correlationVector":"kYMaIuuzqYdcmqpmBpGO7C.1","action":"SyncServerConnectionManagerRequest", "result":"SYNC_SERVER_OK", "context":{"environment":"Prod_northcentralus_prod-s01-050-nam-northcentralus", "migrationStage":"NotStarted", "server":"akswtt000000014"}}
{"logTime": "0104/224238", "correlationVector":"kYMaIuuzqYdcmqpmBpGO7C.2","action":"ProcessGetUpdates", "result":"Done", "context":{"dataType":"Preferences", "deleted":"0", "process_failed_to_decrypt":"0", "process_pending_decryption":"0", "process_success":"1", "total":"1"}}
{"logTime": "0104/224238", "correlationVector":"kYMaIuuzqYdcmqpmBpGO7C.3","action":"ProcessGetUpdates", "result":"Done", "context":{"dataType":"Sessions", "deleted":"1", "process_failed_to_decrypt":"0", "process_pending_decryption":"0", "process_success":"4", "total":"4"}}
{"logTime": "0104/224238", "correlationVector":"kYMaIuuzqYdcmqpmBpGO7C.4","action":"ProcessGetUpdates", "result":"Done", "context":{"dataType":"History", "deleted":"0", "process_failed_to_decrypt":"0", "process_pending_decryption":"0", "process_success":"2", "total":"2"}}
{"logTime": "0104/224238", "correlationVector":"kYMaIuuzqYdcmqpmBpGO7C.5","action":"GetUpdates Response", "result":"Success", "context":Received 7 update(s). cV=kYMaIuuzqYdcmqpmBpGO7C.0;server=akswtt000000014;cloudType=Consumer;environment=Prod_northcentralus_prod-s01-050-nam-northcentralus;migrationStage=NotStarted}
{"logTime": "0104/224238", "correlationVector":"W2EQDczk16L/Jre4+Rubxy","action":"Commit Request", "result":"", "context":Item count: 5
Contributing types: Sessions, History}
{"logTime": "0104/224239", "correlationVector":"W2EQDczk16L/Jre4+Rubxy.1","action":"SyncServerConnectionManagerRequest", "result":"SYNC_SERVER_OK", "context":{"environment":"Prod_northcentralus_prod-s01-050-nam-northcentralus", "migrationStage":"NotStarted", "server":"akswtt00000000y"}}
{"logTime": "0104/224239", "correlationVector":"W2EQDczk16L/Jre4+Rubxy.2","action":"Commit Response", "result":"Success", "context":Result: Success. cV=W2EQDczk16L/Jre4+Rubxy.0;server=akswtt00000000y;cloudType=Consumer;environment=Prod_northcentralus_prod-s01-050-nam-northcentralus;migrationStage=NotStarted}
{"logTime": "0104/224239", "correlationVector":"W2EQDczk16L/Jre4+Rubxy.3","action":"Commit.Sessions", "result":"Success", "context":{"id":"3d5ba226-626d-4903-a720-8258118ef4f0", "isDeleted":"true", "size":"0", "version":"1767566261831"}}
{"logTime": "0104/224243", "correlationVector":"HmjCIxjwCd7M3sS1m8Y8UN","action":"Commit Request", "result":"", "context":Item count: 30
Contributing types: Preferences, Passwords}
{"logTime": "0104/224245", "correlationVector":"HmjCIxjwCd7M3sS1m8Y8UN.1","action":"SyncServerConnectionManagerRequest", "result":"SYNC_SERVER_OK", "context":{"environment":"Prod_northcentralus_prod-s01-050-nam-northcentralus", "migrationStage":"NotStarted", "server":"akswtt000000014"}}
{"logTime": "0104/224245", "correlationVector":"HmjCIxjwCd7M3sS1m8Y8UN.2","action":"Commit Response", "result":"Success", "context":Result: Success. cV=HmjCIxjwCd7M3sS1m8Y8UN.0;server=akswtt000000014;cloudType=Consumer;environment=Prod_northcentralus_prod-s01-050-nam-northcentralus;migrationStage=NotStarted}
{"logTime": "0104/224345", "correlationVector":"BGSBOYBV3qzp6axyRzO2Rk","action":"Commit Request", "result":"", "context":Item count: 2
Contributing types: Sessions, History}
{"logTime": "0104/224345", "correlationVector":"BGSBOYBV3qzp6axyRzO2Rk.1","action":"SyncServerConnectionManagerRequest", "result":"SYNC_SERVER_OK", "context":{"environment":"Prod_northcentralus_prod-s01-050-nam-northcentralus", "migrationStage":"NotStarted", "server":"akswtt00000000y"}}
{"logTime": "0104/224345", "correlationVector":"BGSBOYBV3qzp6axyRzO2Rk.2","action":"Commit Response", "result":"Success", "context":Result: Success. cV=BGSBOYBV3qzp6axyRzO2Rk.0;server=akswtt00000000y;cloudType=Consumer;environment=Prod_northcentralus_prod-s01-050-nam-northcentralus;migrationStage=NotStarted}
{"logTime": "0104/224923", "correlationVector":"n+tI/IsJS6YnIF3B2g8DUx.1","action":"SyncServerConnectionManagerRequest", "result":"SYNC_SERVER_OK", "context":{"environment":"Prod_northcentralus_prod-s01-050-nam-northcentralus", "migrationStage":"NotStarted", "server":"akswtt000000004"}}
{"logTime": "0104/224923", "correlationVector":"n+tI/IsJS6YnIF3B2g8DUx.2","action":"ProcessGetUpdates", "result":"Done", "context":{"dataType":"Encryption Keys", "deleted":"0", "process_failed_to_decrypt":"0", "process_pending_decryption":"0", "process_success":"1", "total":"1"}}
{"logTime": "0104/224923", "correlationVector":"bWP9/MipA6I/VJxYR06UaZ","action":"SyncServerConnectionManagerRequest", "result":"SYNC_SERVER_OK", "context":{"environment":"", "migrationStage":"", "server":""}}
{"logTime": "0104/224923", "correlationVector":"bWP9/MipA6I/VJxYR06UaZ.0","action":"EncryptionKeysFetcher.DownloadKeys:", "result":"Success", "context":Key count: 9, Last key timestamp: 2025-10-20T23:20:54Z}
{"logTime": "0104/224923", "correlationVector":"bWP9/MipA6I/VJxYR06UaZ.1","action":"EncryptionKeysManager::SetEncryptionKeys:", "result":"Success", "context":Key names[9]:[l0+Hrm9w1FHBjTW8XrC5CQ0zD92vTc4XjnO9pYRU/06BSfFk5mx0urei2TFhXaEtwWeOCxt97eMM3UANhAs4Ig==][Hp8fnAgdNWHEjWiguDAajPUz92CfrsSUxJeTMZVZXIQ6qSOEXbhy6XRXBSm0XmY7ErAkDcUMgmjlle4SHH0DWw==][zd2tSEJxm/wP768H+2dXbqBn3xB/7uaftYtnB1tFuPy3sSXYiGJ0KSMaL3AAE4uEprGpqDfQNeRjto1avdVbUQ==][Mb8J6GdnYmBqzryT03rG29cMshmakH3gyIezT3Q7NyDHY7sgLL+tWbLvgogyUV4kXtis/0c/zFG5RNhhyIktmw==][B4Ob0BJV0L06U5e0MNWI5k6aY6CjcPsnPDIW3ssn/Z+pb4S6F9MxgWN783aMHjVeeLvaxOYxg2OUnql8YVHc5w==][lOR92xRdANrdpriD0nL8DIZSyIqjCnQk+FApRzG4kMDWBy3UFPrM3nr6rFaGkPnwJwDPpHF8HD/ZKLnJpVr81w==][Edaoz2owCkuOC100GjMLonbgX25j4iCa82r2HmDnM24lhf6jjbDH4FmFdeKz1hHforAhDAoCytJ0KuxDwpgMHw==][jWcKZGohe/8rvYfQz3i+18y36wSAqSBI2RK53PsfUoJoYEp3SOM2YVgy2hA5QJMuYTNMoUC9rcUit8DlvXZ5aQ==][ypki/ayKStdgNruPludY/LeWu7hgLWD+8EWy1gsRSceKQnU5uLPTA5Wc9yIhD5D5GumNoPr4fir/iNeU1HQRpg==]}
{"logTime": "0104/224923", "correlationVector":"bWP9/MipA6I/VJxYR06UaZ.2","action":"EncryptionKeysManager::SetEncryptionKeysWithTimestamps:", "result":"Success", "context":Key timestamps[9]:[2021-07-31T02:27:33Z][2022-01-30T03:13:47Z][2022-07-31T01:14:09Z][2023-02-22T18:40:11Z][2023-08-23T03:51:59Z][2024-04-07T22:19:19Z][2024-10-06T21:50:22Z][2025-04-23T23:04:25Z][2025-10-20T23:20:54Z]}
{"logTime": "0104/224923", "correlationVector":"n+tI/IsJS6YnIF3B2g8DUx","action":"Initial GetUpdates", "result":"", "context":Reason: NEW_CLIENT. cV=n+tI/IsJS6YnIF3B2g8DUx}
{"logTime": "0104/224923", "correlationVector":"n+tI/IsJS6YnIF3B2g8DUx.3","action":"GetUpdates Response", "result":"Success", "context":Received 1 update(s). cV=n+tI/IsJS6YnIF3B2g8DUx.0;server=akswtt000000004;cloudType=Consumer;environment=Prod_northcentralus_prod-s01-050-nam-northcentralus;migrationStage=NotStarted}
{"logTime": "0104/224923", "correlationVector":"sbAEArXMSi7MRDH2hYlcGy","action":"Initial GetUpdates", "result":"", "context":Reason: NEWLY_SUPPORTED_DATATYPE. cV=sbAEArXMSi7MRDH2hYlcGy}
{"logTime": "0104/224923", "correlationVector":"sbAEArXMSi7MRDH2hYlcGy.1","action":"SyncServerConnectionManagerRequest", "result":"SYNC_SERVER_OK", "context":{"environment":"Prod_northcentralus_prod-s01-050-nam-northcentralus", "migrationStage":"NotStarted", "server":"akswtt00000000x"}}
{"logTime": "0104/224924", "correlationVector":"sbAEArXMSi7MRDH2hYlcGy.2","action":"ProcessGetUpdates", "result":"Done", "context":{"dataType":"Passwords", "deleted":"0", "process_failed_to_decrypt":"0", "process_pending_decryption":"0", "process_success":"32", "total":"32"}}
{"logTime": "0104/224924", "correlationVector":"sbAEArXMSi7MRDH2hYlcGy.3","action":"GetUpdates Response", "result":"Success", "context":Received 32 update(s). cV=sbAEArXMSi7MRDH2hYlcGy.0;server=akswtt00000000x;cloudType=Consumer;environment=Prod_northcentralus_prod-s01-050-nam-northcentralus;migrationStage=NotStarted}
{"logTime": "0104/224924", "correlationVector":"z7snmMiL/KBihbdiQKH+n9","action":"Normal GetUpdate request", "result":"", "context":cV=z7snmMiL/KBihbdiQKH+n9
Nudged types: Sessions, History
Refresh requested types: Bookmarks, Preferences, Passwords, Autofill Profiles, Autofill, Extensions, Sessions, Extension settings, History Delete Directives, Device Info, User Consents, Send Tab To Self, Web Apps, History, Saved Tab Group, WebAuthn Credentials, Collection, Edge E Drop, Edge Hub App Usage, Edge Wallet, Encryption Keys}
{"logTime": "0104/224924", "correlationVector":"z7snmMiL/KBihbdiQKH+n9.1","action":"SyncServerConnectionManagerRequest", "result":"SYNC_SERVER_OK", "context":{"environment":"Prod_northcentralus_prod-s01-050-nam-northcentralus", "migrationStage":"NotStarted", "server":"akswtt00000000b"}}
{"logTime": "0104/224924", "correlationVector":"z7snmMiL/KBihbdiQKH+n9.2","action":"ProcessGetUpdates", "result":"Done", "context":{"dataType":"Preferences", "deleted":"0", "process_failed_to_decrypt":"0", "process_pending_decryption":"0", "process_success":"1", "total":"1"}}
{"logTime": "0104/224924", "correlationVector":"z7snmMiL/KBihbdiQKH+n9.3","action":"ProcessGetUpdates", "result":"Done", "context":{"dataType":"Sessions", "deleted":"1", "process_failed_to_decrypt":"0", "process_pending_decryption":"0", "process_success":"4", "total":"4"}}
{"logTime": "0104/224924", "correlationVector":"z7snmMiL/KBihbdiQKH+n9.4","action":"ProcessGetUpdates", "result":"Done", "context":{"dataType":"History", "deleted":"0", "process_failed_to_decrypt":"0", "process_pending_decryption":"0", "process_success":"2", "total":"2"}}
{"logTime": "0104/224924", "correlationVector":"z7snmMiL/KBihbdiQKH+n9.5","action":"GetUpdates Response", "result":"Success", "context":Received 7 update(s). cV=z7snmMiL/KBihbdiQKH+n9.0;server=akswtt00000000b;cloudType=Consumer;environment=Prod_northcentralus_prod-s01-050-nam-northcentralus;migrationStage=NotStarted}
{"logTime": "0104/224924", "correlationVector":"3BCdvNbvAvG1HayPhZl0zt","action":"Commit Request", "result":"", "context":Item count: 5
Contributing types: Sessions, History}
{"logTime": "0104/224924", "correlationVector":"3BCdvNbvAvG1HayPhZl0zt.1","action":"SyncServerConnectionManagerRequest", "result":"SYNC_SERVER_OK", "context":{"environment":"Prod_northcentralus_prod-s01-050-nam-northcentralus", "migrationStage":"NotStarted", "server":"akswtt000000002"}}
{"logTime": "0104/224924", "correlationVector":"3BCdvNbvAvG1HayPhZl0zt.3","action":"Commit.Sessions", "result":"Success", "context":{"id":"dba5595d-7176-4d54-9744-cabcdb85f38a", "isDeleted":"true", "size":"0", "version":"1767566625538"}}
{"logTime": "0104/224924", "correlationVector":"3BCdvNbvAvG1HayPhZl0zt.2","action":"Commit Response", "result":"Success", "context":Result: Success. cV=3BCdvNbvAvG1HayPhZl0zt.0;server=akswtt000000002;cloudType=Consumer;environment=Prod_northcentralus_prod-s01-050-nam-northcentralus;migrationStage=NotStarted}
{"logTime": "0104/224929", "correlationVector":"wELweTt9TuzvF5a62KlgD6","action":"Commit Request", "result":"", "context":Item count: 31
Contributing types: Preferences, Passwords, Sessions}
{"logTime": "0104/224930", "correlationVector":"wELweTt9TuzvF5a62KlgD6.1","action":"SyncServerConnectionManagerRequest", "result":"SYNC_SERVER_OK", "context":{"environment":"Prod_northcentralus_prod-s01-050-nam-northcentralus", "migrationStage":"NotStarted", "server":"akswtt00000000x"}}
{"logTime": "0104/224930", "correlationVector":"wELweTt9TuzvF5a62KlgD6.2","action":"Commit Response", "result":"Success", "context":Result: Success. cV=wELweTt9TuzvF5a62KlgD6.0;server=akswtt00000000x;cloudType=Consumer;environment=Prod_northcentralus_prod-s01-050-nam-northcentralus;migrationStage=NotStarted}
{"logTime": "0104/225030", "correlationVector":"0isWp7ye1TSeGXFhBTBj3d","action":"Commit Request", "result":"", "context":Item count: 2
Contributing types: Sessions, History}
{"logTime": "0104/225031", "correlationVector":"0isWp7ye1TSeGXFhBTBj3d.1","action":"SyncServerConnectionManagerRequest", "result":"SYNC_SERVER_OK", "context":{"environment":"Prod_northcentralus_prod-s01-050-nam-northcentralus", "migrationStage":"NotStarted", "server":"akswtt00000000b"}}
{"logTime": "0104/225031", "correlationVector":"0isWp7ye1TSeGXFhBTBj3d.2","action":"Commit Response", "result":"Success", "context":Result: Success. cV=0isWp7ye1TSeGXFhBTBj3d.0;server=akswtt00000000b;cloudType=Consumer;environment=Prod_northcentralus_prod-s01-050-nam-northcentralus;migrationStage=NotStarted}
{"logTime": "0104/225428", "correlationVector":"yg+BqFBAMu3dcT9syT+x5Y","action":"Normal GetUpdate request", "result":"", "context":cV=yg+BqFBAMu3dcT9syT+x5Y
Notified types: History}
{"logTime": "0104/225428", "correlationVector":"yg+BqFBAMu3dcT9syT+x5Y.1","action":"SyncServerConnectionManagerRequest", "result":"SYNC_SERVER_OK", "context":{"environment":"Prod_northcentralus_prod-s01-050-nam-northcentralus", "migrationStage":"NotStarted", "server":"akswtt000000005"}}
{"logTime": "0104/225428", "correlationVector":"yg+BqFBAMu3dcT9syT+x5Y.2","action":"ProcessGetUpdates", "result":"Done", "context":{"dataType":"Preferences", "deleted":"0", "process_failed_to_decrypt":"0", "process_pending_decryption":"0", "process_success":"1", "total":"1"}}
{"logTime": "0104/225428", "correlationVector":"yg+BqFBAMu3dcT9syT+x5Y.3","action":"ProcessGetUpdates", "result":"Done", "context":{"dataType":"Passwords", "deleted":"0", "process_failed_to_decrypt":"0", "process_pending_decryption":"0", "process_success":"29", "total":"29"}}
{"logTime": "0104/225428", "correlationVector":"yg+BqFBAMu3dcT9syT+x5Y.4","action":"ProcessGetUpdates", "result":"Done", "context":{"dataType":"Sessions", "deleted":"1", "process_failed_to_decrypt":"0", "process_pending_decryption":"0", "process_success":"4", "total":"4"}}
{"logTime": "0104/225428", "correlationVector":"yg+BqFBAMu3dcT9syT+x5Y.5","action":"ProcessGetUpdates", "result":"Done", "context":{"dataType":"History", "deleted":"0", "process_failed_to_decrypt":"0", "process_pending_decryption":"0", "process_success":"5", "total":"5"}}
{"logTime": "0104/225428", "correlationVector":"yg+BqFBAMu3dcT9syT+x5Y.6","action":"GetUpdates Response", "result":"Success", "context":Received 39 update(s). cV=yg+BqFBAMu3dcT9syT+x5Y.0;server=akswtt000000005;cloudType=Consumer;environment=Prod_northcentralus_prod-s01-050-nam-northcentralus;migrationStage=NotStarted}
{"logTime": "0104/225511", "correlationVector":"yzv5Q/0SCXmWSagLnyMOzN","action":"Normal GetUpdate request", "result":"", "context":cV=yzv5Q/0SCXmWSagLnyMOzN
Notified types: Device Info, History}
{"logTime": "0104/225511", "correlationVector":"yzv5Q/0SCXmWSagLnyMOzN.1","action":"SyncServerConnectionManagerRequest", "result":"SYNC_SERVER_OK", "context":{"environment":"Prod_northcentralus_prod-s01-050-nam-northcentralus", "migrationStage":"NotStarted", "server":"akswtt000000005"}}
{"logTime": "0104/225511", "correlationVector":"yzv5Q/0SCXmWSagLnyMOzN.2","action":"ProcessGetUpdates", "result":"Done", "context":{"dataType":"Sessions", "deleted":"0", "process_failed_to_decrypt":"0", "process_pending_decryption":"0", "process_success":"1", "total":"1"}}
{"logTime": "0104/225511", "correlationVector":"yzv5Q/0SCXmWSagLnyMOzN.3","action":"ProcessGetUpdates", "result":"Done", "context":{"dataType":"Device Info", "deleted":"0", "process_failed_to_decrypt":"0", "process_pending_decryption":"0", "process_success":"1", "total":"1"}}
{"logTime": "0104/225511", "correlationVector":"yzv5Q/0SCXmWSagLnyMOzN.4","action":"ProcessGetUpdates", "result":"Done", "context":{"dataType":"History", "deleted":"0", "process_failed_to_decrypt":"0", "process_pending_decryption":"0", "process_success":"2", "total":"2"}}
{"logTime": "0104/225511", "correlationVector":"yzv5Q/0SCXmWSagLnyMOzN.5","action":"GetUpdates Response", "result":"Success", "context":Received 4 update(s). cV=yzv5Q/0SCXmWSagLnyMOzN.0;server=akswtt000000005;cloudType=Consumer;environment=Prod_northcentralus_prod-s01-050-nam-northcentralus;migrationStage=NotStarted}
{"logTime": "0104/225513", "correlationVector":"AvUmKaBL5fhVAozs0QHuvv","action":"Normal GetUpdate request", "result":"", "context":cV=AvUmKaBL5fhVAozs0QHuvv
Notified types: Preferences}
{"logTime": "0104/225514", "correlationVector":"AvUmKaBL5fhVAozs0QHuvv.1","action":"SyncServerConnectionManagerRequest", "result":"SYNC_SERVER_OK", "context":{"environment":"Prod_northcentralus_prod-s01-050-nam-northcentralus", "migrationStage":"NotStarted", "server":"akswtt00000000b"}}
{"logTime": "0104/225514", "correlationVector":"AvUmKaBL5fhVAozs0QHuvv.2","action":"ProcessGetUpdates", "result":"Done", "context":{"dataType":"Preferences", "deleted":"0", "process_failed_to_decrypt":"0", "process_pending_decryption":"0", "process_success":"1", "total":"1"}}
{"logTime": "0104/225514", "correlationVector":"AvUmKaBL5fhVAozs0QHuvv.3","action":"GetUpdates Response", "result":"Success", "context":Received 1 update(s). cV=AvUmKaBL5fhVAozs0QHuvv.0;server=akswtt00000000b;cloudType=Consumer;environment=Prod_northcentralus_prod-s01-050-nam-northcentralus;migrationStage=NotStarted}
{"logTime": "0104/225522", "correlationVector":"uV3nMetEwsjSOI4DH7PjBH","action":"Normal GetUpdate request", "result":"", "context":cV=uV3nMetEwsjSOI4DH7PjBH
Notified types: Preferences, Device Info, History}
{"logTime": "0104/225522", "correlationVector":"uV3nMetEwsjSOI4DH7PjBH.1","action":"SyncServerConnectionManagerRequest", "result":"SYNC_SERVER_OK", "context":{"environment":"Prod_northcentralus_prod-s01-050-nam-northcentralus", "migrationStage":"NotStarted", "server":"akswtt000000005"}}
{"logTime": "0104/225522", "correlationVector":"uV3nMetEwsjSOI4DH7PjBH.2","action":"ProcessGetUpdates", "result":"Done", "context":{"dataType":"Preferences", "deleted":"0", "process_failed_to_decrypt":"0", "process_pending_decryption":"0", "process_success":"1", "total":"1"}}
{"logTime": "0104/225522", "correlationVector":"uV3nMetEwsjSOI4DH7PjBH.3","action":"ProcessGetUpdates", "result":"Done", "context":{"dataType":"Sessions", "deleted":"0", "process_failed_to_decrypt":"0", "process_pending_decryption":"0", "process_success":"2", "total":"2"}}
{"logTime": "0104/225522", "correlationVector":"uV3nMetEwsjSOI4DH7PjBH.4","action":"ProcessGetUpdates", "result":"Done", "context":{"dataType":"Device Info", "deleted":"0", "process_failed_to_decrypt":"0", "process_pending_decryption":"0", "process_success":"1", "total":"1"}}
{"logTime": "0104/225522", "correlationVector":"uV3nMetEwsjSOI4DH7PjBH.5","action":"ProcessGetUpdates", "result":"Done", "context":{"dataType":"History", "deleted":"0", "process_failed_to_decrypt":"0", "process_pending_decryption":"0", "process_success":"1", "total":"1"}}
{"logTime": "0104/225522", "correlationVector":"uV3nMetEwsjSOI4DH7PjBH.6","action":"GetUpdates Response", "result":"Success", "context":Received 5 update(s). cV=uV3nMetEwsjSOI4DH7PjBH.0;server=akswtt000000005;cloudType=Consumer;environment=Prod_northcentralus_prod-s01-050-nam-northcentralus;migrationStage=NotStarted}
{"logTime": "0104/225524", "correlationVector":"SNViG2HsqDaDtRv1nXMs5R","action":"Normal GetUpdate request", "result":"", "context":cV=SNViG2HsqDaDtRv1nXMs5R
Notified types: Preferences, History}
{"logTime": "0104/225525", "correlationVector":"SNViG2HsqDaDtRv1nXMs5R.1","action":"SyncServerConnectionManagerRequest", "result":"SYNC_SERVER_OK", "context":{"environment":"Prod_northcentralus_prod-s01-050-nam-northcentralus", "migrationStage":"NotStarted", "server":"akswtt000000000"}}
{"logTime": "0104/225525", "correlationVector":"SNViG2HsqDaDtRv1nXMs5R.2","action":"ProcessGetUpdates", "result":"Done", "context":{"dataType":"Preferences", "deleted":"0", "process_failed_to_decrypt":"0", "process_pending_decryption":"0", "process_success":"1", "total":"1"}}
{"logTime": "0104/225525", "correlationVector":"SNViG2HsqDaDtRv1nXMs5R.3","action":"ProcessGetUpdates", "result":"Done", "context":{"dataType":"Sessions", "deleted":"0", "process_failed_to_decrypt":"0", "process_pending_decryption":"0", "process_success":"2", "total":"2"}}
{"logTime": "0104/225525", "correlationVector":"SNViG2HsqDaDtRv1nXMs5R.4","action":"ProcessGetUpdates", "result":"Done", "context":{"dataType":"History", "deleted":"0", "process_failed_to_decrypt":"0", "process_pending_decryption":"0", "process_success":"3", "total":"3"}}
{"logTime": "0104/225525", "correlationVector":"SNViG2HsqDaDtRv1nXMs5R.5","action":"GetUpdates Response", "result":"Success", "context":Received 6 update(s). cV=SNViG2HsqDaDtRv1nXMs5R.0;server=akswtt000000000;cloudType=Consumer;environment=Prod_northcentralus_prod-s01-050-nam-northcentralus;migrationStage=NotStarted}
{"logTime": "0104/225534", "correlationVector":"vhV+5GAiMzoGI0j9lGoRyH","action":"Normal GetUpdate request", "result":"", "context":cV=vhV+5GAiMzoGI0j9lGoRyH
Notified types: Autofill Profiles, History}
{"logTime": "0104/225534", "correlationVector":"vhV+5GAiMzoGI0j9lGoRyH.1","action":"SyncServerConnectionManagerRequest", "result":"SYNC_SERVER_OK", "context":{"environment":"Prod_northcentralus_prod-s01-050-nam-northcentralus", "migrationStage":"NotStarted", "server":"akswtt000000000"}}
{"logTime": "0104/225534", "correlationVector":"vhV+5GAiMzoGI0j9lGoRyH.2","action":"ProcessGetUpdates", "result":"Done", "context":{"dataType":"Autofill Profiles", "deleted":"0", "process_failed_to_decrypt":"0", "process_pending_decryption":"0", "process_success":"1", "total":"1"}}
{"logTime": "0104/225534", "correlationVector":"vhV+5GAiMzoGI0j9lGoRyH.3","action":"ProcessGetUpdates", "result":"Done", "context":{"dataType":"Sessions", "deleted":"1", "process_failed_to_decrypt":"0", "process_pending_decryption":"0", "process_success":"3", "total":"3"}}
{"logTime": "0104/225534", "correlationVector":"vhV+5GAiMzoGI0j9lGoRyH.4","action":"ProcessGetUpdates", "result":"Done", "context":{"dataType":"History", "deleted":"0", "process_failed_to_decrypt":"0", "process_pending_decryption":"0", "process_success":"3", "total":"3"}}
{"logTime": "0104/225534", "correlationVector":"vhV+5GAiMzoGI0j9lGoRyH.5","action":"GetUpdates Response", "result":"Success", "context":Received 7 update(s). cV=vhV+5GAiMzoGI0j9lGoRyH.0;server=akswtt000000000;cloudType=Consumer;environment=Prod_northcentralus_prod-s01-050-nam-northcentralus;migrationStage=NotStarted}
{"logTime": "0104/225639", "correlationVector":"ZqP3B1tyPX+YglVanjKoiF","action":"Normal GetUpdate request", "result":"", "context":cV=ZqP3B1tyPX+YglVanjKoiF
Notified types: History}
{"logTime": "0104/225640", "correlationVector":"ZqP3B1tyPX+YglVanjKoiF.1","action":"SyncServerConnectionManagerRequest", "result":"SYNC_SERVER_OK", "context":{"environment":"Prod_northcentralus_prod-s01-050-nam-northcentralus", "migrationStage":"NotStarted", "server":"akswtt000000005"}}
{"logTime": "0104/225640", "correlationVector":"ZqP3B1tyPX+YglVanjKoiF.2","action":"ProcessGetUpdates", "result":"Done", "context":{"dataType":"Sessions", "deleted":"0", "process_failed_to_decrypt":"0", "process_pending_decryption":"0", "process_success":"1", "total":"1"}}
{"logTime": "0104/225640", "correlationVector":"ZqP3B1tyPX+YglVanjKoiF.3","action":"ProcessGetUpdates", "result":"Done", "context":{"dataType":"History", "deleted":"0", "process_failed_to_decrypt":"0", "process_pending_decryption":"0", "process_success":"7", "total":"7"}}
{"logTime": "0104/225640", "correlationVector":"ZqP3B1tyPX+YglVanjKoiF.4","action":"GetUpdates Response", "result":"Success", "context":Received 8 update(s). cV=ZqP3B1tyPX+YglVanjKoiF.0;server=akswtt000000005;cloudType=Consumer;environment=Prod_northcentralus_prod-s01-050-nam-northcentralus;migrationStage=NotStarted}
{"logTime": "0104/225744", "correlationVector":"WDI6+qk9dZJnml95Hpoekp","action":"Normal GetUpdate request", "result":"", "context":cV=WDI6+qk9dZJnml95Hpoekp
Notified types: History}
{"logTime": "0104/225744", "correlationVector":"WDI6+qk9dZJnml95Hpoekp.1","action":"SyncServerConnectionManagerRequest", "result":"SYNC_SERVER_OK", "context":{"environment":"Prod_northcentralus_prod-s01-050-nam-northcentralus", "migrationStage":"NotStarted", "server":"akswtt000000000"}}
{"logTime": "0104/225744", "correlationVector":"WDI6+qk9dZJnml95Hpoekp.2","action":"ProcessGetUpdates", "result":"Done", "context":{"dataType":"Sessions", "deleted":"1", "process_failed_to_decrypt":"0", "process_pending_decryption":"0", "process_success":"5", "total":"5"}}
{"logTime": "0104/225744", "correlationVector":"WDI6+qk9dZJnml95Hpoekp.3","action":"ProcessGetUpdates", "result":"Done", "context":{"dataType":"History", "deleted":"0", "process_failed_to_decrypt":"0", "process_pending_decryption":"0", "process_success":"8", "total":"8"}}
{"logTime": "0104/225744", "correlationVector":"WDI6+qk9dZJnml95Hpoekp.4","action":"GetUpdates Response", "result":"Success", "context":Received 13 update(s). cV=WDI6+qk9dZJnml95Hpoekp.0;server=akswtt000000000;cloudType=Consumer;environment=Prod_northcentralus_prod-s01-050-nam-northcentralus;migrationStage=NotStarted}
{"logTime": "0104/225852", "correlationVector":"s4u2cj3rI0OqvRau/g0m0u","action":"Normal GetUpdate request", "result":"", "context":cV=s4u2cj3rI0OqvRau/g0m0u
Notified types: History}
{"logTime": "0104/225852", "correlationVector":"s4u2cj3rI0OqvRau/g0m0u.1","action":"SyncServerConnectionManagerRequest", "result":"SYNC_SERVER_OK", "context":{"environment":"Prod_northcentralus_prod-s01-050-nam-northcentralus", "migrationStage":"NotStarted", "server":"akswtt000000005"}}
{"logTime": "0104/225852", "correlationVector":"s4u2cj3rI0OqvRau/g0m0u.2","action":"ProcessGetUpdates", "result":"Done", "context":{"dataType":"Sessions", "deleted":"2", "process_failed_to_decrypt":"0", "process_pending_decryption":"0", "process_success":"3", "total":"3"}}
{"logTime": "0104/225852", "correlationVector":"s4u2cj3rI0OqvRau/g0m0u.3","action":"ProcessGetUpdates", "result":"Done", "context":{"dataType":"History", "deleted":"0", "process_failed_to_decrypt":"0", "process_pending_decryption":"0", "process_success":"3", "total":"3"}}
{"logTime": "0104/225852", "correlationVector":"s4u2cj3rI0OqvRau/g0m0u.4","action":"GetUpdates Response", "result":"Success", "context":Received 6 update(s). cV=s4u2cj3rI0OqvRau/g0m0u.0;server=akswtt000000005;cloudType=Consumer;environment=Prod_northcentralus_prod-s01-050-nam-northcentralus;migrationStage=NotStarted}
{"logTime": "0104/230013", "correlationVector":"cVyWts9H1sGk2rbELzC3mE","action":"Normal GetUpdate request", "result":"", "context":cV=cVyWts9H1sGk2rbELzC3mE
Notified types: History}
{"logTime": "0104/230013", "correlationVector":"cVyWts9H1sGk2rbELzC3mE.1","action":"SyncServerConnectionManagerRequest", "result":"SYNC_SERVER_OK", "context":{"environment":"Prod_northcentralus_prod-s01-050-nam-northcentralus", "migrationStage":"NotStarted", "server":"akswtt000000005"}}
{"logTime": "0104/230013", "correlationVector":"cVyWts9H1sGk2rbELzC3mE.2","action":"ProcessGetUpdates", "result":"Done", "context":{"dataType":"Sessions", "deleted":"0", "process_failed_to_decrypt":"0", "process_pending_decryption":"0", "process_success":"1", "total":"1"}}
{"logTime": "0104/230013", "correlationVector":"cVyWts9H1sGk2rbELzC3mE.3","action":"ProcessGetUpdates", "result":"Done", "context":{"dataType":"History", "deleted":"0", "process_failed_to_decrypt":"0", "process_pending_decryption":"0", "process_success":"8", "total":"8"}}
{"logTime": "0104/230013", "correlationVector":"cVyWts9H1sGk2rbELzC3mE.4","action":"GetUpdates Response", "result":"Success", "context":Received 9 update(s). cV=cVyWts9H1sGk2rbELzC3mE.0;server=akswtt000000005;cloudType=Consumer;environment=Prod_northcentralus_prod-s01-050-nam-northcentralus;migrationStage=NotStarted}
{"logTime": "0104/230124", "correlationVector":"FaBUMmx/nbeI2M4F7WsHOO","action":"Normal GetUpdate request", "result":"", "context":cV=FaBUMmx/nbeI2M4F7WsHOO
Notified types: History}
{"logTime": "0104/230124", "correlationVector":"FaBUMmx/nbeI2M4F7WsHOO.1","action":"SyncServerConnectionManagerRequest", "result":"SYNC_SERVER_OK", "context":{"environment":"Prod_northcentralus_prod-s01-050-nam-northcentralus", "migrationStage":"NotStarted", "server":"akswtt00000000b"}}
{"logTime": "0104/230124", "correlationVector":"FaBUMmx/nbeI2M4F7WsHOO.2","action":"ProcessGetUpdates", "result":"Done", "context":{"dataType":"Sessions", "deleted":"0", "process_failed_to_decrypt":"0", "process_pending_decryption":"0", "process_success":"1", "total":"1"}}
{"logTime": "0104/230124", "correlationVector":"FaBUMmx/nbeI2M4F7WsHOO.3","action":"ProcessGetUpdates", "result":"Done", "context":{"dataType":"History", "deleted":"0", "process_failed_to_decrypt":"0", "process_pending_decryption":"0", "process_success":"6", "total":"6"}}
{"logTime": "0104/230124", "correlationVector":"FaBUMmx/nbeI2M4F7WsHOO.4","action":"GetUpdates Response", "result":"Success", "context":Received 7 update(s). cV=FaBUMmx/nbeI2M4F7WsHOO.0;server=akswtt00000000b;cloudType=Consumer;environment=Prod_northcentralus_prod-s01-050-nam-northcentralus;migrationStage=NotStarted}
{"logTime": "0104/230309", "correlationVector":"IPTbKG3c1RVwLGps6gG41T","action":"Normal GetUpdate request", "result":"", "context":cV=IPTbKG3c1RVwLGps6gG41T
Notified types: History}
{"logTime": "0104/230309", "correlationVector":"IPTbKG3c1RVwLGps6gG41T.1","action":"SyncServerConnectionManagerRequest", "result":"SYNC_SERVER_OK", "context":{"environment":"Prod_northcentralus_prod-s01-050-nam-northcentralus", "migrationStage":"NotStarted", "server":"akswtt000000000"}}
{"logTime": "0104/230309", "correlationVector":"IPTbKG3c1RVwLGps6gG41T.2","action":"ProcessGetUpdates", "result":"Done", "context":{"dataType":"Sessions", "deleted":"0", "process_failed_to_decrypt":"0", "process_pending_decryption":"0", "process_success":"2", "total":"2"}}
{"logTime": "0104/230309", "correlationVector":"IPTbKG3c1RVwLGps6gG41T.3","action":"ProcessGetUpdates", "result":"Done", "context":{"dataType":"History", "deleted":"0", "process_failed_to_decrypt":"0", "process_pending_decryption":"0", "process_success":"5", "total":"5"}}
{"logTime": "0104/230309", "correlationVector":"IPTbKG3c1RVwLGps6gG41T.4","action":"GetUpdates Response", "result":"Success", "context":Received 7 update(s). cV=IPTbKG3c1RVwLGps6gG41T.0;server=akswtt000000000;cloudType=Consumer;environment=Prod_northcentralus_prod-s01-050-nam-northcentralus;migrationStage=NotStarted}
{"logTime": "0104/230322", "correlationVector":"Xs6vr2cSW63Dxe+zxaUuwN","action":"Normal GetUpdate request", "result":"", "context":cV=Xs6vr2cSW63Dxe+zxaUuwN
Notified types: Autofill, History}
{"logTime": "0104/230322", "correlationVector":"Xs6vr2cSW63Dxe+zxaUuwN.1","action":"SyncServerConnectionManagerRequest", "result":"SYNC_SERVER_OK", "context":{"environment":"Prod_northcentralus_prod-s01-050-nam-northcentralus", "migrationStage":"NotStarted", "server":"akswtt000000000"}}
{"logTime": "0104/230322", "correlationVector":"Xs6vr2cSW63Dxe+zxaUuwN.2","action":"ProcessGetUpdates", "result":"Done", "context":{"dataType":"Autofill", "deleted":"0", "process_failed_to_decrypt":"0", "process_pending_decryption":"0", "process_success":"2", "total":"2"}}
{"logTime": "0104/230322", "correlationVector":"Xs6vr2cSW63Dxe+zxaUuwN.3","action":"ProcessGetUpdates", "result":"Done", "context":{"dataType":"Sessions", "deleted":"0", "process_failed_to_decrypt":"0", "process_pending_decryption":"0", "process_success":"1", "total":"1"}}
{"logTime": "0104/230322", "correlationVector":"Xs6vr2cSW63Dxe+zxaUuwN.4","action":"ProcessGetUpdates", "result":"Done", "context":{"dataType":"History", "deleted":"0", "process_failed_to_decrypt":"0", "process_pending_decryption":"0", "process_success":"3", "total":"3"}}
{"logTime": "0104/230322", "correlationVector":"Xs6vr2cSW63Dxe+zxaUuwN.5","action":"GetUpdates Response", "result":"Success", "context":Received 6 update(s). cV=Xs6vr2cSW63Dxe+zxaUuwN.0;server=akswtt000000000;cloudType=Consumer;environment=Prod_northcentralus_prod-s01-050-nam-northcentralus;migrationStage=NotStarted}
{"logTime": "0104/230435", "correlationVector":"4HiHshk8N9oyGH20EY0OJ3","action":"Normal GetUpdate request", "result":"", "context":cV=4HiHshk8N9oyGH20EY0OJ3
Notified types: History}
{"logTime": "0104/230435", "correlationVector":"4HiHshk8N9oyGH20EY0OJ3.1","action":"SyncServerConnectionManagerRequest", "result":"SYNC_SERVER_OK", "context":{"environment":"Prod_northcentralus_prod-s01-050-nam-northcentralus", "migrationStage":"NotStarted", "server":"akswtt00000000y"}}
{"logTime": "0104/230435", "correlationVector":"4HiHshk8N9oyGH20EY0OJ3.2","action":"ProcessGetUpdates", "result":"Done", "context":{"dataType":"Sessions", "deleted":"0", "process_failed_to_decrypt":"0", "process_pending_decryption":"0", "process_success":"1", "total":"1"}}
{"logTime": "0104/230435", "correlationVector":"4HiHshk8N9oyGH20EY0OJ3.3","action":"ProcessGetUpdates", "result":"Done", "context":{"dataType":"History", "deleted":"0", "process_failed_to_decrypt":"0", "process_pending_decryption":"0", "process_success":"6", "total":"6"}}
{"logTime": "0104/230435", "correlationVector":"4HiHshk8N9oyGH20EY0OJ3.4","action":"GetUpdates Response", "result":"Success", "context":Received 7 update(s). cV=4HiHshk8N9oyGH20EY0OJ3.0;server=akswtt00000000y;cloudType=Consumer;environment=Prod_northcentralus_prod-s01-050-nam-northcentralus;migrationStage=NotStarted}
{"logTime": "0104/230603", "correlationVector":"LuVik9T4nIURWe5yXzUvQG","action":"Normal GetUpdate request", "result":"", "context":cV=LuVik9T4nIURWe5yXzUvQG
Notified types: History}
{"logTime": "0104/230603", "correlationVector":"LuVik9T4nIURWe5yXzUvQG.1","action":"SyncServerConnectionManagerRequest", "result":"SYNC_SERVER_OK", "context":{"environment":"Prod_northcentralus_prod-s01-050-nam-northcentralus", "migrationStage":"NotStarted", "server":"akswtt00000000b"}}
{"logTime": "0104/230603", "correlationVector":"LuVik9T4nIURWe5yXzUvQG.2","action":"ProcessGetUpdates", "result":"Done", "context":{"dataType":"Sessions", "deleted":"0", "process_failed_to_decrypt":"0", "process_pending_decryption":"0", "process_success":"1", "total":"1"}}
{"logTime": "0104/230603", "correlationVector":"LuVik9T4nIURWe5yXzUvQG.3","action":"ProcessGetUpdates", "result":"Done", "context":{"dataType":"History", "deleted":"0", "process_failed_to_decrypt":"0", "process_pending_decryption":"0", "process_success":"5", "total":"5"}}
{"logTime": "0104/230603", "correlationVector":"LuVik9T4nIURWe5yXzUvQG.4","action":"GetUpdates Response", "result":"Success", "context":Received 6 update(s). cV=LuVik9T4nIURWe5yXzUvQG.0;server=akswtt00000000b;cloudType=Consumer;environment=Prod_northcentralus_prod-s01-050-nam-northcentralus;migrationStage=NotStarted}
{"logTime": "0104/230608", "correlationVector":"hPwAEMs9wwY5qt9QqPMBSd","action":"Normal GetUpdate request", "result":"", "context":cV=hPwAEMs9wwY5qt9QqPMBSd
Notified types: Autofill, History}
{"logTime": "0104/230608", "correlationVector":"hPwAEMs9wwY5qt9QqPMBSd.1","action":"SyncServerConnectionManagerRequest", "result":"SYNC_SERVER_OK", "context":{"environment":"Prod_northcentralus_prod-s01-050-nam-northcentralus", "migrationStage":"NotStarted", "server":"akswtt000000005"}}
{"logTime": "0104/230608", "correlationVector":"hPwAEMs9wwY5qt9QqPMBSd.2","action":"ProcessGetUpdates", "result":"Done", "context":{"dataType":"Autofill", "deleted":"0", "process_failed_to_decrypt":"0", "process_pending_decryption":"0", "process_success":"1", "total":"1"}}
{"logTime": "0104/230608", "correlationVector":"hPwAEMs9wwY5qt9QqPMBSd.3","action":"ProcessGetUpdates", "result":"Done", "context":{"dataType":"Sessions", "deleted":"0", "process_failed_to_decrypt":"0", "process_pending_decryption":"0", "process_success":"1", "total":"1"}}
{"logTime": "0104/230608", "correlationVector":"hPwAEMs9wwY5qt9QqPMBSd.4","action":"ProcessGetUpdates", "result":"Done", "context":{"dataType":"History", "deleted":"0", "process_failed_to_decrypt":"0", "process_pending_decryption":"0", "process_success":"2", "total":"2"}}
{"logTime": "0104/230608", "correlationVector":"hPwAEMs9wwY5qt9QqPMBSd.5","action":"GetUpdates Response", "result":"Success", "context":Received 4 update(s). cV=hPwAEMs9wwY5qt9QqPMBSd.0;server=akswtt000000005;cloudType=Consumer;environment=Prod_northcentralus_prod-s01-050-nam-northcentralus;migrationStage=NotStarted}
{"logTime": "0104/230714", "correlationVector":"lK/fOLtEhEYARCNw9pOvs9","action":"Normal GetUpdate request", "result":"", "context":cV=lK/fOLtEhEYARCNw9pOvs9
Notified types: Autofill Profiles, History}
{"logTime": "0104/230714", "correlationVector":"lK/fOLtEhEYARCNw9pOvs9.1","action":"SyncServerConnectionManagerRequest", "result":"SYNC_SERVER_OK", "context":{"environment":"Prod_northcentralus_prod-s01-050-nam-northcentralus", "migrationStage":"NotStarted", "server":"akswtt00000000b"}}
{"logTime": "0104/230714", "correlationVector":"lK/fOLtEhEYARCNw9pOvs9.2","action":"ProcessGetUpdates", "result":"Done", "context":{"dataType":"Autofill Profiles", "deleted":"0", "process_failed_to_decrypt":"0", "process_pending_decryption":"0", "process_success":"1", "total":"1"}}
{"logTime": "0104/230714", "correlationVector":"lK/fOLtEhEYARCNw9pOvs9.3","action":"ProcessGetUpdates", "result":"Done", "context":{"dataType":"Sessions", "deleted":"0", "process_failed_to_decrypt":"0", "process_pending_decryption":"0", "process_success":"1", "total":"1"}}
{"logTime": "0104/230714", "correlationVector":"lK/fOLtEhEYARCNw9pOvs9.4","action":"ProcessGetUpdates", "result":"Done", "context":{"dataType":"History", "deleted":"0", "process_failed_to_decrypt":"0", "process_pending_decryption":"0", "process_success":"2", "total":"2"}}
{"logTime": "0104/230714", "correlationVector":"lK/fOLtEhEYARCNw9pOvs9.5","action":"GetUpdates Response", "result":"Success", "context":Received 4 update(s). cV=lK/fOLtEhEYARCNw9pOvs9.0;server=akswtt00000000b;cloudType=Consumer;environment=Prod_northcentralus_prod-s01-050-nam-northcentralus;migrationStage=NotStarted}
{"logTime": "0104/230730", "correlationVector":"cYot+Rc8+eySjL2OxjJK0o","action":"Normal GetUpdate request", "result":"", "context":cV=cYot+Rc8+eySjL2OxjJK0o
Notified types: Autofill, History}
{"logTime": "0104/230730", "correlationVector":"cYot+Rc8+eySjL2OxjJK0o.1","action":"SyncServerConnectionManagerRequest", "result":"SYNC_SERVER_OK", "context":{"environment":"Prod_northcentralus_prod-s01-050-nam-northcentralus", "migrationStage":"NotStarted", "server":"akswtt000000005"}}
{"logTime": "0104/230730", "correlationVector":"cYot+Rc8+eySjL2OxjJK0o.2","action":"ProcessGetUpdates", "result":"Done", "context":{"dataType":"Autofill", "deleted":"0", "process_failed_to_decrypt":"0", "process_pending_decryption":"0", "process_success":"1", "total":"1"}}
{"logTime": "0104/230730", "correlationVector":"cYot+Rc8+eySjL2OxjJK0o.3","action":"ProcessGetUpdates", "result":"Done", "context":{"dataType":"Sessions", "deleted":"0", "process_failed_to_decrypt":"0", "process_pending_decryption":"0", "process_success":"1", "total":"1"}}
{"logTime": "0104/230730", "correlationVector":"cYot+Rc8+eySjL2OxjJK0o.4","action":"ProcessGetUpdates", "result":"Done", "context":{"dataType":"History", "deleted":"0", "process_failed_to_decrypt":"0", "process_pending_decryption":"0", "process_success":"2", "total":"2"}}
{"logTime": "0104/230730", "correlationVector":"cYot+Rc8+eySjL2OxjJK0o.5","action":"GetUpdates Response", "result":"Success", "context":Received 4 update(s). cV=cYot+Rc8+eySjL2OxjJK0o.0;server=akswtt000000005;cloudType=Consumer;environment=Prod_northcentralus_prod-s01-050-nam-northcentralus;migrationStage=NotStarted}
{"logTime": "0104/230736", "correlationVector":"vCG3Z8Vs2gAfe+80XPotEq","action":"Normal GetUpdate request", "result":"", "context":cV=vCG3Z8Vs2gAfe+80XPotEq
Notified types: Preferences, Passwords}
{"logTime": "0104/230736", "correlationVector":"vCG3Z8Vs2gAfe+80XPotEq.1","action":"SyncServerConnectionManagerRequest", "result":"SYNC_SERVER_OK", "context":{"environment":"Prod_northcentralus_prod-s01-050-nam-northcentralus", "migrationStage":"NotStarted", "server":"akswtt000000005"}}
{"logTime": "0104/230736", "correlationVector":"vCG3Z8Vs2gAfe+80XPotEq.2","action":"ProcessGetUpdates", "result":"Done", "context":{"dataType":"Preferences", "deleted":"0", "process_failed_to_decrypt":"0", "process_pending_decryption":"0", "process_success":"2", "total":"2"}}
{"logTime": "0104/230736", "correlationVector":"vCG3Z8Vs2gAfe+80XPotEq.3","action":"ProcessGetUpdates", "result":"Done", "context":{"dataType":"Passwords", "deleted":"0", "process_failed_to_decrypt":"0", "process_pending_decryption":"0", "process_success":"1", "total":"1"}}
{"logTime": "0104/230736", "correlationVector":"vCG3Z8Vs2gAfe+80XPotEq.4","action":"GetUpdates Response", "result":"Success", "context":Received 3 update(s). cV=vCG3Z8Vs2gAfe+80XPotEq.0;server=akswtt000000005;cloudType=Consumer;environment=Prod_northcentralus_prod-s01-050-nam-northcentralus;migrationStage=NotStarted}
{"logTime": "0104/230737", "correlationVector":"TCoj7eYETPanITmLTbDQ+n","action":"Commit Request", "result":"", "context":Item count: 2
Contributing types: Preferences, Passwords}
{"logTime": "0104/230737", "correlationVector":"TCoj7eYETPanITmLTbDQ+n.1","action":"SyncServerConnectionManagerRequest", "result":"SYNC_SERVER_OK", "context":{"environment":"Prod_northcentralus_prod-s01-050-nam-northcentralus", "migrationStage":"NotStarted", "server":"akswtt000000014"}}
{"logTime": "0104/230737", "correlationVector":"TCoj7eYETPanITmLTbDQ+n.2","action":"Commit Response", "result":"Success", "context":Result: Success. cV=TCoj7eYETPanITmLTbDQ+n.0;server=akswtt000000014;cloudType=Consumer;environment=Prod_northcentralus_prod-s01-050-nam-northcentralus;migrationStage=NotStarted}
{"logTime": "0104/230737", "correlationVector":"TCoj7eYETPanITmLTbDQ+n.3","action":"Commit.Passwords", "result":"Conflict", "context":{"id":"4fb169da-3397-425e-bd86-1e0f082ab3e8", "isDeleted":"false", "size":"686", "version":"1767568055543"}}
{"logTime": "0104/230738", "correlationVector":"hW5XUWJGjk2+dJdMhwO3vV","action":"Normal GetUpdate request", "result":"", "context":cV=hW5XUWJGjk2+dJdMhwO3vV
Nudged types: Preferences, Passwords
Notified types: Preferences, Passwords}
{"logTime": "0104/230738", "correlationVector":"hW5XUWJGjk2+dJdMhwO3vV.1","action":"SyncServerConnectionManagerRequest", "result":"SYNC_SERVER_OK", "context":{"environment":"Prod_northcentralus_prod-s01-050-nam-northcentralus", "migrationStage":"NotStarted", "server":"akswtt00000000y"}}
{"logTime": "0104/230738", "correlationVector":"hW5XUWJGjk2+dJdMhwO3vV.2","action":"ProcessGetUpdates", "result":"Done", "context":{"dataType":"Preferences", "deleted":"0", "process_failed_to_decrypt":"0", "process_pending_decryption":"0", "process_success":"1", "total":"1"}}
{"logTime": "0104/230738", "correlationVector":"hW5XUWJGjk2+dJdMhwO3vV.3","action":"ProcessGetUpdates", "result":"Done", "context":{"dataType":"Passwords", "deleted":"0", "process_failed_to_decrypt":"0", "process_pending_decryption":"0", "process_success":"1", "total":"1"}}
{"logTime": "0104/230738", "correlationVector":"hW5XUWJGjk2+dJdMhwO3vV.4","action":"GetUpdates Response", "result":"Success", "context":Received 2 update(s). cV=hW5XUWJGjk2+dJdMhwO3vV.0;server=akswtt00000000y;cloudType=Consumer;environment=Prod_northcentralus_prod-s01-050-nam-northcentralus;migrationStage=NotStarted}
