2026-01-04 19:38:03.954: [INFO][Sync] Reset engine, reason: 8
2026-01-04 19:38:03.955: [INFO][Sync] Stopped: Bookmarks
2026-01-04 19:38:03.955: [INFO][Sync] Stopped: Preferences
2026-01-04 19:38:03.955: [INFO][Sync] Stopped: Passwords
2026-01-04 19:38:03.955: [INFO][Sync] Stopped: Autofill Profiles
2026-01-04 19:38:03.955: [INFO][Sync] Stopped: Autofill
2026-01-04 19:38:03.955: [INFO][Sync] Stopped: Extensions
2026-01-04 19:38:03.955: [INFO][Sync] Stopped: Sessions
2026-01-04 19:38:03.955: [INFO][Sync] Stopped: Extension settings
2026-01-04 19:38:03.955: [INFO][Sync] Stopped: History Delete Directives
2026-01-04 19:38:03.955: [INFO][Sync] Stopped: Device Info
2026-01-04 19:38:03.955: [INFO][Sync] Stopped: User Consents
2026-01-04 19:38:03.955: [INFO][Sync] Stopped: Send Tab To Self
2026-01-04 19:38:03.955: [INFO][Sync] Stopped: Web Apps
2026-01-04 19:38:03.955: [INFO][Sync] Stopped: History
2026-01-04 19:38:03.955: [INFO][Sync] Stopped: Saved Tab Group
2026-01-04 19:38:03.955: [INFO][Sync] Stopped: WebAuthn Credentials
2026-01-04 19:38:03.955: [INFO][Sync] Stopped: Collection
2026-01-04 19:38:03.955: [INFO][Sync] Stopped: Edge E Drop
2026-01-04 19:38:03.955: [INFO][Sync] Stopped: Edge Hub App Usage
2026-01-04 19:38:03.955: [INFO][Sync] Stopped: Edge Wallet
2026-01-04 19:38:03.955: [INFO][Sync] SyncState after authenticated was: NotSignedIn
2026-01-04 19:38:04.319: [INFO][Sync] Reset engine, reason: 8
2026-01-04 19:38:04.319: [INFO][Sync] Stopped: Bookmarks
2026-01-04 19:38:04.319: [INFO][Sync] Stopped: Preferences
2026-01-04 19:38:04.319: [INFO][Sync] Stopped: Passwords
2026-01-04 19:38:04.319: [INFO][Sync] Stopped: Autofill Profiles
2026-01-04 19:38:04.319: [INFO][Sync] Stopped: Autofill
2026-01-04 19:38:04.319: [INFO][Sync] Stopped: Extensions
2026-01-04 19:38:04.319: [INFO][Sync] Stopped: Sessions
2026-01-04 19:38:04.319: [INFO][Sync] Stopped: Extension settings
2026-01-04 19:38:04.319: [INFO][Sync] Stopped: History Delete Directives
2026-01-04 19:38:04.319: [INFO][Sync] Stopped: Device Info
2026-01-04 19:38:04.319: [INFO][Sync] Stopped: User Consents
2026-01-04 19:38:04.319: [INFO][Sync] Stopped: Send Tab To Self
2026-01-04 19:38:04.319: [INFO][Sync] Stopped: Web Apps
2026-01-04 19:38:04.319: [INFO][Sync] Stopped: History
2026-01-04 19:38:04.319: [INFO][Sync] Stopped: Saved Tab Group
2026-01-04 19:38:04.319: [INFO][Sync] Stopped: WebAuthn Credentials
2026-01-04 19:38:04.319: [INFO][Sync] Stopped: Collection
2026-01-04 19:38:04.319: [INFO][Sync] Stopped: Edge E Drop
2026-01-04 19:38:04.319: [INFO][Sync] Stopped: Edge Hub App Usage
2026-01-04 19:38:04.319: [INFO][Sync] Stopped: Edge Wallet
2026-01-04 19:38:05.121: [INFO][Sync] Try to start sync engine
2026-01-04 19:38:05.124: [INFO][SyncManagerImpl::NudgeForInitialDownload] Initial download nudge for Encryption Keys
2026-01-04 19:38:05.124: [INFO][SyncEngineBackend::LoadAndConnectNigoriController] Load and connect Nigori controller
2026-01-04 19:38:05.124: [INFO][SyncEngineBackend::DoInitialize] Control Types added: Encryption Keys
2026-01-04 19:38:05.124: [INFO][SyncManagerImpl::ConfigureSyncer] Types to download: Encryption Keys with reason: 3
2026-01-04 19:38:05.124: [INFO][SyncSchedulerImpl::DoConfigurationSyncCycleJob] Configure job was blocked
2026-01-04 19:38:05.482: [INFO][SyncAuthManager::SetLastAuthError] Current auth error: None
2026-01-04 19:38:05.482: [INFO][SyncAuthManager::EdgeLogTokenErrorState] Token error with: None for account type: MSA
2026-01-04 19:38:05.482: [INFO][Sync] Credentials changed for: EdgeSyncScopeNew
2026-01-04 19:38:05.919: [INFO][SyncAuthManager::SetLastAuthError] Current auth error: None
2026-01-04 19:38:05.919: [INFO][SyncAuthManager::EdgeLogTokenErrorState] Token error with: None for account type: MSA
2026-01-04 19:38:05.919: [INFO][Sync] Credentials changed for: EdgeSyncKeyDataScope
2026-01-04 19:38:05.919: [INFO][SyncEngineBackend::DoUpdateKeyDataCredentials] Update key data credentials
2026-01-04 19:38:05.919: [INFO][SyncEngineBackend::DoUpdateCredentials] Update credentials
2026-01-04 19:38:05.919: [INFO][SyncSchedulerImpl::DoConfigurationSyncCycleJob] Blocked types:  and types to download: Encryption Keys
2026-01-04 19:38:06.083: [INFO][Sync] Started DataTypeManager configuration, reason: 4
2026-01-04 19:38:06.083: [INFO][Sync] Configuring for: Bookmarks, Preferences, Passwords, Autofill Profiles, Autofill, Extensions, Sessions, Extension settings, History Delete Directives, Device Info, User Consents, Send Tab To Self, Web Apps, History, Saved Tab Group, WebAuthn Credentials, Collection, Edge E Drop, Edge Hub App Usage, Edge Wallet, Encryption Keys, reason: 3, current state: 0
2026-01-04 19:38:06.083: [WARN][Sync] Crypto error data types: Passwords, Autofill Profiles, Autofill
2026-01-04 19:38:06.086: [INFO][Sync] Configure, desired: Bookmarks, Preferences, Extensions, Sessions, Extension settings, History Delete Directives, Device Info, User Consents, Send Tab To Self, Web Apps, History, Saved Tab Group, WebAuthn Credentials, Collection, Edge E Drop, Edge Hub App Usage, Edge Wallet, Encryption Keys; Allow fail: Passwords, Autofill Profiles, Autofill
2026-01-04 19:38:06.086: [INFO][Sync] Loading: Bookmarks
2026-01-04 19:38:06.086: [INFO][Sync] Loading: Preferences
2026-01-04 19:38:06.086: [INFO][Sync] Loading: Extensions
2026-01-04 19:38:06.086: [INFO][Sync] Loading: Sessions
2026-01-04 19:38:06.086: [INFO][Sync] Loading: Extension settings
2026-01-04 19:38:06.086: [INFO][Sync] Loading: History Delete Directives
2026-01-04 19:38:06.086: [INFO][Sync] Loading: Device Info
2026-01-04 19:38:06.086: [INFO][Sync] Loading: User Consents
2026-01-04 19:38:06.086: [INFO][Sync] Loading: Send Tab To Self
2026-01-04 19:38:06.086: [INFO][Sync] Loading: Web Apps
2026-01-04 19:38:06.086: [INFO][Sync] Loading: History
2026-01-04 19:38:06.086: [INFO][Sync] Loading: Saved Tab Group
2026-01-04 19:38:06.086: [INFO][Sync] Loading: WebAuthn Credentials
2026-01-04 19:38:06.086: [INFO][Sync] Loading: Collection
2026-01-04 19:38:06.086: [INFO][Sync] Loading: Edge E Drop
2026-01-04 19:38:06.086: [INFO][Sync] Loading: Edge Hub App Usage
2026-01-04 19:38:06.086: [INFO][Sync] Loading: Edge Wallet
2026-01-04 19:38:06.093: [INFO][Sync] All data types are ready for configure.
2026-01-04 19:38:06.390: [INFO][Sync] Started DataTypeManager configuration, reason: 5
2026-01-04 19:38:06.390: [INFO][Sync] Configuring for: Bookmarks, Preferences, Passwords, Autofill Profiles, Autofill, Extensions, Sessions, Extension settings, History Delete Directives, Device Info, User Consents, Send Tab To Self, Web Apps, History, Saved Tab Group, WebAuthn Credentials, Collection, Edge E Drop, Edge Hub App Usage, Edge Wallet, Encryption Keys, reason: 5, current state: 1
2026-01-04 19:38:06.407: [INFO][SyncEngineBackend::DoStartConfiguration] Start configuration
2026-01-04 19:38:06.407: [INFO][SyncManagerImpl::NudgeForInitialDownload] Initial download nudge for Bookmarks
2026-01-04 19:38:06.407: [INFO][SyncManagerImpl::NudgeForInitialDownload] Initial download nudge for Preferences
2026-01-04 19:38:06.407: [INFO][SyncManagerImpl::NudgeForInitialDownload] Initial download nudge for Extensions
2026-01-04 19:38:06.407: [INFO][SyncManagerImpl::NudgeForInitialDownload] Initial download nudge for Sessions
2026-01-04 19:38:06.407: [INFO][SyncManagerImpl::NudgeForInitialDownload] Initial download nudge for Extension settings
2026-01-04 19:38:06.407: [INFO][SyncManagerImpl::NudgeForInitialDownload] Initial download nudge for History Delete Directives
2026-01-04 19:38:06.407: [INFO][SyncManagerImpl::NudgeForInitialDownload] Initial download nudge for Device Info
2026-01-04 19:38:06.407: [INFO][SyncManagerImpl::NudgeForInitialDownload] Initial download nudge for Send Tab To Self
2026-01-04 19:38:06.407: [INFO][SyncManagerImpl::NudgeForInitialDownload] Initial download nudge for Web Apps
2026-01-04 19:38:06.407: [INFO][SyncManagerImpl::NudgeForInitialDownload] Initial download nudge for History
2026-01-04 19:38:06.407: [INFO][SyncManagerImpl::NudgeForInitialDownload] Initial download nudge for Saved Tab Group
2026-01-04 19:38:06.407: [INFO][SyncManagerImpl::NudgeForInitialDownload] Initial download nudge for WebAuthn Credentials
2026-01-04 19:38:06.407: [INFO][SyncManagerImpl::NudgeForInitialDownload] Initial download nudge for Collection
2026-01-04 19:38:06.407: [INFO][SyncManagerImpl::NudgeForInitialDownload] Initial download nudge for Edge E Drop
2026-01-04 19:38:06.407: [INFO][SyncManagerImpl::NudgeForInitialDownload] Initial download nudge for Edge Hub App Usage
2026-01-04 19:38:06.407: [INFO][SyncManagerImpl::NudgeForInitialDownload] Initial download nudge for Edge Wallet
2026-01-04 19:38:06.407: [INFO][SyncManagerImpl::ConfigureSyncer] Types to download:  with reason: 3
2026-01-04 19:38:06.407: [INFO][SyncEngineBackend::DoFinishConfigureDataTypes] Failed to download types:  and succeeded types: 
2026-01-04 19:38:06.408: [INFO][Sync] ConfigurationDone, failed: , succeeded: , remaining count: 4
2026-01-04 19:38:06.408: [WARN][Sync]     Reconfigure requested while configuration ongoing.
2026-01-04 19:38:06.408: [INFO][Sync] Configuring for: Bookmarks, Preferences, Passwords, Autofill Profiles, Autofill, Extensions, Sessions, Extension settings, History Delete Directives, Device Info, User Consents, Send Tab To Self, Web Apps, History, Saved Tab Group, WebAuthn Credentials, Collection, Edge E Drop, Edge Hub App Usage, Edge Wallet, Encryption Keys, reason: 5, current state: 2
2026-01-04 19:38:06.408: [INFO][Sync] Configure, desired: Bookmarks, Preferences, Passwords, Autofill Profiles, Autofill, Extensions, Sessions, Extension settings, History Delete Directives, Device Info, User Consents, Send Tab To Self, Web Apps, History, Saved Tab Group, WebAuthn Credentials, Collection, Edge E Drop, Edge Hub App Usage, Edge Wallet, Encryption Keys; Allow fail: 
2026-01-04 19:38:06.408: [INFO][Sync] Loading: Passwords
2026-01-04 19:38:06.408: [INFO][Sync] Loading: Autofill Profiles
2026-01-04 19:38:06.408: [INFO][Sync] Loading: Autofill
2026-01-04 19:38:06.408: [INFO][Sync] All data types are ready for configure.
2026-01-04 19:38:06.408: [INFO][SyncManagerImpl::NudgeForInitialDownload] Initial download nudge for Passwords
2026-01-04 19:38:06.408: [INFO][SyncManagerImpl::NudgeForInitialDownload] Initial download nudge for Autofill Profiles
2026-01-04 19:38:06.408: [INFO][SyncManagerImpl::NudgeForInitialDownload] Initial download nudge for Autofill
2026-01-04 19:38:06.408: [INFO][SyncManagerImpl::ConfigureSyncer] Types to download:  with reason: 5
2026-01-04 19:38:06.408: [INFO][SyncEngineBackend::DoFinishConfigureDataTypes] Failed to download types:  and succeeded types: 
2026-01-04 19:38:06.408: [INFO][Sync] ConfigurationDone, failed: , succeeded: , remaining count: 4
2026-01-04 19:38:06.408: [INFO][Sync] Prepare to configure types: Preferences, Passwords, Device Info, Send Tab To Self, Edge E Drop, Encryption Keys
2026-01-04 19:38:06.408: [INFO][SyncManagerImpl::ConfigureSyncer] Types to download: Preferences, Passwords, Device Info, Send Tab To Self, Edge E Drop, Encryption Keys with reason: 5
2026-01-04 19:38:06.408: [INFO][SyncSchedulerImpl::DoConfigurationSyncCycleJob] Blocked types:  and types to download: Preferences, Passwords, Device Info, Send Tab To Self, Edge E Drop, Encryption Keys
2026-01-04 19:38:06.621: [INFO][SyncEngineBackend::DoFinishConfigureDataTypes] Failed to download types:  and succeeded types: Preferences, Passwords, Device Info, Send Tab To Self, Edge E Drop, Encryption Keys
2026-01-04 19:38:06.631: [INFO][Sync] ConfigurationDone, failed: , succeeded: Preferences, Passwords, Device Info, Send Tab To Self, Edge E Drop, Encryption Keys, remaining count: 3
2026-01-04 19:38:06.631: [INFO][Sync] Prepare to configure types: Bookmarks, Encryption Keys
2026-01-04 19:38:06.631: [INFO][SyncManagerImpl::ConfigureSyncer] Types to download: Bookmarks, Encryption Keys with reason: 5
2026-01-04 19:38:06.631: [INFO][SyncSchedulerImpl::DoConfigurationSyncCycleJob] Blocked types:  and types to download: Bookmarks, Encryption Keys
2026-01-04 19:38:06.818: [INFO][SyncEngineBackend::DoFinishConfigureDataTypes] Failed to download types:  and succeeded types: Bookmarks, Encryption Keys
2026-01-04 19:38:06.825: [INFO][Sync] ConfigurationDone, failed: , succeeded: Bookmarks, Encryption Keys, remaining count: 2
2026-01-04 19:38:06.825: [INFO][Sync] Prepare to configure types: Autofill Profiles, Autofill, Extensions, Sessions, Extension settings, History Delete Directives, Web Apps, Saved Tab Group, WebAuthn Credentials, Collection, Edge Hub App Usage, Edge Wallet, Encryption Keys
2026-01-04 19:38:06.825: [INFO][SyncManagerImpl::ConfigureSyncer] Types to download: Autofill Profiles, Autofill, Extensions, Sessions, Extension settings, History Delete Directives, Web Apps, Saved Tab Group, WebAuthn Credentials, Collection, Edge Hub App Usage, Edge Wallet, Encryption Keys with reason: 5
2026-01-04 19:38:06.825: [INFO][SyncSchedulerImpl::DoConfigurationSyncCycleJob] Blocked types:  and types to download: Autofill Profiles, Autofill, Extensions, Sessions, Extension settings, History Delete Directives, Web Apps, Saved Tab Group, WebAuthn Credentials, Collection, Edge Hub App Usage, Edge Wallet, Encryption Keys
2026-01-04 19:38:07.759: [INFO][SyncEngineBackend::DoFinishConfigureDataTypes] Failed to download types:  and succeeded types: Autofill Profiles, Autofill, Extensions, Sessions, Extension settings, History Delete Directives, Web Apps, Saved Tab Group, WebAuthn Credentials, Collection, Edge Hub App Usage, Edge Wallet, Encryption Keys
2026-01-04 19:38:07.761: [INFO][Sync] ConfigurationDone, failed: , succeeded: Autofill Profiles, Autofill, Extensions, Sessions, Extension settings, History Delete Directives, Web Apps, Saved Tab Group, WebAuthn Credentials, Collection, Edge Hub App Usage, Edge Wallet, Encryption Keys, remaining count: 1
2026-01-04 19:38:07.764: [INFO][Sync] Prepare to configure types: History, Encryption Keys
2026-01-04 19:38:07.765: [INFO][SyncManagerImpl::ConfigureSyncer] Types to download: History, Encryption Keys with reason: 5
2026-01-04 19:38:07.765: [INFO][SyncSchedulerImpl::DoConfigurationSyncCycleJob] Blocked types:  and types to download: History, Encryption Keys
2026-01-04 19:38:08.463: [INFO][SyncEngineBackend::DoFinishConfigureDataTypes] Failed to download types:  and succeeded types: History, Encryption Keys
2026-01-04 19:38:08.468: [INFO][Sync] ConfigurationDone, failed: , succeeded: History, Encryption Keys, remaining count: 0
2026-01-04 19:38:08.474: [INFO][Sync]     Configuration completed, state: 7
2026-01-04 19:38:08.474: [INFO][Sync] Configured DataTypeManager: Ok
2026-01-04 19:38:08.480: [INFO][SyncEngineBackend::DoStartSyncing] Start syncing
2026-01-04 20:33:34.085: [INFO][Sync] Reset engine, reason: 0
2026-01-04 20:33:34.085: [INFO][Sync] Reset engine with reason: 0
2026-01-04 20:49:48.170: [INFO][Sync] SyncState after authenticated was: FeatureCanStart
2026-01-04 20:49:49.721: [INFO][SyncAuthManager::SetLastAuthError] Current auth error: None
2026-01-04 20:49:49.722: [INFO][SyncAuthManager::EdgeLogTokenErrorState] Token error with: None for account type: MSA
2026-01-04 20:49:49.722: [INFO][Sync] Credentials changed for: EdgeSyncKeyDataScope
2026-01-04 20:49:58.337: [INFO][Sync] Try to start sync engine
2026-01-04 20:49:58.338: [INFO][SyncManagerImpl::NudgeForInitialDownload] Initial download nudge for Encryption Keys
2026-01-04 20:49:58.338: [INFO][SyncEngineBackend::LoadAndConnectNigoriController] Load and connect Nigori controller
2026-01-04 20:49:58.338: [INFO][SyncEngineBackend::DoInitialize] Control Types added: Encryption Keys
2026-01-04 20:49:58.338: [INFO][SyncManagerImpl::ConfigureSyncer] Types to download: Encryption Keys with reason: 3
2026-01-04 20:49:58.338: [INFO][SyncEngineBackend::DoUpdateKeyDataCredentials] Update key data credentials
2026-01-04 20:49:58.338: [INFO][SyncSchedulerImpl::DoConfigurationSyncCycleJob] Configure job was blocked
2026-01-04 20:49:58.380: [INFO][SyncAuthManager::SetLastAuthError] Current auth error: None
2026-01-04 20:49:58.380: [INFO][SyncAuthManager::EdgeLogTokenErrorState] Token error with: None for account type: MSA
2026-01-04 20:49:58.380: [INFO][Sync] Credentials changed for: EdgeSyncScopeNew
2026-01-04 20:49:58.380: [INFO][SyncEngineBackend::DoUpdateCredentials] Update credentials
2026-01-04 20:49:58.380: [INFO][SyncSchedulerImpl::DoConfigurationSyncCycleJob] Blocked types:  and types to download: Encryption Keys
2026-01-04 20:49:58.647: [INFO][SyncEngineBackend::DoUpdateKeyDataCredentials] Update key data credentials
2026-01-04 20:49:58.668: [INFO][Sync] Started DataTypeManager configuration, reason: 4
2026-01-04 20:49:58.668: [INFO][Sync] Configuring for: Bookmarks, Preferences, Passwords, Autofill Profiles, Autofill, Extensions, Sessions, Extension settings, History Delete Directives, Device Info, User Consents, Send Tab To Self, Web Apps, History, Saved Tab Group, WebAuthn Credentials, Collection, Edge E Drop, Edge Hub App Usage, Edge Wallet, Encryption Keys, reason: 4, current state: 0
2026-01-04 20:49:58.668: [WARN][Sync] Crypto error data types: Passwords, Autofill Profiles, Autofill
2026-01-04 20:49:58.673: [INFO][Sync] Configure, desired: Bookmarks, Preferences, Extensions, Sessions, Extension settings, History Delete Directives, Device Info, User Consents, Send Tab To Self, Web Apps, History, Saved Tab Group, WebAuthn Credentials, Collection, Edge E Drop, Edge Hub App Usage, Edge Wallet, Encryption Keys; Allow fail: Passwords, Autofill Profiles, Autofill
2026-01-04 20:49:58.673: [INFO][Sync] Loading: Bookmarks
2026-01-04 20:49:58.673: [INFO][Sync] Loading: Preferences
2026-01-04 20:49:58.673: [INFO][Sync] Loading: Extensions
2026-01-04 20:49:58.673: [INFO][Sync] Loading: Sessions
2026-01-04 20:49:58.673: [INFO][Sync] Loading: Extension settings
2026-01-04 20:49:58.673: [INFO][Sync] Loading: History Delete Directives
2026-01-04 20:49:58.673: [INFO][Sync] Loading: Device Info
2026-01-04 20:49:58.673: [INFO][Sync] Loading: User Consents
2026-01-04 20:49:58.673: [INFO][Sync] Loading: Send Tab To Self
2026-01-04 20:49:58.673: [INFO][Sync] Loading: Web Apps
2026-01-04 20:49:58.673: [INFO][Sync] Loading: History
2026-01-04 20:49:58.673: [INFO][Sync] Loading: Saved Tab Group
2026-01-04 20:49:58.673: [INFO][Sync] Loading: WebAuthn Credentials
2026-01-04 20:49:58.673: [INFO][Sync] Loading: Collection
2026-01-04 20:49:58.673: [INFO][Sync] Loading: Edge E Drop
2026-01-04 20:49:58.674: [INFO][Sync] Loading: Edge Hub App Usage
2026-01-04 20:49:58.674: [INFO][Sync] Loading: Edge Wallet
2026-01-04 20:49:58.687: [INFO][Sync] All data types are ready for configure.
2026-01-04 20:49:58.981: [INFO][Sync] Started DataTypeManager configuration, reason: 5
2026-01-04 20:49:58.981: [INFO][Sync] Configuring for: Bookmarks, Preferences, Passwords, Autofill Profiles, Autofill, Extensions, Sessions, Extension settings, History Delete Directives, Device Info, User Consents, Send Tab To Self, Web Apps, History, Saved Tab Group, WebAuthn Credentials, Collection, Edge E Drop, Edge Hub App Usage, Edge Wallet, Encryption Keys, reason: 5, current state: 1
2026-01-04 20:49:58.999: [INFO][SyncEngineBackend::DoStartConfiguration] Start configuration
2026-01-04 20:49:58.999: [INFO][SyncManagerImpl::ConfigureSyncer] Types to download:  with reason: 4
2026-01-04 20:49:58.999: [INFO][SyncEngineBackend::DoFinishConfigureDataTypes] Failed to download types:  and succeeded types: 
2026-01-04 20:49:58.999: [INFO][Sync] ConfigurationDone, failed: , succeeded: , remaining count: 4
2026-01-04 20:49:58.999: [WARN][Sync]     Reconfigure requested while configuration ongoing.
2026-01-04 20:49:58.999: [INFO][Sync] Configuring for: Bookmarks, Preferences, Passwords, Autofill Profiles, Autofill, Extensions, Sessions, Extension settings, History Delete Directives, Device Info, User Consents, Send Tab To Self, Web Apps, History, Saved Tab Group, WebAuthn Credentials, Collection, Edge E Drop, Edge Hub App Usage, Edge Wallet, Encryption Keys, reason: 5, current state: 2
2026-01-04 20:49:58.999: [INFO][Sync] Configure, desired: Bookmarks, Preferences, Passwords, Autofill Profiles, Autofill, Extensions, Sessions, Extension settings, History Delete Directives, Device Info, User Consents, Send Tab To Self, Web Apps, History, Saved Tab Group, WebAuthn Credentials, Collection, Edge E Drop, Edge Hub App Usage, Edge Wallet, Encryption Keys; Allow fail: 
2026-01-04 20:49:58.999: [INFO][Sync] Loading: Passwords
2026-01-04 20:49:58.999: [INFO][Sync] Loading: Autofill Profiles
2026-01-04 20:49:58.999: [INFO][Sync] Loading: Autofill
2026-01-04 20:49:58.999: [INFO][Sync] All data types are ready for configure.
2026-01-04 20:49:58.999: [INFO][SyncManagerImpl::NudgeForInitialDownload] Initial download nudge for Passwords
2026-01-04 20:49:59.000: [INFO][SyncManagerImpl::ConfigureSyncer] Types to download:  with reason: 5
2026-01-04 20:49:59.000: [INFO][SyncEngineBackend::DoFinishConfigureDataTypes] Failed to download types:  and succeeded types: 
2026-01-04 20:49:59.000: [INFO][Sync] ConfigurationDone, failed: , succeeded: , remaining count: 4
2026-01-04 20:49:59.000: [INFO][Sync] Prepare to configure types: Passwords, Encryption Keys
2026-01-04 20:49:59.000: [INFO][SyncManagerImpl::ConfigureSyncer] Types to download: Passwords, Encryption Keys with reason: 5
2026-01-04 20:49:59.000: [INFO][SyncSchedulerImpl::DoConfigurationSyncCycleJob] Blocked types:  and types to download: Passwords, Encryption Keys
2026-01-04 20:49:59.146: [INFO][SyncEngineBackend::DoFinishConfigureDataTypes] Failed to download types:  and succeeded types: Passwords, Encryption Keys
2026-01-04 20:49:59.149: [INFO][Sync] ConfigurationDone, failed: , succeeded: Passwords, Encryption Keys, remaining count: 3
2026-01-04 20:49:59.149: [INFO][SyncManagerImpl::ConfigureSyncer] Types to download:  with reason: 5
2026-01-04 20:49:59.149: [INFO][SyncEngineBackend::DoFinishConfigureDataTypes] Failed to download types:  and succeeded types: 
2026-01-04 20:49:59.156: [INFO][Sync] ConfigurationDone, failed: , succeeded: , remaining count: 2
2026-01-04 20:49:59.156: [INFO][SyncManagerImpl::ConfigureSyncer] Types to download:  with reason: 5
2026-01-04 20:49:59.156: [INFO][SyncEngineBackend::DoFinishConfigureDataTypes] Failed to download types:  and succeeded types: 
2026-01-04 20:49:59.156: [INFO][Sync] ConfigurationDone, failed: , succeeded: , remaining count: 1
2026-01-04 20:49:59.161: [INFO][SyncManagerImpl::ConfigureSyncer] Types to download:  with reason: 5
2026-01-04 20:49:59.161: [INFO][SyncEngineBackend::DoFinishConfigureDataTypes] Failed to download types:  and succeeded types: 
2026-01-04 20:49:59.161: [INFO][Sync] ConfigurationDone, failed: , succeeded: , remaining count: 0
2026-01-04 20:49:59.166: [INFO][Sync]     Configuration completed, state: 7
2026-01-04 20:49:59.167: [INFO][Sync] Configured DataTypeManager: Ok
2026-01-04 20:49:59.173: [INFO][SyncEngineBackend::DoStartSyncing] Start syncing
2026-01-04 20:50:15.442: [INFO][Sync] Reset engine, reason: 0
2026-01-04 20:50:15.442: [INFO][Sync] Reset engine with reason: 0
2026-01-04 21:41:06.760: [INFO][Sync] SyncState after authenticated was: FeatureCanStart
2026-01-04 21:41:08.320: [INFO][SyncAuthManager::SetLastAuthError] Current auth error: None
2026-01-04 21:41:08.321: [INFO][SyncAuthManager::EdgeLogTokenErrorState] Token error with: None for account type: MSA
2026-01-04 21:41:08.321: [INFO][Sync] Credentials changed for: EdgeSyncKeyDataScope
2026-01-04 21:41:16.928: [INFO][Sync] Try to start sync engine
2026-01-04 21:41:16.930: [INFO][SyncManagerImpl::NudgeForInitialDownload] Initial download nudge for Encryption Keys
2026-01-04 21:41:16.930: [INFO][SyncEngineBackend::LoadAndConnectNigoriController] Load and connect Nigori controller
2026-01-04 21:41:16.930: [INFO][SyncEngineBackend::DoInitialize] Control Types added: Encryption Keys
2026-01-04 21:41:16.930: [INFO][SyncManagerImpl::ConfigureSyncer] Types to download: Encryption Keys with reason: 3
2026-01-04 21:41:16.930: [INFO][SyncEngineBackend::DoUpdateKeyDataCredentials] Update key data credentials
2026-01-04 21:41:16.930: [INFO][SyncSchedulerImpl::DoConfigurationSyncCycleJob] Configure job was blocked
2026-01-04 21:41:16.974: [INFO][SyncAuthManager::SetLastAuthError] Current auth error: None
2026-01-04 21:41:16.975: [INFO][SyncAuthManager::EdgeLogTokenErrorState] Token error with: None for account type: MSA
2026-01-04 21:41:16.975: [INFO][Sync] Credentials changed for: EdgeSyncScopeNew
2026-01-04 21:41:16.975: [INFO][SyncEngineBackend::DoUpdateCredentials] Update credentials
2026-01-04 21:41:16.975: [INFO][SyncSchedulerImpl::DoConfigurationSyncCycleJob] Blocked types:  and types to download: Encryption Keys
2026-01-04 21:41:17.263: [INFO][SyncEngineBackend::DoUpdateKeyDataCredentials] Update key data credentials
2026-01-04 21:41:17.286: [INFO][Sync] Started DataTypeManager configuration, reason: 4
2026-01-04 21:41:17.286: [INFO][Sync] Configuring for: Bookmarks, Preferences, Passwords, Autofill Profiles, Autofill, Extensions, Sessions, Extension settings, History Delete Directives, Device Info, User Consents, Send Tab To Self, Web Apps, History, Saved Tab Group, WebAuthn Credentials, Collection, Edge E Drop, Edge Hub App Usage, Edge Wallet, Encryption Keys, reason: 4, current state: 0
2026-01-04 21:41:17.286: [WARN][Sync] Crypto error data types: Passwords, Autofill Profiles, Autofill
2026-01-04 21:41:17.292: [INFO][Sync] Configure, desired: Bookmarks, Preferences, Extensions, Sessions, Extension settings, History Delete Directives, Device Info, User Consents, Send Tab To Self, Web Apps, History, Saved Tab Group, WebAuthn Credentials, Collection, Edge E Drop, Edge Hub App Usage, Edge Wallet, Encryption Keys; Allow fail: Passwords, Autofill Profiles, Autofill
2026-01-04 21:41:17.292: [INFO][Sync] Loading: Bookmarks
2026-01-04 21:41:17.292: [INFO][Sync] Loading: Preferences
2026-01-04 21:41:17.292: [INFO][Sync] Loading: Extensions
2026-01-04 21:41:17.292: [INFO][Sync] Loading: Sessions
2026-01-04 21:41:17.292: [INFO][Sync] Loading: Extension settings
2026-01-04 21:41:17.292: [INFO][Sync] Loading: History Delete Directives
2026-01-04 21:41:17.293: [INFO][Sync] Loading: Device Info
2026-01-04 21:41:17.293: [INFO][Sync] Loading: User Consents
2026-01-04 21:41:17.293: [INFO][Sync] Loading: Send Tab To Self
2026-01-04 21:41:17.293: [INFO][Sync] Loading: Web Apps
2026-01-04 21:41:17.293: [INFO][Sync] Loading: History
2026-01-04 21:41:17.293: [INFO][Sync] Loading: Saved Tab Group
2026-01-04 21:41:17.293: [INFO][Sync] Loading: WebAuthn Credentials
2026-01-04 21:41:17.293: [INFO][Sync] Loading: Collection
2026-01-04 21:41:17.293: [INFO][Sync] Loading: Edge E Drop
2026-01-04 21:41:17.293: [INFO][Sync] Loading: Edge Hub App Usage
2026-01-04 21:41:17.293: [INFO][Sync] Loading: Edge Wallet
2026-01-04 21:41:17.308: [INFO][Sync] All data types are ready for configure.
2026-01-04 21:41:17.642: [INFO][Sync] Started DataTypeManager configuration, reason: 5
2026-01-04 21:41:17.642: [INFO][Sync] Configuring for: Bookmarks, Preferences, Passwords, Autofill Profiles, Autofill, Extensions, Sessions, Extension settings, History Delete Directives, Device Info, User Consents, Send Tab To Self, Web Apps, History, Saved Tab Group, WebAuthn Credentials, Collection, Edge E Drop, Edge Hub App Usage, Edge Wallet, Encryption Keys, reason: 5, current state: 1
2026-01-04 21:41:17.661: [INFO][SyncEngineBackend::DoStartConfiguration] Start configuration
2026-01-04 21:41:17.661: [INFO][SyncManagerImpl::ConfigureSyncer] Types to download:  with reason: 4
2026-01-04 21:41:17.661: [INFO][SyncEngineBackend::DoFinishConfigureDataTypes] Failed to download types:  and succeeded types: 
2026-01-04 21:41:17.661: [INFO][Sync] ConfigurationDone, failed: , succeeded: , remaining count: 4
2026-01-04 21:41:17.661: [WARN][Sync]     Reconfigure requested while configuration ongoing.
2026-01-04 21:41:17.661: [INFO][Sync] Configuring for: Bookmarks, Preferences, Passwords, Autofill Profiles, Autofill, Extensions, Sessions, Extension settings, History Delete Directives, Device Info, User Consents, Send Tab To Self, Web Apps, History, Saved Tab Group, WebAuthn Credentials, Collection, Edge E Drop, Edge Hub App Usage, Edge Wallet, Encryption Keys, reason: 5, current state: 2
2026-01-04 21:41:17.661: [INFO][Sync] Configure, desired: Bookmarks, Preferences, Passwords, Autofill Profiles, Autofill, Extensions, Sessions, Extension settings, History Delete Directives, Device Info, User Consents, Send Tab To Self, Web Apps, History, Saved Tab Group, WebAuthn Credentials, Collection, Edge E Drop, Edge Hub App Usage, Edge Wallet, Encryption Keys; Allow fail: 
2026-01-04 21:41:17.661: [INFO][Sync] Loading: Passwords
2026-01-04 21:41:17.661: [INFO][Sync] Loading: Autofill Profiles
2026-01-04 21:41:17.661: [INFO][Sync] Loading: Autofill
2026-01-04 21:41:17.661: [INFO][Sync] All data types are ready for configure.
2026-01-04 21:41:17.661: [INFO][SyncManagerImpl::NudgeForInitialDownload] Initial download nudge for Passwords
2026-01-04 21:41:17.661: [INFO][SyncManagerImpl::ConfigureSyncer] Types to download:  with reason: 5
2026-01-04 21:41:17.661: [INFO][SyncEngineBackend::DoFinishConfigureDataTypes] Failed to download types:  and succeeded types: 
2026-01-04 21:41:17.661: [INFO][Sync] ConfigurationDone, failed: , succeeded: , remaining count: 4
2026-01-04 21:41:17.661: [INFO][Sync] Prepare to configure types: Passwords, Encryption Keys
2026-01-04 21:41:17.661: [INFO][SyncManagerImpl::ConfigureSyncer] Types to download: Passwords, Encryption Keys with reason: 5
2026-01-04 21:41:17.661: [INFO][SyncSchedulerImpl::DoConfigurationSyncCycleJob] Blocked types:  and types to download: Passwords, Encryption Keys
2026-01-04 21:41:17.880: [INFO][SyncEngineBackend::DoFinishConfigureDataTypes] Failed to download types:  and succeeded types: Passwords, Encryption Keys
2026-01-04 21:41:17.885: [INFO][Sync] ConfigurationDone, failed: , succeeded: Passwords, Encryption Keys, remaining count: 3
2026-01-04 21:41:17.885: [INFO][SyncManagerImpl::ConfigureSyncer] Types to download:  with reason: 5
2026-01-04 21:41:17.885: [INFO][SyncEngineBackend::DoFinishConfigureDataTypes] Failed to download types:  and succeeded types: 
2026-01-04 21:41:17.885: [INFO][Sync] ConfigurationDone, failed: , succeeded: , remaining count: 2
2026-01-04 21:41:17.885: [INFO][SyncManagerImpl::ConfigureSyncer] Types to download:  with reason: 5
2026-01-04 21:41:17.885: [INFO][SyncEngineBackend::DoFinishConfigureDataTypes] Failed to download types:  and succeeded types: 
2026-01-04 21:41:17.891: [INFO][Sync] ConfigurationDone, failed: , succeeded: , remaining count: 1
2026-01-04 21:41:17.895: [INFO][SyncManagerImpl::ConfigureSyncer] Types to download:  with reason: 5
2026-01-04 21:41:17.895: [INFO][SyncEngineBackend::DoFinishConfigureDataTypes] Failed to download types:  and succeeded types: 
2026-01-04 21:41:17.895: [INFO][Sync] ConfigurationDone, failed: , succeeded: , remaining count: 0
2026-01-04 21:41:17.901: [INFO][Sync]     Configuration completed, state: 7
2026-01-04 21:41:17.901: [INFO][Sync] Configured DataTypeManager: Ok
2026-01-04 21:41:17.907: [INFO][SyncEngineBackend::DoStartSyncing] Start syncing
2026-01-04 21:44:48.863: [INFO][Sync] Reset engine, reason: 0
2026-01-04 21:44:48.863: [INFO][Sync] Reset engine with reason: 0
2026-01-04 21:45:24.371: [INFO][Sync] SyncState after authenticated was: FeatureCanStart
2026-01-04 21:45:25.804: [INFO][SyncAuthManager::SetLastAuthError] Current auth error: None
2026-01-04 21:45:25.804: [INFO][SyncAuthManager::EdgeLogTokenErrorState] Token error with: None for account type: MSA
2026-01-04 21:45:25.804: [INFO][Sync] Credentials changed for: EdgeSyncKeyDataScope
2026-01-04 21:45:34.522: [INFO][Sync] Try to start sync engine
2026-01-04 21:45:34.523: [INFO][SyncManagerImpl::NudgeForInitialDownload] Initial download nudge for Encryption Keys
2026-01-04 21:45:34.523: [INFO][SyncEngineBackend::LoadAndConnectNigoriController] Load and connect Nigori controller
2026-01-04 21:45:34.523: [INFO][SyncEngineBackend::DoInitialize] Control Types added: Encryption Keys
2026-01-04 21:45:34.523: [INFO][SyncManagerImpl::ConfigureSyncer] Types to download: Encryption Keys with reason: 3
2026-01-04 21:45:34.523: [INFO][SyncEngineBackend::DoUpdateKeyDataCredentials] Update key data credentials
2026-01-04 21:45:34.523: [INFO][SyncSchedulerImpl::DoConfigurationSyncCycleJob] Configure job was blocked
2026-01-04 21:45:34.574: [INFO][SyncAuthManager::SetLastAuthError] Current auth error: None
2026-01-04 21:45:34.574: [INFO][SyncAuthManager::EdgeLogTokenErrorState] Token error with: None for account type: MSA
2026-01-04 21:45:34.574: [INFO][Sync] Credentials changed for: EdgeSyncScopeNew
2026-01-04 21:45:34.574: [INFO][SyncEngineBackend::DoUpdateCredentials] Update credentials
2026-01-04 21:45:34.574: [INFO][SyncSchedulerImpl::DoConfigurationSyncCycleJob] Blocked types:  and types to download: Encryption Keys
2026-01-04 21:45:34.926: [INFO][SyncEngineBackend::DoUpdateKeyDataCredentials] Update key data credentials
2026-01-04 21:45:34.948: [INFO][Sync] Started DataTypeManager configuration, reason: 4
2026-01-04 21:45:34.948: [INFO][Sync] Configuring for: Bookmarks, Preferences, Passwords, Autofill Profiles, Autofill, Extensions, Sessions, Extension settings, History Delete Directives, Device Info, User Consents, Send Tab To Self, Web Apps, History, Saved Tab Group, WebAuthn Credentials, Collection, Edge E Drop, Edge Hub App Usage, Edge Wallet, Encryption Keys, reason: 4, current state: 0
2026-01-04 21:45:34.948: [WARN][Sync] Crypto error data types: Passwords, Autofill Profiles, Autofill
2026-01-04 21:45:34.953: [INFO][Sync] Configure, desired: Bookmarks, Preferences, Extensions, Sessions, Extension settings, History Delete Directives, Device Info, User Consents, Send Tab To Self, Web Apps, History, Saved Tab Group, WebAuthn Credentials, Collection, Edge E Drop, Edge Hub App Usage, Edge Wallet, Encryption Keys; Allow fail: Passwords, Autofill Profiles, Autofill
2026-01-04 21:45:34.954: [INFO][Sync] Loading: Bookmarks
2026-01-04 21:45:34.954: [INFO][Sync] Loading: Preferences
2026-01-04 21:45:34.954: [INFO][Sync] Loading: Extensions
2026-01-04 21:45:34.954: [INFO][Sync] Loading: Sessions
2026-01-04 21:45:34.954: [INFO][Sync] Loading: Extension settings
2026-01-04 21:45:34.954: [INFO][Sync] Loading: History Delete Directives
2026-01-04 21:45:34.954: [INFO][Sync] Loading: Device Info
2026-01-04 21:45:34.954: [INFO][Sync] Loading: User Consents
2026-01-04 21:45:34.954: [INFO][Sync] Loading: Send Tab To Self
2026-01-04 21:45:34.954: [INFO][Sync] Loading: Web Apps
2026-01-04 21:45:34.954: [INFO][Sync] Loading: History
2026-01-04 21:45:34.954: [INFO][Sync] Loading: Saved Tab Group
2026-01-04 21:45:34.954: [INFO][Sync] Loading: WebAuthn Credentials
2026-01-04 21:45:34.954: [INFO][Sync] Loading: Collection
2026-01-04 21:45:34.954: [INFO][Sync] Loading: Edge E Drop
2026-01-04 21:45:34.954: [INFO][Sync] Loading: Edge Hub App Usage
2026-01-04 21:45:34.954: [INFO][Sync] Loading: Edge Wallet
2026-01-04 21:45:34.965: [INFO][Sync] All data types are ready for configure.
2026-01-04 21:45:35.232: [INFO][Sync] Started DataTypeManager configuration, reason: 5
2026-01-04 21:45:35.233: [INFO][Sync] Configuring for: Bookmarks, Preferences, Passwords, Autofill Profiles, Autofill, Extensions, Sessions, Extension settings, History Delete Directives, Device Info, User Consents, Send Tab To Self, Web Apps, History, Saved Tab Group, WebAuthn Credentials, Collection, Edge E Drop, Edge Hub App Usage, Edge Wallet, Encryption Keys, reason: 5, current state: 1
2026-01-04 21:45:35.250: [INFO][SyncEngineBackend::DoStartConfiguration] Start configuration
2026-01-04 21:45:35.250: [INFO][SyncManagerImpl::ConfigureSyncer] Types to download:  with reason: 4
2026-01-04 21:45:35.250: [INFO][SyncEngineBackend::DoFinishConfigureDataTypes] Failed to download types:  and succeeded types: 
2026-01-04 21:45:35.250: [INFO][Sync] ConfigurationDone, failed: , succeeded: , remaining count: 4
2026-01-04 21:45:35.250: [WARN][Sync]     Reconfigure requested while configuration ongoing.
2026-01-04 21:45:35.250: [INFO][Sync] Configuring for: Bookmarks, Preferences, Passwords, Autofill Profiles, Autofill, Extensions, Sessions, Extension settings, History Delete Directives, Device Info, User Consents, Send Tab To Self, Web Apps, History, Saved Tab Group, WebAuthn Credentials, Collection, Edge E Drop, Edge Hub App Usage, Edge Wallet, Encryption Keys, reason: 5, current state: 2
2026-01-04 21:45:35.250: [INFO][Sync] Configure, desired: Bookmarks, Preferences, Passwords, Autofill Profiles, Autofill, Extensions, Sessions, Extension settings, History Delete Directives, Device Info, User Consents, Send Tab To Self, Web Apps, History, Saved Tab Group, WebAuthn Credentials, Collection, Edge E Drop, Edge Hub App Usage, Edge Wallet, Encryption Keys; Allow fail: 
2026-01-04 21:45:35.250: [INFO][Sync] Loading: Passwords
2026-01-04 21:45:35.250: [INFO][Sync] Loading: Autofill Profiles
2026-01-04 21:45:35.250: [INFO][Sync] Loading: Autofill
2026-01-04 21:45:35.250: [INFO][Sync] All data types are ready for configure.
2026-01-04 21:45:35.251: [INFO][SyncManagerImpl::NudgeForInitialDownload] Initial download nudge for Passwords
2026-01-04 21:45:35.251: [INFO][SyncManagerImpl::ConfigureSyncer] Types to download:  with reason: 5
2026-01-04 21:45:35.251: [INFO][SyncEngineBackend::DoFinishConfigureDataTypes] Failed to download types:  and succeeded types: 
2026-01-04 21:45:35.251: [INFO][Sync] ConfigurationDone, failed: , succeeded: , remaining count: 4
2026-01-04 21:45:35.251: [INFO][Sync] Prepare to configure types: Passwords, Encryption Keys
2026-01-04 21:45:35.251: [INFO][SyncManagerImpl::ConfigureSyncer] Types to download: Passwords, Encryption Keys with reason: 5
2026-01-04 21:45:35.251: [INFO][SyncSchedulerImpl::DoConfigurationSyncCycleJob] Blocked types:  and types to download: Passwords, Encryption Keys
2026-01-04 21:45:35.437: [INFO][SyncEngineBackend::DoFinishConfigureDataTypes] Failed to download types:  and succeeded types: Passwords, Encryption Keys
2026-01-04 21:45:35.443: [INFO][Sync] ConfigurationDone, failed: , succeeded: Passwords, Encryption Keys, remaining count: 3
2026-01-04 21:45:35.443: [INFO][SyncManagerImpl::ConfigureSyncer] Types to download:  with reason: 5
2026-01-04 21:45:35.443: [INFO][SyncEngineBackend::DoFinishConfigureDataTypes] Failed to download types:  and succeeded types: 
2026-01-04 21:45:35.443: [INFO][Sync] ConfigurationDone, failed: , succeeded: , remaining count: 2
2026-01-04 21:45:35.443: [INFO][SyncManagerImpl::ConfigureSyncer] Types to download:  with reason: 5
2026-01-04 21:45:35.443: [INFO][SyncEngineBackend::DoFinishConfigureDataTypes] Failed to download types:  and succeeded types: 
2026-01-04 21:45:35.444: [INFO][Sync] ConfigurationDone, failed: , succeeded: , remaining count: 1
2026-01-04 21:45:35.449: [INFO][SyncManagerImpl::ConfigureSyncer] Types to download:  with reason: 5
2026-01-04 21:45:35.450: [INFO][SyncEngineBackend::DoFinishConfigureDataTypes] Failed to download types:  and succeeded types: 
2026-01-04 21:45:35.450: [INFO][Sync] ConfigurationDone, failed: , succeeded: , remaining count: 0
2026-01-04 21:45:35.456: [INFO][Sync]     Configuration completed, state: 7
2026-01-04 21:45:35.456: [INFO][Sync] Configured DataTypeManager: Ok
2026-01-04 21:45:35.462: [INFO][SyncEngineBackend::DoStartSyncing] Start syncing
2026-01-04 21:45:50.806: [INFO][Sync] Reset engine, reason: 0
2026-01-04 21:45:50.806: [INFO][Sync] Reset engine with reason: 0
2026-01-04 21:49:38.350: [INFO][Sync] SyncState after authenticated was: FeatureCanStart
2026-01-04 21:49:39.921: [INFO][SyncAuthManager::SetLastAuthError] Current auth error: None
2026-01-04 21:49:39.921: [INFO][SyncAuthManager::EdgeLogTokenErrorState] Token error with: None for account type: MSA
2026-01-04 21:49:39.921: [INFO][Sync] Credentials changed for: EdgeSyncKeyDataScope
2026-01-04 21:49:48.535: [INFO][Sync] Try to start sync engine
2026-01-04 21:49:48.536: [INFO][SyncManagerImpl::NudgeForInitialDownload] Initial download nudge for Encryption Keys
2026-01-04 21:49:48.536: [INFO][SyncEngineBackend::LoadAndConnectNigoriController] Load and connect Nigori controller
2026-01-04 21:49:48.536: [INFO][SyncEngineBackend::DoInitialize] Control Types added: Encryption Keys
2026-01-04 21:49:48.536: [INFO][SyncManagerImpl::ConfigureSyncer] Types to download: Encryption Keys with reason: 3
2026-01-04 21:49:48.536: [INFO][SyncEngineBackend::DoUpdateKeyDataCredentials] Update key data credentials
2026-01-04 21:49:48.536: [INFO][SyncSchedulerImpl::DoConfigurationSyncCycleJob] Configure job was blocked
2026-01-04 21:49:48.589: [INFO][SyncAuthManager::SetLastAuthError] Current auth error: None
2026-01-04 21:49:48.589: [INFO][SyncAuthManager::EdgeLogTokenErrorState] Token error with: None for account type: MSA
2026-01-04 21:49:48.589: [INFO][Sync] Credentials changed for: EdgeSyncScopeNew
2026-01-04 21:49:48.589: [INFO][SyncEngineBackend::DoUpdateCredentials] Update credentials
2026-01-04 21:49:48.589: [INFO][SyncSchedulerImpl::DoConfigurationSyncCycleJob] Blocked types:  and types to download: Encryption Keys
2026-01-04 21:49:48.767: [INFO][SyncEngineBackend::DoUpdateKeyDataCredentials] Update key data credentials
2026-01-04 21:49:48.791: [INFO][Sync] Started DataTypeManager configuration, reason: 4
2026-01-04 21:49:48.791: [INFO][Sync] Configuring for: Bookmarks, Preferences, Passwords, Autofill Profiles, Autofill, Extensions, Sessions, Extension settings, History Delete Directives, Device Info, User Consents, Send Tab To Self, Web Apps, History, Saved Tab Group, WebAuthn Credentials, Collection, Edge E Drop, Edge Hub App Usage, Edge Wallet, Encryption Keys, reason: 4, current state: 0
2026-01-04 21:49:48.791: [WARN][Sync] Crypto error data types: Passwords, Autofill Profiles, Autofill
2026-01-04 21:49:48.797: [INFO][Sync] Configure, desired: Bookmarks, Preferences, Extensions, Sessions, Extension settings, History Delete Directives, Device Info, User Consents, Send Tab To Self, Web Apps, History, Saved Tab Group, WebAuthn Credentials, Collection, Edge E Drop, Edge Hub App Usage, Edge Wallet, Encryption Keys; Allow fail: Passwords, Autofill Profiles, Autofill
2026-01-04 21:49:48.797: [INFO][Sync] Loading: Bookmarks
2026-01-04 21:49:48.797: [INFO][Sync] Loading: Preferences
2026-01-04 21:49:48.797: [INFO][Sync] Loading: Extensions
2026-01-04 21:49:48.797: [INFO][Sync] Loading: Sessions
2026-01-04 21:49:48.797: [INFO][Sync] Loading: Extension settings
2026-01-04 21:49:48.797: [INFO][Sync] Loading: History Delete Directives
2026-01-04 21:49:48.797: [INFO][Sync] Loading: Device Info
2026-01-04 21:49:48.797: [INFO][Sync] Loading: User Consents
2026-01-04 21:49:48.797: [INFO][Sync] Loading: Send Tab To Self
2026-01-04 21:49:48.797: [INFO][Sync] Loading: Web Apps
2026-01-04 21:49:48.797: [INFO][Sync] Loading: History
2026-01-04 21:49:48.797: [INFO][Sync] Loading: Saved Tab Group
2026-01-04 21:49:48.797: [INFO][Sync] Loading: WebAuthn Credentials
2026-01-04 21:49:48.797: [INFO][Sync] Loading: Collection
2026-01-04 21:49:48.797: [INFO][Sync] Loading: Edge E Drop
2026-01-04 21:49:48.797: [INFO][Sync] Loading: Edge Hub App Usage
2026-01-04 21:49:48.797: [INFO][Sync] Loading: Edge Wallet
2026-01-04 21:49:48.810: [INFO][Sync] All data types are ready for configure.
2026-01-04 21:49:49.079: [INFO][Sync] Started DataTypeManager configuration, reason: 5
2026-01-04 21:49:49.080: [INFO][Sync] Configuring for: Bookmarks, Preferences, Passwords, Autofill Profiles, Autofill, Extensions, Sessions, Extension settings, History Delete Directives, Device Info, User Consents, Send Tab To Self, Web Apps, History, Saved Tab Group, WebAuthn Credentials, Collection, Edge E Drop, Edge Hub App Usage, Edge Wallet, Encryption Keys, reason: 5, current state: 1
2026-01-04 21:49:49.097: [INFO][SyncEngineBackend::DoStartConfiguration] Start configuration
2026-01-04 21:49:49.098: [INFO][SyncManagerImpl::ConfigureSyncer] Types to download:  with reason: 4
2026-01-04 21:49:49.098: [INFO][SyncEngineBackend::DoFinishConfigureDataTypes] Failed to download types:  and succeeded types: 
2026-01-04 21:49:49.098: [INFO][Sync] ConfigurationDone, failed: , succeeded: , remaining count: 4
2026-01-04 21:49:49.098: [WARN][Sync]     Reconfigure requested while configuration ongoing.
2026-01-04 21:49:49.098: [INFO][Sync] Configuring for: Bookmarks, Preferences, Passwords, Autofill Profiles, Autofill, Extensions, Sessions, Extension settings, History Delete Directives, Device Info, User Consents, Send Tab To Self, Web Apps, History, Saved Tab Group, WebAuthn Credentials, Collection, Edge E Drop, Edge Hub App Usage, Edge Wallet, Encryption Keys, reason: 5, current state: 2
2026-01-04 21:49:49.098: [INFO][Sync] Configure, desired: Bookmarks, Preferences, Passwords, Autofill Profiles, Autofill, Extensions, Sessions, Extension settings, History Delete Directives, Device Info, User Consents, Send Tab To Self, Web Apps, History, Saved Tab Group, WebAuthn Credentials, Collection, Edge E Drop, Edge Hub App Usage, Edge Wallet, Encryption Keys; Allow fail: 
2026-01-04 21:49:49.098: [INFO][Sync] Loading: Passwords
2026-01-04 21:49:49.098: [INFO][Sync] Loading: Autofill Profiles
2026-01-04 21:49:49.098: [INFO][Sync] Loading: Autofill
2026-01-04 21:49:49.098: [INFO][Sync] All data types are ready for configure.
2026-01-04 21:49:49.098: [INFO][SyncManagerImpl::NudgeForInitialDownload] Initial download nudge for Passwords
2026-01-04 21:49:49.098: [INFO][SyncManagerImpl::ConfigureSyncer] Types to download:  with reason: 5
2026-01-04 21:49:49.098: [INFO][SyncEngineBackend::DoFinishConfigureDataTypes] Failed to download types:  and succeeded types: 
2026-01-04 21:49:49.098: [INFO][Sync] ConfigurationDone, failed: , succeeded: , remaining count: 4
2026-01-04 21:49:49.098: [INFO][Sync] Prepare to configure types: Passwords, Encryption Keys
2026-01-04 21:49:49.098: [INFO][SyncManagerImpl::ConfigureSyncer] Types to download: Passwords, Encryption Keys with reason: 5
2026-01-04 21:49:49.098: [INFO][SyncSchedulerImpl::DoConfigurationSyncCycleJob] Blocked types:  and types to download: Passwords, Encryption Keys
2026-01-04 21:49:49.257: [INFO][SyncEngineBackend::DoFinishConfigureDataTypes] Failed to download types:  and succeeded types: Passwords, Encryption Keys
2026-01-04 21:49:49.261: [INFO][Sync] ConfigurationDone, failed: , succeeded: Passwords, Encryption Keys, remaining count: 3
2026-01-04 21:49:49.261: [INFO][SyncManagerImpl::ConfigureSyncer] Types to download:  with reason: 5
2026-01-04 21:49:49.261: [INFO][SyncEngineBackend::DoFinishConfigureDataTypes] Failed to download types:  and succeeded types: 
2026-01-04 21:49:49.267: [INFO][Sync] ConfigurationDone, failed: , succeeded: , remaining count: 2
2026-01-04 21:49:49.267: [INFO][SyncManagerImpl::ConfigureSyncer] Types to download:  with reason: 5
2026-01-04 21:49:49.267: [INFO][SyncEngineBackend::DoFinishConfigureDataTypes] Failed to download types:  and succeeded types: 
2026-01-04 21:49:49.267: [INFO][Sync] ConfigurationDone, failed: , succeeded: , remaining count: 1
2026-01-04 21:49:49.272: [INFO][SyncManagerImpl::ConfigureSyncer] Types to download:  with reason: 5
2026-01-04 21:49:49.272: [INFO][SyncEngineBackend::DoFinishConfigureDataTypes] Failed to download types:  and succeeded types: 
2026-01-04 21:49:49.272: [INFO][Sync] ConfigurationDone, failed: , succeeded: , remaining count: 0
2026-01-04 21:49:49.279: [INFO][Sync]     Configuration completed, state: 7
2026-01-04 21:49:49.279: [INFO][Sync] Configured DataTypeManager: Ok
2026-01-04 21:49:49.284: [INFO][SyncEngineBackend::DoStartSyncing] Start syncing
2026-01-04 22:09:04.589: [INFO][Sync] Reset engine, reason: 0
2026-01-04 22:09:04.589: [INFO][Sync] Reset engine with reason: 0
2026-01-04 22:10:13.914: [INFO][Sync] SyncState after authenticated was: FeatureCanStart
2026-01-04 22:10:15.372: [INFO][SyncAuthManager::SetLastAuthError] Current auth error: None
2026-01-04 22:10:15.372: [INFO][SyncAuthManager::EdgeLogTokenErrorState] Token error with: None for account type: MSA
2026-01-04 22:10:15.372: [INFO][Sync] Credentials changed for: EdgeSyncKeyDataScope
2026-01-04 22:10:24.083: [INFO][Sync] Try to start sync engine
2026-01-04 22:10:24.085: [INFO][SyncManagerImpl::NudgeForInitialDownload] Initial download nudge for Encryption Keys
2026-01-04 22:10:24.085: [INFO][SyncEngineBackend::LoadAndConnectNigoriController] Load and connect Nigori controller
2026-01-04 22:10:24.085: [INFO][SyncEngineBackend::DoInitialize] Control Types added: Encryption Keys
2026-01-04 22:10:24.085: [INFO][SyncManagerImpl::ConfigureSyncer] Types to download: Encryption Keys with reason: 3
2026-01-04 22:10:24.085: [INFO][SyncEngineBackend::DoUpdateKeyDataCredentials] Update key data credentials
2026-01-04 22:10:24.085: [INFO][SyncSchedulerImpl::DoConfigurationSyncCycleJob] Configure job was blocked
2026-01-04 22:10:24.155: [INFO][SyncAuthManager::SetLastAuthError] Current auth error: None
2026-01-04 22:10:24.155: [INFO][SyncAuthManager::EdgeLogTokenErrorState] Token error with: None for account type: MSA
2026-01-04 22:10:24.156: [INFO][Sync] Credentials changed for: EdgeSyncScopeNew
2026-01-04 22:10:24.156: [INFO][SyncEngineBackend::DoUpdateCredentials] Update credentials
2026-01-04 22:10:24.156: [INFO][SyncSchedulerImpl::DoConfigurationSyncCycleJob] Blocked types:  and types to download: Encryption Keys
2026-01-04 22:10:24.445: [INFO][SyncEngineBackend::DoUpdateKeyDataCredentials] Update key data credentials
2026-01-04 22:10:24.471: [INFO][Sync] Started DataTypeManager configuration, reason: 4
2026-01-04 22:10:24.472: [INFO][Sync] Configuring for: Bookmarks, Preferences, Passwords, Autofill Profiles, Autofill, Extensions, Sessions, Extension settings, History Delete Directives, Device Info, User Consents, Send Tab To Self, Web Apps, History, Saved Tab Group, WebAuthn Credentials, Collection, Edge E Drop, Edge Hub App Usage, Edge Wallet, Encryption Keys, reason: 4, current state: 0
2026-01-04 22:10:24.472: [WARN][Sync] Crypto error data types: Passwords, Autofill Profiles, Autofill
2026-01-04 22:10:24.476: [INFO][Sync] Configure, desired: Bookmarks, Preferences, Extensions, Sessions, Extension settings, History Delete Directives, Device Info, User Consents, Send Tab To Self, Web Apps, History, Saved Tab Group, WebAuthn Credentials, Collection, Edge E Drop, Edge Hub App Usage, Edge Wallet, Encryption Keys; Allow fail: Passwords, Autofill Profiles, Autofill
2026-01-04 22:10:24.476: [INFO][Sync] Loading: Bookmarks
2026-01-04 22:10:24.477: [INFO][Sync] Loading: Preferences
2026-01-04 22:10:24.477: [INFO][Sync] Loading: Extensions
2026-01-04 22:10:24.477: [INFO][Sync] Loading: Sessions
2026-01-04 22:10:24.477: [INFO][Sync] Loading: Extension settings
2026-01-04 22:10:24.477: [INFO][Sync] Loading: History Delete Directives
2026-01-04 22:10:24.477: [INFO][Sync] Loading: Device Info
2026-01-04 22:10:24.477: [INFO][Sync] Loading: User Consents
2026-01-04 22:10:24.477: [INFO][Sync] Loading: Send Tab To Self
2026-01-04 22:10:24.477: [INFO][Sync] Loading: Web Apps
2026-01-04 22:10:24.477: [INFO][Sync] Loading: History
2026-01-04 22:10:24.477: [INFO][Sync] Loading: Saved Tab Group
2026-01-04 22:10:24.477: [INFO][Sync] Loading: WebAuthn Credentials
2026-01-04 22:10:24.477: [INFO][Sync] Loading: Collection
2026-01-04 22:10:24.477: [INFO][Sync] Loading: Edge E Drop
2026-01-04 22:10:24.477: [INFO][Sync] Loading: Edge Hub App Usage
2026-01-04 22:10:24.477: [INFO][Sync] Loading: Edge Wallet
2026-01-04 22:10:24.489: [INFO][Sync] All data types are ready for configure.
2026-01-04 22:10:24.749: [INFO][Sync] Started DataTypeManager configuration, reason: 5
2026-01-04 22:10:24.750: [INFO][Sync] Configuring for: Bookmarks, Preferences, Passwords, Autofill Profiles, Autofill, Extensions, Sessions, Extension settings, History Delete Directives, Device Info, User Consents, Send Tab To Self, Web Apps, History, Saved Tab Group, WebAuthn Credentials, Collection, Edge E Drop, Edge Hub App Usage, Edge Wallet, Encryption Keys, reason: 5, current state: 1
2026-01-04 22:10:24.769: [INFO][SyncEngineBackend::DoStartConfiguration] Start configuration
2026-01-04 22:10:24.769: [INFO][SyncManagerImpl::ConfigureSyncer] Types to download:  with reason: 4
2026-01-04 22:10:24.769: [INFO][SyncEngineBackend::DoFinishConfigureDataTypes] Failed to download types:  and succeeded types: 
2026-01-04 22:10:24.772: [INFO][Sync] ConfigurationDone, failed: , succeeded: , remaining count: 4
2026-01-04 22:10:24.772: [WARN][Sync]     Reconfigure requested while configuration ongoing.
2026-01-04 22:10:24.772: [INFO][Sync] Configuring for: Bookmarks, Preferences, Passwords, Autofill Profiles, Autofill, Extensions, Sessions, Extension settings, History Delete Directives, Device Info, User Consents, Send Tab To Self, Web Apps, History, Saved Tab Group, WebAuthn Credentials, Collection, Edge E Drop, Edge Hub App Usage, Edge Wallet, Encryption Keys, reason: 5, current state: 2
2026-01-04 22:10:24.772: [INFO][Sync] Configure, desired: Bookmarks, Preferences, Passwords, Autofill Profiles, Autofill, Extensions, Sessions, Extension settings, History Delete Directives, Device Info, User Consents, Send Tab To Self, Web Apps, History, Saved Tab Group, WebAuthn Credentials, Collection, Edge E Drop, Edge Hub App Usage, Edge Wallet, Encryption Keys; Allow fail: 
2026-01-04 22:10:24.772: [INFO][Sync] Loading: Passwords
2026-01-04 22:10:24.772: [INFO][Sync] Loading: Autofill Profiles
2026-01-04 22:10:24.772: [INFO][Sync] Loading: Autofill
2026-01-04 22:10:24.773: [INFO][Sync] All data types are ready for configure.
2026-01-04 22:10:24.773: [INFO][SyncManagerImpl::NudgeForInitialDownload] Initial download nudge for Passwords
2026-01-04 22:10:24.773: [INFO][SyncManagerImpl::ConfigureSyncer] Types to download:  with reason: 5
2026-01-04 22:10:24.773: [INFO][SyncEngineBackend::DoFinishConfigureDataTypes] Failed to download types:  and succeeded types: 
2026-01-04 22:10:24.773: [INFO][Sync] ConfigurationDone, failed: , succeeded: , remaining count: 4
2026-01-04 22:10:24.773: [INFO][Sync] Prepare to configure types: Passwords, Encryption Keys
2026-01-04 22:10:24.773: [INFO][SyncManagerImpl::ConfigureSyncer] Types to download: Passwords, Encryption Keys with reason: 5
2026-01-04 22:10:24.773: [INFO][SyncSchedulerImpl::DoConfigurationSyncCycleJob] Blocked types:  and types to download: Passwords, Encryption Keys
2026-01-04 22:10:24.959: [INFO][SyncEngineBackend::DoFinishConfigureDataTypes] Failed to download types:  and succeeded types: Passwords, Encryption Keys
2026-01-04 22:10:24.964: [INFO][Sync] ConfigurationDone, failed: , succeeded: Passwords, Encryption Keys, remaining count: 3
2026-01-04 22:10:24.964: [INFO][SyncManagerImpl::ConfigureSyncer] Types to download:  with reason: 5
2026-01-04 22:10:24.964: [INFO][SyncEngineBackend::DoFinishConfigureDataTypes] Failed to download types:  and succeeded types: 
2026-01-04 22:10:24.964: [INFO][Sync] ConfigurationDone, failed: , succeeded: , remaining count: 2
2026-01-04 22:10:24.964: [INFO][SyncManagerImpl::ConfigureSyncer] Types to download:  with reason: 5
2026-01-04 22:10:24.964: [INFO][SyncEngineBackend::DoFinishConfigureDataTypes] Failed to download types:  and succeeded types: 
2026-01-04 22:10:24.964: [INFO][Sync] ConfigurationDone, failed: , succeeded: , remaining count: 1
2026-01-04 22:10:24.970: [INFO][SyncManagerImpl::ConfigureSyncer] Types to download:  with reason: 5
2026-01-04 22:10:24.970: [INFO][SyncEngineBackend::DoFinishConfigureDataTypes] Failed to download types:  and succeeded types: 
2026-01-04 22:10:24.976: [INFO][Sync] ConfigurationDone, failed: , succeeded: , remaining count: 0
2026-01-04 22:10:24.982: [INFO][Sync]     Configuration completed, state: 7
2026-01-04 22:10:24.982: [INFO][Sync] Configured DataTypeManager: Ok
2026-01-04 22:10:24.989: [INFO][SyncEngineBackend::DoStartSyncing] Start syncing
2026-01-04 22:13:30.192: [INFO][Sync] Reset engine, reason: 0
2026-01-04 22:13:30.192: [INFO][Sync] Reset engine with reason: 0
2026-01-04 22:36:24.650: [INFO][Sync] SyncState after authenticated was: FeatureCanStart
2026-01-04 22:36:26.035: [INFO][SyncAuthManager::SetLastAuthError] Current auth error: None
2026-01-04 22:36:26.035: [INFO][SyncAuthManager::EdgeLogTokenErrorState] Token error with: None for account type: MSA
2026-01-04 22:36:26.035: [INFO][Sync] Credentials changed for: EdgeSyncKeyDataScope
2026-01-04 22:36:34.793: [INFO][Sync] Try to start sync engine
2026-01-04 22:36:34.794: [INFO][SyncManagerImpl::NudgeForInitialDownload] Initial download nudge for Encryption Keys
2026-01-04 22:36:34.794: [INFO][SyncEngineBackend::LoadAndConnectNigoriController] Load and connect Nigori controller
2026-01-04 22:36:34.794: [INFO][SyncEngineBackend::DoInitialize] Control Types added: Encryption Keys
2026-01-04 22:36:34.794: [INFO][SyncManagerImpl::ConfigureSyncer] Types to download: Encryption Keys with reason: 3
2026-01-04 22:36:34.794: [INFO][SyncEngineBackend::DoUpdateKeyDataCredentials] Update key data credentials
2026-01-04 22:36:34.794: [INFO][SyncSchedulerImpl::DoConfigurationSyncCycleJob] Configure job was blocked
2026-01-04 22:36:34.836: [INFO][SyncAuthManager::SetLastAuthError] Current auth error: None
2026-01-04 22:36:34.836: [INFO][SyncAuthManager::EdgeLogTokenErrorState] Token error with: None for account type: MSA
2026-01-04 22:36:34.836: [INFO][Sync] Credentials changed for: EdgeSyncScopeNew
2026-01-04 22:36:34.836: [INFO][SyncEngineBackend::DoUpdateCredentials] Update credentials
2026-01-04 22:36:34.836: [INFO][SyncSchedulerImpl::DoConfigurationSyncCycleJob] Blocked types:  and types to download: Encryption Keys
2026-01-04 22:36:35.153: [INFO][SyncEngineBackend::DoUpdateKeyDataCredentials] Update key data credentials
2026-01-04 22:36:35.178: [INFO][Sync] Started DataTypeManager configuration, reason: 4
2026-01-04 22:36:35.178: [INFO][Sync] Configuring for: Bookmarks, Preferences, Passwords, Autofill Profiles, Autofill, Extensions, Sessions, Extension settings, History Delete Directives, Device Info, User Consents, Send Tab To Self, Web Apps, History, Saved Tab Group, WebAuthn Credentials, Collection, Edge E Drop, Edge Hub App Usage, Edge Wallet, Encryption Keys, reason: 4, current state: 0
2026-01-04 22:36:35.178: [WARN][Sync] Crypto error data types: Passwords, Autofill Profiles, Autofill
2026-01-04 22:36:35.183: [INFO][Sync] Configure, desired: Bookmarks, Preferences, Extensions, Sessions, Extension settings, History Delete Directives, Device Info, User Consents, Send Tab To Self, Web Apps, History, Saved Tab Group, WebAuthn Credentials, Collection, Edge E Drop, Edge Hub App Usage, Edge Wallet, Encryption Keys; Allow fail: Passwords, Autofill Profiles, Autofill
2026-01-04 22:36:35.183: [INFO][Sync] Loading: Bookmarks
2026-01-04 22:36:35.183: [INFO][Sync] Loading: Preferences
2026-01-04 22:36:35.183: [INFO][Sync] Loading: Extensions
2026-01-04 22:36:35.183: [INFO][Sync] Loading: Sessions
2026-01-04 22:36:35.183: [INFO][Sync] Loading: Extension settings
2026-01-04 22:36:35.183: [INFO][Sync] Loading: History Delete Directives
2026-01-04 22:36:35.183: [INFO][Sync] Loading: Device Info
2026-01-04 22:36:35.183: [INFO][Sync] Loading: User Consents
2026-01-04 22:36:35.183: [INFO][Sync] Loading: Send Tab To Self
2026-01-04 22:36:35.183: [INFO][Sync] Loading: Web Apps
2026-01-04 22:36:35.183: [INFO][Sync] Loading: History
2026-01-04 22:36:35.183: [INFO][Sync] Loading: Saved Tab Group
2026-01-04 22:36:35.183: [INFO][Sync] Loading: WebAuthn Credentials
2026-01-04 22:36:35.183: [INFO][Sync] Loading: Collection
2026-01-04 22:36:35.183: [INFO][Sync] Loading: Edge E Drop
2026-01-04 22:36:35.183: [INFO][Sync] Loading: Edge Hub App Usage
2026-01-04 22:36:35.183: [INFO][Sync] Loading: Edge Wallet
2026-01-04 22:36:35.196: [INFO][Sync] All data types are ready for configure.
2026-01-04 22:36:35.480: [INFO][Sync] Started DataTypeManager configuration, reason: 5
2026-01-04 22:36:35.480: [INFO][Sync] Configuring for: Bookmarks, Preferences, Passwords, Autofill Profiles, Autofill, Extensions, Sessions, Extension settings, History Delete Directives, Device Info, User Consents, Send Tab To Self, Web Apps, History, Saved Tab Group, WebAuthn Credentials, Collection, Edge E Drop, Edge Hub App Usage, Edge Wallet, Encryption Keys, reason: 5, current state: 1
2026-01-04 22:36:35.498: [INFO][SyncEngineBackend::DoStartConfiguration] Start configuration
2026-01-04 22:36:35.499: [INFO][SyncManagerImpl::ConfigureSyncer] Types to download:  with reason: 4
2026-01-04 22:36:35.499: [INFO][SyncEngineBackend::DoFinishConfigureDataTypes] Failed to download types:  and succeeded types: 
2026-01-04 22:36:35.499: [INFO][Sync] ConfigurationDone, failed: , succeeded: , remaining count: 4
2026-01-04 22:36:35.499: [WARN][Sync]     Reconfigure requested while configuration ongoing.
2026-01-04 22:36:35.499: [INFO][Sync] Configuring for: Bookmarks, Preferences, Passwords, Autofill Profiles, Autofill, Extensions, Sessions, Extension settings, History Delete Directives, Device Info, User Consents, Send Tab To Self, Web Apps, History, Saved Tab Group, WebAuthn Credentials, Collection, Edge E Drop, Edge Hub App Usage, Edge Wallet, Encryption Keys, reason: 5, current state: 2
2026-01-04 22:36:35.499: [INFO][Sync] Configure, desired: Bookmarks, Preferences, Passwords, Autofill Profiles, Autofill, Extensions, Sessions, Extension settings, History Delete Directives, Device Info, User Consents, Send Tab To Self, Web Apps, History, Saved Tab Group, WebAuthn Credentials, Collection, Edge E Drop, Edge Hub App Usage, Edge Wallet, Encryption Keys; Allow fail: 
2026-01-04 22:36:35.499: [INFO][Sync] Loading: Passwords
2026-01-04 22:36:35.499: [INFO][Sync] Loading: Autofill Profiles
2026-01-04 22:36:35.499: [INFO][Sync] Loading: Autofill
2026-01-04 22:36:35.499: [INFO][Sync] All data types are ready for configure.
2026-01-04 22:36:35.499: [INFO][SyncManagerImpl::NudgeForInitialDownload] Initial download nudge for Passwords
2026-01-04 22:36:35.499: [INFO][SyncManagerImpl::ConfigureSyncer] Types to download:  with reason: 5
2026-01-04 22:36:35.499: [INFO][SyncEngineBackend::DoFinishConfigureDataTypes] Failed to download types:  and succeeded types: 
2026-01-04 22:36:35.499: [INFO][Sync] ConfigurationDone, failed: , succeeded: , remaining count: 4
2026-01-04 22:36:35.499: [INFO][Sync] Prepare to configure types: Passwords, Encryption Keys
2026-01-04 22:36:35.499: [INFO][SyncManagerImpl::ConfigureSyncer] Types to download: Passwords, Encryption Keys with reason: 5
2026-01-04 22:36:35.499: [INFO][SyncSchedulerImpl::DoConfigurationSyncCycleJob] Blocked types:  and types to download: Passwords, Encryption Keys
2026-01-04 22:36:35.661: [INFO][SyncEngineBackend::DoFinishConfigureDataTypes] Failed to download types:  and succeeded types: Passwords, Encryption Keys
2026-01-04 22:36:35.666: [INFO][Sync] ConfigurationDone, failed: , succeeded: Passwords, Encryption Keys, remaining count: 3
2026-01-04 22:36:35.666: [INFO][SyncManagerImpl::ConfigureSyncer] Types to download:  with reason: 5
2026-01-04 22:36:35.666: [INFO][SyncEngineBackend::DoFinishConfigureDataTypes] Failed to download types:  and succeeded types: 
2026-01-04 22:36:35.666: [INFO][Sync] ConfigurationDone, failed: , succeeded: , remaining count: 2
2026-01-04 22:36:35.667: [INFO][SyncManagerImpl::ConfigureSyncer] Types to download:  with reason: 5
2026-01-04 22:36:35.667: [INFO][SyncEngineBackend::DoFinishConfigureDataTypes] Failed to download types:  and succeeded types: 
2026-01-04 22:36:35.672: [INFO][Sync] ConfigurationDone, failed: , succeeded: , remaining count: 1
2026-01-04 22:36:35.678: [INFO][SyncManagerImpl::ConfigureSyncer] Types to download:  with reason: 5
2026-01-04 22:36:35.678: [INFO][SyncEngineBackend::DoFinishConfigureDataTypes] Failed to download types:  and succeeded types: 
2026-01-04 22:36:35.678: [INFO][Sync] ConfigurationDone, failed: , succeeded: , remaining count: 0
2026-01-04 22:36:35.685: [INFO][Sync]     Configuration completed, state: 7
2026-01-04 22:36:35.685: [INFO][Sync] Configured DataTypeManager: Ok
2026-01-04 22:36:35.691: [INFO][SyncEngineBackend::DoStartSyncing] Start syncing
2026-01-04 22:41:45.817: [INFO][Sync] Reset engine, reason: 0
2026-01-04 22:41:45.817: [INFO][Sync] Reset engine with reason: 0
2026-01-04 22:42:26.427: [INFO][Sync] SyncState after authenticated was: FeatureCanStart
2026-01-04 22:42:27.992: [INFO][SyncAuthManager::SetLastAuthError] Current auth error: None
2026-01-04 22:42:27.992: [INFO][SyncAuthManager::EdgeLogTokenErrorState] Token error with: None for account type: MSA
2026-01-04 22:42:27.992: [INFO][Sync] Credentials changed for: EdgeSyncKeyDataScope
2026-01-04 22:42:36.587: [INFO][Sync] Try to start sync engine
2026-01-04 22:42:36.588: [INFO][SyncManagerImpl::NudgeForInitialDownload] Initial download nudge for Encryption Keys
2026-01-04 22:42:36.588: [INFO][SyncEngineBackend::LoadAndConnectNigoriController] Load and connect Nigori controller
2026-01-04 22:42:36.588: [INFO][SyncEngineBackend::DoInitialize] Control Types added: Encryption Keys
2026-01-04 22:42:36.588: [INFO][SyncManagerImpl::ConfigureSyncer] Types to download: Encryption Keys with reason: 3
2026-01-04 22:42:36.589: [INFO][SyncEngineBackend::DoUpdateKeyDataCredentials] Update key data credentials
2026-01-04 22:42:36.589: [INFO][SyncSchedulerImpl::DoConfigurationSyncCycleJob] Configure job was blocked
2026-01-04 22:42:36.635: [INFO][SyncAuthManager::SetLastAuthError] Current auth error: None
2026-01-04 22:42:36.635: [INFO][SyncAuthManager::EdgeLogTokenErrorState] Token error with: None for account type: MSA
2026-01-04 22:42:36.635: [INFO][Sync] Credentials changed for: EdgeSyncScopeNew
2026-01-04 22:42:36.635: [INFO][SyncEngineBackend::DoUpdateCredentials] Update credentials
2026-01-04 22:42:36.635: [INFO][SyncSchedulerImpl::DoConfigurationSyncCycleJob] Blocked types:  and types to download: Encryption Keys
2026-01-04 22:42:37.215: [INFO][SyncEngineBackend::DoUpdateKeyDataCredentials] Update key data credentials
2026-01-04 22:42:37.235: [INFO][Sync] Started DataTypeManager configuration, reason: 4
2026-01-04 22:42:37.235: [INFO][Sync] Configuring for: Bookmarks, Preferences, Passwords, Autofill Profiles, Autofill, Extensions, Sessions, Extension settings, History Delete Directives, Device Info, User Consents, Send Tab To Self, Web Apps, History, Saved Tab Group, WebAuthn Credentials, Collection, Edge E Drop, Edge Hub App Usage, Edge Wallet, Encryption Keys, reason: 4, current state: 0
2026-01-04 22:42:37.235: [WARN][Sync] Crypto error data types: Passwords, Autofill Profiles, Autofill
2026-01-04 22:42:37.240: [INFO][Sync] Configure, desired: Bookmarks, Preferences, Extensions, Sessions, Extension settings, History Delete Directives, Device Info, User Consents, Send Tab To Self, Web Apps, History, Saved Tab Group, WebAuthn Credentials, Collection, Edge E Drop, Edge Hub App Usage, Edge Wallet, Encryption Keys; Allow fail: Passwords, Autofill Profiles, Autofill
2026-01-04 22:42:37.240: [INFO][Sync] Loading: Bookmarks
2026-01-04 22:42:37.240: [INFO][Sync] Loading: Preferences
2026-01-04 22:42:37.240: [INFO][Sync] Loading: Extensions
2026-01-04 22:42:37.240: [INFO][Sync] Loading: Sessions
2026-01-04 22:42:37.240: [INFO][Sync] Loading: Extension settings
2026-01-04 22:42:37.240: [INFO][Sync] Loading: History Delete Directives
2026-01-04 22:42:37.240: [INFO][Sync] Loading: Device Info
2026-01-04 22:42:37.240: [INFO][Sync] Loading: User Consents
2026-01-04 22:42:37.240: [INFO][Sync] Loading: Send Tab To Self
2026-01-04 22:42:37.240: [INFO][Sync] Loading: Web Apps
2026-01-04 22:42:37.240: [INFO][Sync] Loading: History
2026-01-04 22:42:37.240: [INFO][Sync] Loading: Saved Tab Group
2026-01-04 22:42:37.240: [INFO][Sync] Loading: WebAuthn Credentials
2026-01-04 22:42:37.240: [INFO][Sync] Loading: Collection
2026-01-04 22:42:37.240: [INFO][Sync] Loading: Edge E Drop
2026-01-04 22:42:37.240: [INFO][Sync] Loading: Edge Hub App Usage
2026-01-04 22:42:37.240: [INFO][Sync] Loading: Edge Wallet
2026-01-04 22:42:37.250: [INFO][Sync] All data types are ready for configure.
2026-01-04 22:42:37.667: [INFO][Sync] Started DataTypeManager configuration, reason: 5
2026-01-04 22:42:37.667: [INFO][Sync] Configuring for: Bookmarks, Preferences, Passwords, Autofill Profiles, Autofill, Extensions, Sessions, Extension settings, History Delete Directives, Device Info, User Consents, Send Tab To Self, Web Apps, History, Saved Tab Group, WebAuthn Credentials, Collection, Edge E Drop, Edge Hub App Usage, Edge Wallet, Encryption Keys, reason: 5, current state: 1
2026-01-04 22:42:37.684: [INFO][SyncEngineBackend::DoStartConfiguration] Start configuration
2026-01-04 22:42:37.684: [INFO][SyncManagerImpl::ConfigureSyncer] Types to download:  with reason: 4
2026-01-04 22:42:37.684: [INFO][SyncEngineBackend::DoFinishConfigureDataTypes] Failed to download types:  and succeeded types: 
2026-01-04 22:42:37.684: [INFO][Sync] ConfigurationDone, failed: , succeeded: , remaining count: 4
2026-01-04 22:42:37.684: [WARN][Sync]     Reconfigure requested while configuration ongoing.
2026-01-04 22:42:37.684: [INFO][Sync] Configuring for: Bookmarks, Preferences, Passwords, Autofill Profiles, Autofill, Extensions, Sessions, Extension settings, History Delete Directives, Device Info, User Consents, Send Tab To Self, Web Apps, History, Saved Tab Group, WebAuthn Credentials, Collection, Edge E Drop, Edge Hub App Usage, Edge Wallet, Encryption Keys, reason: 5, current state: 2
2026-01-04 22:42:37.685: [INFO][Sync] Configure, desired: Bookmarks, Preferences, Passwords, Autofill Profiles, Autofill, Extensions, Sessions, Extension settings, History Delete Directives, Device Info, User Consents, Send Tab To Self, Web Apps, History, Saved Tab Group, WebAuthn Credentials, Collection, Edge E Drop, Edge Hub App Usage, Edge Wallet, Encryption Keys; Allow fail: 
2026-01-04 22:42:37.685: [INFO][Sync] Loading: Passwords
2026-01-04 22:42:37.685: [INFO][Sync] Loading: Autofill Profiles
2026-01-04 22:42:37.685: [INFO][Sync] Loading: Autofill
2026-01-04 22:42:37.685: [INFO][Sync] All data types are ready for configure.
2026-01-04 22:42:37.685: [INFO][SyncManagerImpl::NudgeForInitialDownload] Initial download nudge for Passwords
2026-01-04 22:42:37.685: [INFO][SyncManagerImpl::ConfigureSyncer] Types to download:  with reason: 5
2026-01-04 22:42:37.685: [INFO][SyncEngineBackend::DoFinishConfigureDataTypes] Failed to download types:  and succeeded types: 
2026-01-04 22:42:37.685: [INFO][Sync] ConfigurationDone, failed: , succeeded: , remaining count: 4
2026-01-04 22:42:37.685: [INFO][Sync] Prepare to configure types: Passwords, Encryption Keys
2026-01-04 22:42:37.685: [INFO][SyncManagerImpl::ConfigureSyncer] Types to download: Passwords, Encryption Keys with reason: 5
2026-01-04 22:42:37.685: [INFO][SyncSchedulerImpl::DoConfigurationSyncCycleJob] Blocked types:  and types to download: Passwords, Encryption Keys
2026-01-04 22:42:38.129: [INFO][SyncEngineBackend::DoFinishConfigureDataTypes] Failed to download types:  and succeeded types: Passwords, Encryption Keys
2026-01-04 22:42:38.134: [INFO][Sync] ConfigurationDone, failed: , succeeded: Passwords, Encryption Keys, remaining count: 3
2026-01-04 22:42:38.134: [INFO][SyncManagerImpl::ConfigureSyncer] Types to download:  with reason: 5
2026-01-04 22:42:38.134: [INFO][SyncEngineBackend::DoFinishConfigureDataTypes] Failed to download types:  and succeeded types: 
2026-01-04 22:42:38.134: [INFO][Sync] ConfigurationDone, failed: , succeeded: , remaining count: 2
2026-01-04 22:42:38.134: [INFO][SyncManagerImpl::ConfigureSyncer] Types to download:  with reason: 5
2026-01-04 22:42:38.134: [INFO][SyncEngineBackend::DoFinishConfigureDataTypes] Failed to download types:  and succeeded types: 
2026-01-04 22:42:38.134: [INFO][Sync] ConfigurationDone, failed: , succeeded: , remaining count: 1
2026-01-04 22:42:38.141: [INFO][SyncManagerImpl::ConfigureSyncer] Types to download:  with reason: 5
2026-01-04 22:42:38.141: [INFO][SyncEngineBackend::DoFinishConfigureDataTypes] Failed to download types:  and succeeded types: 
2026-01-04 22:42:38.148: [INFO][Sync] ConfigurationDone, failed: , succeeded: , remaining count: 0
2026-01-04 22:42:38.154: [INFO][Sync]     Configuration completed, state: 7
2026-01-04 22:42:38.154: [INFO][Sync] Configured DataTypeManager: Ok
2026-01-04 22:42:38.161: [INFO][SyncEngineBackend::DoStartSyncing] Start syncing
2026-01-04 22:48:36.074: [INFO][Sync] Reset engine, reason: 0
2026-01-04 22:48:36.074: [INFO][Sync] Reset engine with reason: 0
2026-01-04 22:49:12.901: [INFO][Sync] SyncState after authenticated was: FeatureCanStart
2026-01-04 22:49:14.291: [INFO][SyncAuthManager::SetLastAuthError] Current auth error: None
2026-01-04 22:49:14.291: [INFO][SyncAuthManager::EdgeLogTokenErrorState] Token error with: None for account type: MSA
2026-01-04 22:49:14.291: [INFO][Sync] Credentials changed for: EdgeSyncKeyDataScope
2026-01-04 22:49:23.079: [INFO][Sync] Try to start sync engine
2026-01-04 22:49:23.080: [INFO][SyncManagerImpl::NudgeForInitialDownload] Initial download nudge for Encryption Keys
2026-01-04 22:49:23.080: [INFO][SyncEngineBackend::LoadAndConnectNigoriController] Load and connect Nigori controller
2026-01-04 22:49:23.080: [INFO][SyncEngineBackend::DoInitialize] Control Types added: Encryption Keys
2026-01-04 22:49:23.080: [INFO][SyncManagerImpl::ConfigureSyncer] Types to download: Encryption Keys with reason: 3
2026-01-04 22:49:23.080: [INFO][SyncEngineBackend::DoUpdateKeyDataCredentials] Update key data credentials
2026-01-04 22:49:23.081: [INFO][SyncSchedulerImpl::DoConfigurationSyncCycleJob] Configure job was blocked
2026-01-04 22:49:23.121: [INFO][SyncAuthManager::SetLastAuthError] Current auth error: None
2026-01-04 22:49:23.121: [INFO][SyncAuthManager::EdgeLogTokenErrorState] Token error with: None for account type: MSA
2026-01-04 22:49:23.121: [INFO][Sync] Credentials changed for: EdgeSyncScopeNew
2026-01-04 22:49:23.121: [INFO][SyncEngineBackend::DoUpdateCredentials] Update credentials
2026-01-04 22:49:23.121: [INFO][SyncSchedulerImpl::DoConfigurationSyncCycleJob] Blocked types:  and types to download: Encryption Keys
2026-01-04 22:49:23.409: [INFO][SyncEngineBackend::DoUpdateKeyDataCredentials] Update key data credentials
2026-01-04 22:49:23.441: [INFO][Sync] Started DataTypeManager configuration, reason: 4
2026-01-04 22:49:23.441: [INFO][Sync] Configuring for: Bookmarks, Preferences, Passwords, Autofill Profiles, Autofill, Extensions, Sessions, Extension settings, History Delete Directives, Device Info, User Consents, Send Tab To Self, Web Apps, History, Saved Tab Group, WebAuthn Credentials, Collection, Edge E Drop, Edge Hub App Usage, Edge Wallet, Encryption Keys, reason: 4, current state: 0
2026-01-04 22:49:23.441: [WARN][Sync] Crypto error data types: Passwords, Autofill Profiles, Autofill
2026-01-04 22:49:23.447: [INFO][Sync] Configure, desired: Bookmarks, Preferences, Extensions, Sessions, Extension settings, History Delete Directives, Device Info, User Consents, Send Tab To Self, Web Apps, History, Saved Tab Group, WebAuthn Credentials, Collection, Edge E Drop, Edge Hub App Usage, Edge Wallet, Encryption Keys; Allow fail: Passwords, Autofill Profiles, Autofill
2026-01-04 22:49:23.447: [INFO][Sync] Loading: Bookmarks
2026-01-04 22:49:23.447: [INFO][Sync] Loading: Preferences
2026-01-04 22:49:23.447: [INFO][Sync] Loading: Extensions
2026-01-04 22:49:23.447: [INFO][Sync] Loading: Sessions
2026-01-04 22:49:23.447: [INFO][Sync] Loading: Extension settings
2026-01-04 22:49:23.447: [INFO][Sync] Loading: History Delete Directives
2026-01-04 22:49:23.447: [INFO][Sync] Loading: Device Info
2026-01-04 22:49:23.447: [INFO][Sync] Loading: User Consents
2026-01-04 22:49:23.447: [INFO][Sync] Loading: Send Tab To Self
2026-01-04 22:49:23.447: [INFO][Sync] Loading: Web Apps
2026-01-04 22:49:23.447: [INFO][Sync] Loading: History
2026-01-04 22:49:23.447: [INFO][Sync] Loading: Saved Tab Group
2026-01-04 22:49:23.447: [INFO][Sync] Loading: WebAuthn Credentials
2026-01-04 22:49:23.447: [INFO][Sync] Loading: Collection
2026-01-04 22:49:23.447: [INFO][Sync] Loading: Edge E Drop
2026-01-04 22:49:23.447: [INFO][Sync] Loading: Edge Hub App Usage
2026-01-04 22:49:23.447: [INFO][Sync] Loading: Edge Wallet
2026-01-04 22:49:23.457: [INFO][Sync] All data types are ready for configure.
2026-01-04 22:49:23.813: [INFO][Sync] Started DataTypeManager configuration, reason: 5
2026-01-04 22:49:23.813: [INFO][Sync] Configuring for: Bookmarks, Preferences, Passwords, Autofill Profiles, Autofill, Extensions, Sessions, Extension settings, History Delete Directives, Device Info, User Consents, Send Tab To Self, Web Apps, History, Saved Tab Group, WebAuthn Credentials, Collection, Edge E Drop, Edge Hub App Usage, Edge Wallet, Encryption Keys, reason: 5, current state: 1
2026-01-04 22:49:23.831: [INFO][SyncEngineBackend::DoStartConfiguration] Start configuration
2026-01-04 22:49:23.832: [INFO][SyncManagerImpl::ConfigureSyncer] Types to download:  with reason: 4
2026-01-04 22:49:23.832: [INFO][SyncEngineBackend::DoFinishConfigureDataTypes] Failed to download types:  and succeeded types: 
2026-01-04 22:49:23.832: [INFO][Sync] ConfigurationDone, failed: , succeeded: , remaining count: 4
2026-01-04 22:49:23.832: [WARN][Sync]     Reconfigure requested while configuration ongoing.
2026-01-04 22:49:23.832: [INFO][Sync] Configuring for: Bookmarks, Preferences, Passwords, Autofill Profiles, Autofill, Extensions, Sessions, Extension settings, History Delete Directives, Device Info, User Consents, Send Tab To Self, Web Apps, History, Saved Tab Group, WebAuthn Credentials, Collection, Edge E Drop, Edge Hub App Usage, Edge Wallet, Encryption Keys, reason: 5, current state: 2
2026-01-04 22:49:23.832: [INFO][Sync] Configure, desired: Bookmarks, Preferences, Passwords, Autofill Profiles, Autofill, Extensions, Sessions, Extension settings, History Delete Directives, Device Info, User Consents, Send Tab To Self, Web Apps, History, Saved Tab Group, WebAuthn Credentials, Collection, Edge E Drop, Edge Hub App Usage, Edge Wallet, Encryption Keys; Allow fail: 
2026-01-04 22:49:23.832: [INFO][Sync] Loading: Passwords
2026-01-04 22:49:23.832: [INFO][Sync] Loading: Autofill Profiles
2026-01-04 22:49:23.832: [INFO][Sync] Loading: Autofill
2026-01-04 22:49:23.832: [INFO][Sync] All data types are ready for configure.
2026-01-04 22:49:23.832: [INFO][SyncManagerImpl::NudgeForInitialDownload] Initial download nudge for Passwords
2026-01-04 22:49:23.832: [INFO][SyncManagerImpl::ConfigureSyncer] Types to download:  with reason: 5
2026-01-04 22:49:23.832: [INFO][SyncEngineBackend::DoFinishConfigureDataTypes] Failed to download types:  and succeeded types: 
2026-01-04 22:49:23.832: [INFO][Sync] ConfigurationDone, failed: , succeeded: , remaining count: 4
2026-01-04 22:49:23.832: [INFO][Sync] Prepare to configure types: Passwords, Encryption Keys
2026-01-04 22:49:23.832: [INFO][SyncManagerImpl::ConfigureSyncer] Types to download: Passwords, Encryption Keys with reason: 5
2026-01-04 22:49:23.832: [INFO][SyncSchedulerImpl::DoConfigurationSyncCycleJob] Blocked types:  and types to download: Passwords, Encryption Keys
2026-01-04 22:49:24.017: [INFO][SyncEngineBackend::DoFinishConfigureDataTypes] Failed to download types:  and succeeded types: Passwords, Encryption Keys
2026-01-04 22:49:24.023: [INFO][Sync] ConfigurationDone, failed: , succeeded: Passwords, Encryption Keys, remaining count: 3
2026-01-04 22:49:24.023: [INFO][SyncManagerImpl::ConfigureSyncer] Types to download:  with reason: 5
2026-01-04 22:49:24.023: [INFO][SyncEngineBackend::DoFinishConfigureDataTypes] Failed to download types:  and succeeded types: 
2026-01-04 22:49:24.030: [INFO][Sync] ConfigurationDone, failed: , succeeded: , remaining count: 2
2026-01-04 22:49:24.030: [INFO][SyncManagerImpl::ConfigureSyncer] Types to download:  with reason: 5
2026-01-04 22:49:24.030: [INFO][SyncEngineBackend::DoFinishConfigureDataTypes] Failed to download types:  and succeeded types: 
2026-01-04 22:49:24.030: [INFO][Sync] ConfigurationDone, failed: , succeeded: , remaining count: 1
2026-01-04 22:49:24.035: [INFO][SyncManagerImpl::ConfigureSyncer] Types to download:  with reason: 5
2026-01-04 22:49:24.035: [INFO][SyncEngineBackend::DoFinishConfigureDataTypes] Failed to download types:  and succeeded types: 
2026-01-04 22:49:24.035: [INFO][Sync] ConfigurationDone, failed: , succeeded: , remaining count: 0
2026-01-04 22:49:24.041: [INFO][Sync]     Configuration completed, state: 7
2026-01-04 22:49:24.041: [INFO][Sync] Configured DataTypeManager: Ok
2026-01-04 22:49:24.048: [INFO][SyncEngineBackend::DoStartSyncing] Start syncing
2026-01-04 23:07:37.455: [INFO][Commit::PostAndProcessResponse] Process Passwords: Protocol error (CONFLICT)
2026-01-04 23:07:37.456: [INFO][SyncSchedulerImpl::DoNudgeSyncCycleJob] Syncer error: Protocol error (CONFLICT)
2026-01-04 23:08:43.976: [INFO][Sync] Reset engine, reason: 0
2026-01-04 23:08:43.976: [INFO][Sync] Reset engine with reason: 0
